<?xml version="1.0" encoding="utf-8"?><testsuites name="pytest tests"><testsuite name="pytest" errors="0" failures="0" skipped="0" tests="9" time="1.123" timestamp="2026-03-15T22:07:10.745590+00:00" hostname="agent-env-e29b0808-ff2e-4cc8-9eb8-5c99a89c29cb"><testcase classname="tests.test_hr_attendance_phase2.TestAttendanceToday" name="test_get_today_attendance_success" time="0.498" /><testcase classname="tests.test_hr_attendance_phase2.TestShifts" name="test_get_shifts_success" time="0.054" /><testcase classname="tests.test_hr_attendance_phase2.TestCheckInCheckOut" name="test_checkin_invalid_employee" time="0.058" /><testcase classname="tests.test_hr_attendance_phase2.TestCheckInCheckOut" name="test_checkout_without_checkin" time="0.122" /><testcase classname="tests.test_hr_attendance_phase2.TestAttendanceReport" name="test_get_report_success" time="0.056" /><testcase classname="tests.test_hr_attendance_phase2.TestAttendanceReport" name="test_get_report_missing_params" time="0.055" /><testcase classname="tests.test_hr_attendance_phase2.TestEmployeeAttendance" name="test_get_employee_attendance_success" time="0.115" /><testcase classname="tests.test_hr_attendance_phase2.TestEmployeeAttendance" name="test_get_employee_attendance_not_found" time="0.055" /><testcase classname="tests.test_hr_attendance_phase2.TestDataIntegrity" name="test_attendance_record_has_employee_data" time="0.055" /></testsuite></testsuites>