<?xml version="1.0" encoding="utf-8"?><testsuites name="pytest tests"><testsuite name="pytest" errors="0" failures="0" skipped="0" tests="10" time="3.786" timestamp="2026-03-18T22:55:34.753762+00:00" hostname="agent-env-e29b0808-ff2e-4cc8-9eb8-5c99a89c29cb"><testcase classname="backend.tests.test_hr_payroll_phase3.TestHRPayrollPhase3" name="test_01_attendance_period_status_format_valid" time="0.824" /><testcase classname="backend.tests.test_hr_payroll_phase3.TestHRPayrollPhase3" name="test_01b_attendance_period_status_invalid_format" time="0.201" /><testcase classname="backend.tests.test_hr_payroll_phase3.TestHRPayrollPhase3" name="test_02_attendance_period_lock" time="0.288" /><testcase classname="backend.tests.test_hr_payroll_phase3.TestHRPayrollPhase3" name="test_03_attendance_period_unlock" time="0.380" /><testcase classname="backend.tests.test_hr_payroll_phase3.TestHRPayrollPhase3" name="test_04_payroll_post_without_locked_attendance_rejected" time="0.343" /><testcase classname="backend.tests.test_hr_payroll_phase3.TestHRPayrollPhase3" name="test_04b_payroll_post_with_locked_attendance_allowed" time="0.362" /><testcase classname="backend.tests.test_hr_payroll_phase3.TestHRPayrollPhase3" name="test_05_kpi_bonus_in_payroll_calculation" time="0.186" /><testcase classname="backend.tests.test_hr_payroll_phase3.TestHRPayrollPhase3" name="test_05b_verify_kpi_bonus_calculation_rules" time="0.168" /><testcase classname="backend.tests.test_hr_payroll_phase3.TestAttendancePeriodEdgeCases" name="test_lock_idempotent" time="0.719" /><testcase classname="backend.tests.test_hr_payroll_phase3.TestAttendancePeriodEdgeCases" name="test_status_includes_locked_metadata" time="0.132" /></testsuite></testsuites>