<?xml version="1.0" encoding="utf-8"?><testsuites name="pytest tests"><testsuite name="pytest" errors="0" failures="0" skipped="0" tests="10" time="6.430" timestamp="2026-03-20T17:09:37.117447+00:00" hostname="agent-env-e29b0808-ff2e-4cc8-9eb8-5c99a89c29cb"><testcase classname="backend.tests.test_stok_barang_sync_iter105.TestStokBarangSync" name="test_01_login_success" time="0.546" /><testcase classname="backend.tests.test_stok_barang_sync_iter105.TestStokBarangSync" name="test_02_stok_barang_endpoint_accessible" time="0.277" /><testcase classname="backend.tests.test_stok_barang_sync_iter105.TestStokBarangSync" name="test_03_daftar_item_endpoint_accessible" time="0.149" /><testcase classname="backend.tests.test_stok_barang_sync_iter105.TestStokBarangSync" name="test_04_kartu_stok_endpoint_accessible" time="0.267" /><testcase classname="backend.tests.test_stok_barang_sync_iter105.TestStokBarangSync" name="test_05_item_001001_three_module_sync" time="0.420" /><testcase classname="backend.tests.test_stok_barang_sync_iter105.TestStokBarangSync" name="test_06_reconcile_10_items_all_modules" time="3.711" /><testcase classname="backend.tests.test_stok_barang_sync_iter105.TestStokBarangSync" name="test_07_stok_barang_no_default_branch_filter" time="0.172" /><testcase classname="backend.tests.test_stok_barang_sync_iter105.TestStokBarangSync" name="test_08_stok_barang_with_branch_filter" time="0.514" /><testcase classname="backend.tests.test_stok_barang_sync_iter105.TestStokBarangSync" name="test_09_verify_ssot_source" time="0.134" /><testcase classname="backend.tests.test_stok_barang_sync_iter105.TestStokBarangSync" name="test_10_quantity_data_integrity" time="0.171" /></testsuite></testsuites>