<?xml version="1.0" encoding="utf-8"?><testsuites name="pytest tests"><testsuite name="pytest" errors="0" failures="0" skipped="2" tests="16" time="3.760" timestamp="2026-03-15T18:48:50.745387+00:00" hostname="agent-env-e29b0808-ff2e-4cc8-9eb8-5c99a89c29cb"><testcase classname="tests.test_assembly_enterprise.TestFormulaEndpoints" name="test_01_list_formulas_v2" time="0.572" /><testcase classname="tests.test_assembly_enterprise.TestFormulaEndpoints" name="test_02_create_formula_v2_multi_component" time="0.294" /><testcase classname="tests.test_assembly_enterprise.TestFormulaEndpoints" name="test_03_get_formula_v2_detail" time="0.131" /><testcase classname="tests.test_assembly_enterprise.TestExecutionEndpoints" name="test_04_validate_stock" time="0.139" /><testcase classname="tests.test_assembly_enterprise.TestExecutionEndpoints" name="test_05_execute_assembly_create_draft" time="0.165" /><testcase classname="tests.test_assembly_enterprise.TestExecutionEndpoints" name="test_06_post_draft_assembly" time="0.290" /><testcase classname="tests.test_assembly_enterprise.TestDraftOperations" name="test_07_edit_draft_assembly" time="0.272" /><testcase classname="tests.test_assembly_enterprise.TestDraftOperations" name="test_08_delete_draft_assembly" time="0.417" /><testcase classname="tests.test_assembly_enterprise.TestHistoryEndpoints" name="test_09_list_assembly_history" time="0.133" /><testcase classname="tests.test_assembly_enterprise.TestHistoryEndpoints" name="test_10_list_history_by_status_draft" time="0.142" /><testcase classname="tests.test_assembly_enterprise.TestHistoryEndpoints" name="test_11_list_history_by_status_posted" time="0.152" /><testcase classname="tests.test_assembly_enterprise.TestHistoryEndpoints" name="test_12_get_assembly_detail_with_audit" time="0.284" /><testcase classname="tests.test_assembly_enterprise.TestReversalEndpoints" name="test_13_reversal_posted_assembly" time="0.139"><skipped type="pytest.skip" message="No POSTED assembly available for reversal test">/app/backend/tests/test_assembly_enterprise.py:424: No POSTED assembly available for reversal test</skipped></testcase><testcase classname="tests.test_assembly_enterprise.TestReversalEndpoints" name="test_14_cannot_edit_posted" time="0.266"><skipped type="pytest.skip" message="No POSTED/REVERSED transactions">/app/backend/tests/test_assembly_enterprise.py:474: No POSTED/REVERSED transactions</skipped></testcase><testcase classname="tests.test_assembly_enterprise.TestLegacySupport" name="test_15_legacy_formulas_endpoint" time="0.140" /><testcase classname="tests.test_assembly_enterprise.TestLegacySupport" name="test_16_legacy_transactions_endpoint" time="0.140" /></testsuite></testsuites>