<?xml version="1.0" encoding="utf-8"?><testsuites name="pytest tests"><testsuite name="pytest" errors="0" failures="0" skipped="0" tests="8" time="3.789" timestamp="2026-03-11T16:47:25.808562+00:00" hostname="agent-env-e29b0808-ff2e-4cc8-9eb8-5c99a89c29cb"><testcase classname="backend.tests.test_bugs_iteration31.TestRBACKasirSecurity" name="test_kasir_cannot_void_transaction" time="0.657" /><testcase classname="backend.tests.test_bugs_iteration31.TestRBACKasirSecurity" name="test_kasir_cannot_delete_held_transaction" time="0.124" /><testcase classname="backend.tests.test_bugs_iteration31.TestRBACKasirSecurity" name="test_kasir_cannot_delete_product" time="0.148" /><testcase classname="backend.tests.test_bugs_iteration31.TestOwnerAccess" name="test_owner_can_access_void" time="0.456" /><testcase classname="backend.tests.test_bugs_iteration31.TestOwnerAccess" name="test_owner_can_access_delete" time="0.129" /><testcase classname="backend.tests.test_bugs_iteration31.TestEmployeeUpdate" name="test_create_and_update_employee_with_tunjangan" time="0.865" /><testcase classname="backend.tests.test_bugs_iteration31.TestPayrollRules" name="test_payroll_rules_crud" time="1.167" /><testcase classname="backend.tests.test_bugs_iteration31.TestHealthCheck" name="test_api_health" time="0.131" /></testsuite></testsuites>