<?xml version="1.0" encoding="utf-8"?><testsuites name="pytest tests"><testsuite name="pytest" errors="0" failures="0" skipped="0" tests="22" time="10.100" timestamp="2026-03-08T13:34:41.726179+00:00" hostname="agent-env-e29b0808-ff2e-4cc8-9eb8-5c99a89c29cb"><testcase classname="backend.tests.test_accounting_titan.TestAuth" name="test_login_with_owner_credentials" time="0.590" /><testcase classname="backend.tests.test_accounting_titan.TestChartOfAccounts" name="test_list_accounts" time="0.438" /><testcase classname="backend.tests.test_accounting_titan.TestChartOfAccounts" name="test_create_account" time="0.571" /><testcase classname="backend.tests.test_accounting_titan.TestChartOfAccounts" name="test_filter_accounts_by_category" time="0.456" /><testcase classname="backend.tests.test_accounting_titan.TestJournalEntries" name="test_list_journals" time="0.428" /><testcase classname="backend.tests.test_accounting_titan.TestFinancialReports" name="test_trial_balance" time="0.441" /><testcase classname="backend.tests.test_accounting_titan.TestFinancialReports" name="test_balance_sheet" time="0.450" /><testcase classname="backend.tests.test_accounting_titan.TestFinancialReports" name="test_income_statement" time="0.440" /><testcase classname="backend.tests.test_accounting_titan.TestReportsModule" name="test_sales_report" time="0.438" /><testcase classname="backend.tests.test_accounting_titan.TestReportsModule" name="test_product_performance_report" time="0.429" /><testcase classname="backend.tests.test_accounting_titan.TestReportsModule" name="test_best_sellers_report" time="0.451" /><testcase classname="backend.tests.test_accounting_titan.TestReportsModule" name="test_inventory_report" time="0.438" /><testcase classname="backend.tests.test_accounting_titan.TestReportsModule" name="test_branch_comparison_report" time="0.464" /><testcase classname="backend.tests.test_accounting_titan.TestReportsModule" name="test_cashier_report" time="0.485" /><testcase classname="backend.tests.test_accounting_titan.TestReportsModule" name="test_customer_analysis_report" time="0.439" /><testcase classname="backend.tests.test_accounting_titan.TestReportsModule" name="test_payables_report" time="0.426" /><testcase classname="backend.tests.test_accounting_titan.TestReportsModule" name="test_receivables_report" time="0.442" /><testcase classname="backend.tests.test_accounting_titan.TestBackupModule" name="test_list_backups" time="0.434" /><testcase classname="backend.tests.test_accounting_titan.TestBackupModule" name="test_create_backup" time="0.452" /><testcase classname="backend.tests.test_accounting_titan.TestSerialNumberModule" name="test_list_serial_numbers" time="0.430" /><testcase classname="backend.tests.test_accounting_titan.TestProductAssemblyModule" name="test_list_assembly_formulas" time="0.423" /><testcase classname="backend.tests.test_accounting_titan.TestProductAssemblyModule" name="test_list_assembly_transactions" time="0.446" /></testsuite></testsuites>