<?xml version="1.0" encoding="utf-8"?><testsuites name="pytest tests"><testsuite name="pytest" errors="0" failures="0" skipped="0" tests="10" time="0.966" timestamp="2026-03-20T14:58:06.557243+00:00" hostname="agent-env-e29b0808-ff2e-4cc8-9eb8-5c99a89c29cb"><testcase classname="backend.tests.test_purchase_flow_consolidation_iter98.TestPurchaseFlowConsolidation" name="test_01_warehouse_endpoint_returns_branches_data" time="0.542" /><testcase classname="backend.tests.test_purchase_flow_consolidation_iter98.TestPurchaseFlowConsolidation" name="test_02_get_suppliers_for_po" time="0.056" /><testcase classname="backend.tests.test_purchase_flow_consolidation_iter98.TestPurchaseFlowConsolidation" name="test_03_get_products_for_po" time="0.053" /><testcase classname="backend.tests.test_purchase_flow_consolidation_iter98.TestPurchaseFlowConsolidation" name="test_04_discount_calculation_10_percent" time="0.000" /><testcase classname="backend.tests.test_purchase_flow_consolidation_iter98.TestPurchaseFlowConsolidation" name="test_05_discount_calculation_20_percent" time="0.000" /><testcase classname="backend.tests.test_purchase_flow_consolidation_iter98.TestPurchaseFlowConsolidation" name="test_06_create_po_with_warehouse_from_branches" time="0.051" /><testcase classname="backend.tests.test_purchase_flow_consolidation_iter98.TestPurchaseFlowConsolidation" name="test_07_verify_po_has_correct_warehouse_name" time="0.049" /><testcase classname="backend.tests.test_purchase_flow_consolidation_iter98.TestPurchaseFlowConsolidation" name="test_08_branches_endpoint_same_data_as_warehouses" time="0.090" /><testcase classname="backend.tests.test_purchase_flow_consolidation_iter98.TestPurchaseFlowConsolidation" name="test_09_create_po_with_different_discounts" time="0.000" /><testcase classname="backend.tests.test_purchase_flow_consolidation_iter98.TestPurchaseFlowConsolidation" name="test_10_cleanup_test_po" time="0.060" /></testsuite></testsuites>