<?xml version="1.0" encoding="utf-8"?><testsuites name="pytest tests"><testsuite name="pytest" errors="0" failures="0" skipped="0" tests="25" time="3.430" timestamp="2026-03-09T22:07:26.834878+00:00" hostname="agent-env-e29b0808-ff2e-4cc8-9eb8-5c99a89c29cb"><testcase classname="backend.tests.test_ocb_titan_ai_modules.TestGlobalMapAPI" name="test_get_all_branch_locations" time="0.281" /><testcase classname="backend.tests.test_ocb_titan_ai_modules.TestGlobalMapAPI" name="test_get_realtime_gps" time="0.122" /><testcase classname="backend.tests.test_ocb_titan_ai_modules.TestGlobalMapAPI" name="test_get_stock_map" time="0.169" /><testcase classname="backend.tests.test_ocb_titan_ai_modules.TestGlobalMapAPI" name="test_get_stock_alerts" time="0.113" /><testcase classname="backend.tests.test_ocb_titan_ai_modules.TestGlobalMapAPI" name="test_get_spv_alerts" time="0.138" /><testcase classname="backend.tests.test_ocb_titan_ai_modules.TestAICommandCenterAPI" name="test_get_ai_dashboard" time="0.137" /><testcase classname="backend.tests.test_ocb_titan_ai_modules.TestAICommandCenterAPI" name="test_get_ai_recommendations" time="0.117" /><testcase classname="backend.tests.test_ocb_titan_ai_modules.TestAICommandCenterAPI" name="test_get_trend_analysis" time="0.118" /><testcase classname="backend.tests.test_ocb_titan_ai_modules.TestAICommandCenterAPI" name="test_get_anomalies" time="0.122" /><testcase classname="backend.tests.test_ocb_titan_ai_modules.TestKPIPerformanceAPI" name="test_get_kpi_templates" time="0.120" /><testcase classname="backend.tests.test_ocb_titan_ai_modules.TestKPIPerformanceAPI" name="test_seed_kpi_templates" time="0.123" /><testcase classname="backend.tests.test_ocb_titan_ai_modules.TestKPIPerformanceAPI" name="test_get_ai_employee_ranking" time="0.119" /><testcase classname="backend.tests.test_ocb_titan_ai_modules.TestKPIPerformanceAPI" name="test_get_ai_branch_ranking" time="0.140" /><testcase classname="backend.tests.test_ocb_titan_ai_modules.TestKPIPerformanceAPI" name="test_get_kpi_targets" time="0.116" /><testcase classname="backend.tests.test_ocb_titan_ai_modules.TestCRMAIPromptAPI" name="test_get_prompts" time="0.105" /><testcase classname="backend.tests.test_ocb_titan_ai_modules.TestCRMAIPromptAPI" name="test_seed_prompts" time="0.122" /><testcase classname="backend.tests.test_ocb_titan_ai_modules.TestCRMAIPromptAPI" name="test_analyze_complaint" time="0.160" /><testcase classname="backend.tests.test_ocb_titan_ai_modules.TestCRMAIPromptAPI" name="test_get_marketing_scripts" time="0.163" /><testcase classname="backend.tests.test_ocb_titan_ai_modules.TestCRMAIPromptAPI" name="test_get_product_recommendations" time="0.114" /><testcase classname="backend.tests.test_ocb_titan_ai_modules.TestDataExportAPI" name="test_export_products_json" time="0.119" /><testcase classname="backend.tests.test_ocb_titan_ai_modules.TestDataExportAPI" name="test_export_branches_json" time="0.120" /><testcase classname="backend.tests.test_ocb_titan_ai_modules.TestDataExportAPI" name="test_export_employees" time="0.124" /><testcase classname="backend.tests.test_ocb_titan_ai_modules.TestDataExportAPI" name="test_export_inventory_stock" time="0.127" /><testcase classname="backend.tests.test_ocb_titan_ai_modules.TestDataExportAPI" name="test_export_customers" time="0.111" /><testcase classname="backend.tests.test_ocb_titan_ai_modules.TestDataExportAPI" name="test_export_products_csv" time="0.105" /></testsuite></testsuites>