<?xml version="1.0" encoding="utf-8"?><testsuites name="pytest tests"><testsuite name="pytest" errors="0" failures="0" skipped="0" tests="69" time="3.710" timestamp="2026-03-10T06:08:12.680781+00:00" hostname="agent-env-e29b0808-ff2e-4cc8-9eb8-5c99a89c29cb"><testcase classname="backend.tests.test_phase1_15_comprehensive.TestMasterShiftCRUD" name="test_01_list_shifts" time="0.205" /><testcase classname="backend.tests.test_phase1_15_comprehensive.TestMasterShiftCRUD" name="test_02_create_shift" time="0.049" /><testcase classname="backend.tests.test_phase1_15_comprehensive.TestMasterShiftCRUD" name="test_03_update_shift" time="0.050" /><testcase classname="backend.tests.test_phase1_15_comprehensive.TestMasterShiftCRUD" name="test_04_delete_shift" time="0.048" /><testcase classname="backend.tests.test_phase1_15_comprehensive.TestMasterJabatanCRUD" name="test_01_list_jabatan" time="0.049" /><testcase classname="backend.tests.test_phase1_15_comprehensive.TestMasterJabatanCRUD" name="test_02_create_jabatan" time="0.050" /><testcase classname="backend.tests.test_phase1_15_comprehensive.TestMasterJabatanCRUD" name="test_03_update_jabatan" time="0.052" /><testcase classname="backend.tests.test_phase1_15_comprehensive.TestMasterJabatanCRUD" name="test_04_delete_jabatan" time="0.048" /><testcase classname="backend.tests.test_phase1_15_comprehensive.TestMasterLokasiAbsensiCRUD" name="test_01_list_lokasi_absensi" time="0.053" /><testcase classname="backend.tests.test_phase1_15_comprehensive.TestMasterLokasiAbsensiCRUD" name="test_02_create_lokasi_absensi" time="0.050" /><testcase classname="backend.tests.test_phase1_15_comprehensive.TestMasterLokasiAbsensiCRUD" name="test_03_update_lokasi_absensi" time="0.050" /><testcase classname="backend.tests.test_phase1_15_comprehensive.TestMasterLokasiAbsensiCRUD" name="test_04_delete_lokasi_absensi" time="0.047" /><testcase classname="backend.tests.test_phase1_15_comprehensive.TestMasterPayrollRulesCRUD" name="test_01_list_payroll_rules" time="0.052" /><testcase classname="backend.tests.test_phase1_15_comprehensive.TestMasterPayrollRulesCRUD" name="test_02_create_payroll_rule" time="0.054" /><testcase classname="backend.tests.test_phase1_15_comprehensive.TestMasterPayrollRulesCRUD" name="test_03_update_payroll_rule_upsert" time="0.050" /><testcase classname="backend.tests.test_phase1_15_comprehensive.TestEmployeeCRUD" name="test_01_list_employees" time="0.051" /><testcase classname="backend.tests.test_phase1_15_comprehensive.TestEmployeeCRUD" name="test_02_create_employee" time="0.050" /><testcase classname="backend.tests.test_phase1_15_comprehensive.TestEmployeeCRUD" name="test_03_get_employee_detail" time="0.049" /><testcase classname="backend.tests.test_phase1_15_comprehensive.TestEmployeeCRUD" name="test_04_update_employee" time="0.048" /><testcase classname="backend.tests.test_phase1_15_comprehensive.TestEmployeeCRUD" name="test_05_search_employees" time="0.052" /><testcase classname="backend.tests.test_phase1_15_comprehensive.TestEmployeeCRUD" name="test_06_delete_employee" time="0.045" /><testcase classname="backend.tests.test_phase1_15_comprehensive.TestCRMCustomerCRUD" name="test_01_list_customers" time="0.049" /><testcase classname="backend.tests.test_phase1_15_comprehensive.TestCRMCustomerCRUD" name="test_02_create_customer" time="0.046" /><testcase classname="backend.tests.test_phase1_15_comprehensive.TestCRMCustomerCRUD" name="test_03_get_customer_detail" time="0.050" /><testcase classname="backend.tests.test_phase1_15_comprehensive.TestCRMCustomerCRUD" name="test_04_update_customer" time="0.047" /><testcase classname="backend.tests.test_phase1_15_comprehensive.TestCRMCustomerCharacter" name="test_01_get_customer_character" time="0.050" /><testcase classname="backend.tests.test_phase1_15_comprehensive.TestCRMCustomerCharacter" name="test_02_save_customer_character" time="0.050" /><testcase classname="backend.tests.test_phase1_15_comprehensive.TestCRMCustomerCharacter" name="test_03_analyze_customer_ai" time="0.052" /><testcase classname="backend.tests.test_phase1_15_comprehensive.TestCRMAutoResponse" name="test_01_generate_auto_response_greeting" time="0.060" /><testcase classname="backend.tests.test_phase1_15_comprehensive.TestCRMAutoResponse" name="test_02_generate_auto_response_price_inquiry" time="0.050" /><testcase classname="backend.tests.test_phase1_15_comprehensive.TestCRMAutoResponse" name="test_03_generate_auto_response_complaint" time="0.048" /><testcase classname="backend.tests.test_phase1_15_comprehensive.TestCRMAutoResponse" name="test_04_analyze_complaint" time="0.047" /><testcase classname="backend.tests.test_phase1_15_comprehensive.TestHRTraining" name="test_01_list_trainings" time="0.054" /><testcase classname="backend.tests.test_phase1_15_comprehensive.TestHRTraining" name="test_02_create_training" time="0.047" /><testcase classname="backend.tests.test_phase1_15_comprehensive.TestHRTraining" name="test_03_update_training" time="0.047" /><testcase classname="backend.tests.test_phase1_15_comprehensive.TestHRDepartmentOrg" name="test_01_list_departments" time="0.056" /><testcase classname="backend.tests.test_phase1_15_comprehensive.TestHRDepartmentOrg" name="test_02_create_department" time="0.048" /><testcase classname="backend.tests.test_phase1_15_comprehensive.TestHRDepartmentOrg" name="test_03_update_department" time="0.045" /><testcase classname="backend.tests.test_phase1_15_comprehensive.TestHRDepartmentOrg" name="test_04_get_org_structure" time="0.051" /><testcase classname="backend.tests.test_phase1_15_comprehensive.TestHRDepartmentOrg" name="test_05_get_org_chart" time="0.051" /><testcase classname="backend.tests.test_phase1_15_comprehensive.TestHRDepartmentOrg" name="test_06_seed_departments" time="0.050" /><testcase classname="backend.tests.test_phase1_15_comprehensive.TestExportSystem" name="test_01_export_employees_xlsx" time="0.049" /><testcase classname="backend.tests.test_phase1_15_comprehensive.TestExportSystem" name="test_02_export_employees_pdf" time="0.059" /><testcase classname="backend.tests.test_phase1_15_comprehensive.TestExportSystem" name="test_03_export_products_json" time="0.048" /><testcase classname="backend.tests.test_phase1_15_comprehensive.TestExportSystem" name="test_04_export_ranking_employees" time="0.049" /><testcase classname="backend.tests.test_phase1_15_comprehensive.TestExportSystem" name="test_05_export_ranking_branches" time="0.047" /><testcase classname="backend.tests.test_phase1_15_comprehensive.TestExportSystem" name="test_06_export_dashboard_summary" time="0.054" /><testcase classname="backend.tests.test_phase1_15_comprehensive.TestImportSystem" name="test_01_get_import_templates" time="0.058" /><testcase classname="backend.tests.test_phase1_15_comprehensive.TestImportSystem" name="test_02_download_products_template" time="0.054" /><testcase classname="backend.tests.test_phase1_15_comprehensive.TestImportSystem" name="test_03_download_employees_template" time="0.047" /><testcase classname="backend.tests.test_phase1_15_comprehensive.TestImportSystem" name="test_04_download_suppliers_template" time="0.053" /><testcase classname="backend.tests.test_phase1_15_comprehensive.TestImportSystem" name="test_05_get_import_history" time="0.051" /><testcase classname="backend.tests.test_phase1_15_comprehensive.TestImportSystem" name="test_06_invalid_template_404" time="0.046" /><testcase classname="backend.tests.test_phase1_15_comprehensive.TestWhatsAppAlerts" name="test_01_get_alert_triggers" time="0.052" /><testcase classname="backend.tests.test_phase1_15_comprehensive.TestWhatsAppAlerts" name="test_02_get_alert_templates" time="0.057" /><testcase classname="backend.tests.test_phase1_15_comprehensive.TestWhatsAppAlerts" name="test_03_get_alert_config" time="0.048" /><testcase classname="backend.tests.test_phase1_15_comprehensive.TestWhatsAppAlerts" name="test_04_get_recipients" time="0.052" /><testcase classname="backend.tests.test_phase1_15_comprehensive.TestWhatsAppAlerts" name="test_05_add_recipient" time="0.051" /><testcase classname="backend.tests.test_phase1_15_comprehensive.TestWhatsAppAlerts" name="test_06_update_recipient" time="0.048" /><testcase classname="backend.tests.test_phase1_15_comprehensive.TestWhatsAppAlerts" name="test_07_get_alert_logs" time="0.050" /><testcase classname="backend.tests.test_phase1_15_comprehensive.TestWhatsAppAlerts" name="test_08_test_alert" time="0.056" /><testcase classname="backend.tests.test_phase1_15_comprehensive.TestWhatsAppAlerts" name="test_09_delete_recipient" time="0.047" /><testcase classname="backend.tests.test_phase1_15_comprehensive.TestWarRoomAlerts" name="test_01_get_active_alerts" time="0.050" /><testcase classname="backend.tests.test_phase1_15_comprehensive.TestWarRoomAlerts" name="test_02_create_alert" time="0.052" /><testcase classname="backend.tests.test_phase1_15_comprehensive.TestWarRoomAlerts" name="test_03_get_alert_detail" time="0.046" /><testcase classname="backend.tests.test_phase1_15_comprehensive.TestWarRoomAlerts" name="test_04_acknowledge_alert" time="0.053" /><testcase classname="backend.tests.test_phase1_15_comprehensive.TestWarRoomAlerts" name="test_05_resolve_alert" time="0.049" /><testcase classname="backend.tests.test_phase1_15_comprehensive.TestWarRoomAlerts" name="test_06_get_alert_stats" time="0.047" /><testcase classname="backend.tests.test_phase1_15_comprehensive.TestWarRoomAlerts" name="test_07_get_all_alerts" time="0.052" /></testsuite></testsuites>