<?xml version="1.0" encoding="utf-8"?><testsuites name="pytest tests"><testsuite name="pytest" errors="0" failures="0" skipped="0" tests="7" time="1.389" timestamp="2026-03-20T14:43:56.265497+00:00" hostname="agent-env-e29b0808-ff2e-4cc8-9eb8-5c99a89c29cb"><testcase classname="backend.tests.test_branch_warehouse_consolidation_iter97.TestWarehouseConsolidation" name="test_01_warehouses_returns_source_branches" time="0.623" /><testcase classname="backend.tests.test_branch_warehouse_consolidation_iter97.TestWarehouseConsolidation" name="test_02_warehouses_returns_branch_id_self_reference" time="0.063" /><testcase classname="backend.tests.test_branch_warehouse_consolidation_iter97.TestWarehouseConsolidation" name="test_03_warehouses_data_structure" time="0.061" /><testcase classname="backend.tests.test_branch_warehouse_consolidation_iter97.TestWarehouseConsolidation" name="test_04_create_warehouse_creates_in_branches" time="0.178" /><testcase classname="backend.tests.test_branch_warehouse_consolidation_iter97.TestBranchesEndpoint" name="test_05_branches_list" time="0.123" /><testcase classname="backend.tests.test_branch_warehouse_consolidation_iter97.TestBranchesEndpoint" name="test_06_warehouse_and_branch_data_match" time="0.215" /><testcase classname="backend.tests.test_branch_warehouse_consolidation_iter97.TestDashboardBranchCount" name="test_07_dashboard_stats" time="0.064" /></testsuite></testsuites>