<?xml version="1.0" encoding="utf-8"?><testsuites name="pytest tests"><testsuite name="pytest" errors="0" failures="0" skipped="0" tests="19" time="7.026" timestamp="2026-03-11T22:12:21.206045+00:00" hostname="agent-env-e29b0808-ff2e-4cc8-9eb8-5c99a89c29cb"><testcase classname="backend.tests.test_credit_control_phase3.TestCreditPolicy" name="test_get_credit_policy" time="0.678" /><testcase classname="backend.tests.test_credit_control_phase3.TestCustomerCreditStatus" name="test_get_customer_credit_status" time="0.486" /><testcase classname="backend.tests.test_credit_control_phase3.TestCustomerCreditStatus" name="test_get_nonexistent_customer" time="0.124" /><testcase classname="backend.tests.test_credit_control_phase3.TestCreditCheck" name="test_credit_check_allowed" time="0.502" /><testcase classname="backend.tests.test_credit_control_phase3.TestCreditCheck" name="test_credit_check_exceeds_limit" time="0.279" /><testcase classname="backend.tests.test_credit_control_phase3.TestCreditLimitUpdate" name="test_update_credit_limit" time="0.600" /><testcase classname="backend.tests.test_credit_control_phase3.TestCreditHoldActions" name="test_hold_customer" time="0.503" /><testcase classname="backend.tests.test_credit_control_phase3.TestCreditHoldActions" name="test_release_hold" time="0.109" /><testcase classname="backend.tests.test_credit_control_phase3.TestCreditHoldActions" name="test_block_customer" time="0.142" /><testcase classname="backend.tests.test_credit_control_phase3.TestCreditHoldActions" name="test_unblock_customer" time="0.223" /><testcase classname="backend.tests.test_credit_control_phase3.TestCreditHoldActions" name="test_invalid_action" time="0.135" /><testcase classname="backend.tests.test_credit_control_phase3.TestHardStopIntegration" name="test_held_customer_cannot_transact" time="0.748" /><testcase classname="backend.tests.test_credit_control_phase3.TestDashboard" name="test_get_dashboard" time="0.507" /><testcase classname="backend.tests.test_credit_control_phase3.TestAtRiskCustomers" name="test_get_at_risk_customers" time="0.514" /><testcase classname="backend.tests.test_credit_control_phase3.TestAuditLog" name="test_get_audit_log" time="0.472" /><testcase classname="backend.tests.test_credit_control_phase3.TestAuditLog" name="test_get_audit_log_by_customer" time="0.135" /><testcase classname="backend.tests.test_credit_control_phase3.TestRBACAccess" name="test_kasir_can_view_dashboard" time="0.506" /><testcase classname="backend.tests.test_credit_control_phase3.TestRBACAccess" name="test_kasir_cannot_update_limit" time="0.144" /><testcase classname="backend.tests.test_credit_control_phase3.TestRBACAccess" name="test_kasir_cannot_hold_customer" time="0.117" /></testsuite></testsuites>