<?xml version="1.0" encoding="utf-8"?><testsuites name="pytest tests"><testsuite name="pytest" errors="0" failures="0" skipped="0" tests="18" time="10.837" timestamp="2026-03-10T19:20:51.832893+00:00" hostname="agent-env-e29b0808-ff2e-4cc8-9eb8-5c99a89c29cb"><testcase classname="backend.tests.test_rbac_system.TestRBACSystem" name="test_01_rbac_init" time="1.011" /><testcase classname="backend.tests.test_rbac_system.TestRBACSystem" name="test_02_get_roles" time="0.568" /><testcase classname="backend.tests.test_rbac_system.TestRBACSystem" name="test_03_get_single_role" time="0.596" /><testcase classname="backend.tests.test_rbac_system.TestRBACSystem" name="test_04_get_permission_modules" time="0.469" /><testcase classname="backend.tests.test_rbac_system.TestRBACSystem" name="test_05_get_permission_matrix" time="0.755" /><testcase classname="backend.tests.test_rbac_system.TestRBACSystem" name="test_06_update_permissions" time="0.687" /><testcase classname="backend.tests.test_rbac_system.TestRBACSystem" name="test_07_get_my_permissions" time="0.490" /><testcase classname="backend.tests.test_rbac_system.TestRBACSystem" name="test_08_check_permission" time="0.451" /><testcase classname="backend.tests.test_rbac_system.TestRBACSystem" name="test_09_check_permission_sales_create" time="0.553" /><testcase classname="backend.tests.test_rbac_system.TestRBACSystem" name="test_10_get_users_for_role_assignment" time="0.482" /><testcase classname="backend.tests.test_rbac_system.TestRBACSystem" name="test_11_assign_role_to_user" time="0.746" /><testcase classname="backend.tests.test_rbac_system.TestRBACSystem" name="test_12_get_audit_logs" time="0.468" /><testcase classname="backend.tests.test_rbac_system.TestRBACSystem" name="test_13_get_audit_logs_with_filters" time="0.473" /><testcase classname="backend.tests.test_rbac_system.TestRBACSystem" name="test_14_bulk_update_permissions" time="0.752" /><testcase classname="backend.tests.test_rbac_system.TestRBACSystem" name="test_15_create_role" time="0.463" /><testcase classname="backend.tests.test_rbac_system.TestRBACSystem" name="test_16_delete_test_role" time="0.624" /><testcase classname="backend.tests.test_rbac_system.TestRBACSystem" name="test_17_check_branch_access" time="0.675" /><testcase classname="backend.tests.test_rbac_system.TestRBACSystem" name="test_18_get_user_permissions_by_id" time="0.491" /></testsuite></testsuites>