<?xml version="1.0" encoding="utf-8"?><testsuites name="pytest tests"><testsuite name="pytest" errors="0" failures="0" skipped="0" tests="16" time="10.102" timestamp="2026-03-15T18:25:44.218950+00:00" hostname="agent-env-e29b0808-ff2e-4cc8-9eb8-5c99a89c29cb"><testcase classname="tests.test_enterprise_stabilization.TestEnterpriseStabilization" name="test_p0_datasheet_load_products" time="0.596" /><testcase classname="tests.test_enterprise_stabilization.TestEnterpriseStabilization" name="test_p0_datasheet_load_customers" time="0.499" /><testcase classname="tests.test_enterprise_stabilization.TestEnterpriseStabilization" name="test_p0_datasheet_load_suppliers" time="0.496" /><testcase classname="tests.test_enterprise_stabilization.TestEnterpriseStabilization" name="test_p0_datasheet_edit_product" time="0.759" /><testcase classname="tests.test_enterprise_stabilization.TestEnterpriseStabilization" name="test_p1_ap_payment_can_reverse_check" time="0.620" /><testcase classname="tests.test_enterprise_stabilization.TestEnterpriseStabilization" name="test_p1_ap_payment_reversal_endpoint_exists" time="0.500" /><testcase classname="tests.test_enterprise_stabilization.TestEnterpriseStabilization" name="test_p1_ar_payment_reversal_endpoint_exists" time="1.110" /><testcase classname="tests.test_enterprise_stabilization.TestEnterpriseStabilization" name="test_p1_ar_payment_can_reverse_check" time="0.519" /><testcase classname="tests.test_enterprise_stabilization.TestEnterpriseStabilization" name="test_p2_assembly_formulas_list" time="0.536" /><testcase classname="tests.test_enterprise_stabilization.TestEnterpriseStabilization" name="test_p2_assembly_transactions_list" time="0.496" /><testcase classname="tests.test_enterprise_stabilization.TestEnterpriseStabilization" name="test_p2_assembly_formula_details" time="0.642" /><testcase classname="tests.test_enterprise_stabilization.TestEnterpriseStabilization" name="test_p3_tenant_list_api" time="0.998" /><testcase classname="tests.test_enterprise_stabilization.TestEnterpriseStabilization" name="test_p3_ocb_titan_is_active" time="0.520" /><testcase classname="tests.test_enterprise_stabilization.TestEnterpriseStabilization" name="test_p3_tenant_data_isolation" time="0.676" /><testcase classname="tests.test_enterprise_stabilization.TestEnterpriseStabilization" name="test_integrity_ap_allocation" time="0.529" /><testcase classname="tests.test_enterprise_stabilization.TestEnterpriseStabilization" name="test_integrity_ar_allocation" time="0.535" /></testsuite></testsuites>