<?xml version="1.0" encoding="utf-8"?><testsuites name="pytest tests"><testsuite name="pytest" errors="0" failures="0" skipped="0" tests="9" time="3.161" timestamp="2026-03-20T15:11:15.262401+00:00" hostname="agent-env-e29b0808-ff2e-4cc8-9eb8-5c99a89c29cb"><testcase classname="backend.tests.test_products_stock_branch_filter_iter99.TestProductsStockBranchFilter" name="test_01_get_branches_list" time="0.743" /><testcase classname="backend.tests.test_products_stock_branch_filter_iter99.TestProductsStockBranchFilter" name="test_02_products_list_aggregated_stock" time="0.159" /><testcase classname="backend.tests.test_products_stock_branch_filter_iter99.TestProductsStockBranchFilter" name="test_03_products_list_with_branch_filter" time="0.165" /><testcase classname="backend.tests.test_products_stock_branch_filter_iter99.TestProductsStockBranchFilter" name="test_04_products_list_with_brand_filter" time="0.346" /><testcase classname="backend.tests.test_products_stock_branch_filter_iter99.TestProductsStockBranchFilter" name="test_05_products_list_with_search" time="0.145" /><testcase classname="backend.tests.test_products_stock_branch_filter_iter99.TestProductsStockBranchFilter" name="test_06_verify_specific_product_stock" time="0.269" /><testcase classname="backend.tests.test_products_stock_branch_filter_iter99.TestProductsStockBranchFilter" name="test_07_products_combined_filters" time="0.131" /><testcase classname="backend.tests.test_products_stock_branch_filter_iter99.TestProductsStockBranchFilter" name="test_08_product_detail_stock" time="0.280" /><testcase classname="backend.tests.test_products_stock_branch_filter_iter99.TestQuickPurchaseStockNote" name="test_01_quick_purchase_endpoints_available" time="0.802" /></testsuite></testsuites>