<?xml version="1.0" encoding="utf-8"?><testsuites name="pytest tests"><testsuite name="pytest" errors="0" failures="1" skipped="1" tests="21" time="7.596" timestamp="2026-03-14T23:24:54.827493+00:00" hostname="agent-env-e29b0808-ff2e-4cc8-9eb8-5c99a89c29cb"><testcase classname="backend.tests.test_prioritas_1_5_iter70.TestPrioritas1JournalSecurity" name="test_get_journals_list" time="0.673" /><testcase classname="backend.tests.test_prioritas_1_5_iter70.TestPrioritas1JournalSecurity" name="test_create_manual_journal" time="0.348" /><testcase classname="backend.tests.test_prioritas_1_5_iter70.TestPrioritas1JournalSecurity" name="test_check_journal_deletable_endpoint" time="0.306" /><testcase classname="backend.tests.test_prioritas_1_5_iter70.TestPrioritas1JournalSecurity" name="test_delete_system_journal_blocked" time="0.131"><skipped type="pytest.skip" message="No system journals available for testing">/app/backend/tests/test_prioritas_1_5_iter70.py:150: No system journals available for testing</skipped></testcase><testcase classname="backend.tests.test_prioritas_1_5_iter70.TestPrioritas1JournalSecurity" name="test_delete_manual_journal_allowed" time="0.455" /><testcase classname="backend.tests.test_prioritas_1_5_iter70.TestPrioritas2GeneralLedgerSearch" name="test_trial_balance_returns_all_accounts" time="0.833" /><testcase classname="backend.tests.test_prioritas_1_5_iter70.TestPrioritas2GeneralLedgerSearch" name="test_general_ledger_api" time="0.757" /><testcase classname="backend.tests.test_prioritas_1_5_iter70.TestPrioritas2GeneralLedgerSearch" name="test_search_piutang_accounts" time="0.762" /><testcase classname="backend.tests.test_prioritas_1_5_iter70.TestPrioritas3DateFormat" name="test_journal_dates_are_iso_format" time="0.143" /><testcase classname="backend.tests.test_prioritas_1_5_iter70.TestPrioritas3DateFormat" name="test_purchase_order_dates_format" time="0.142" /><testcase classname="backend.tests.test_prioritas_1_5_iter70.TestPrioritas4PurchaseExport" name="test_purchase_export_endpoint" time="0.192" /><testcase classname="backend.tests.test_prioritas_1_5_iter70.TestPrioritas4PurchaseExport" name="test_alternative_purchase_data_export" time="0.147" /><testcase classname="backend.tests.test_prioritas_1_5_iter70.TestPrioritas5SerialNumberGeneration" name="test_serial_number_generate_endpoint" time="0.125"><failure message="AssertionError: assert 1 == 5&#10; +  where 1 = &lt;built-in method get of dict object at 0xf9e86c01cbc0&gt;('count')&#10; +    where &lt;built-in method get of dict object at 0xf9e86c01cbc0&gt; = {'count': 1, 'message': 'Berhasil generate 1 serial number', 'serial_numbers': ['TEST10001'], 'sn_end': 'TEST10005', ...}.get">backend/tests/test_prioritas_1_5_iter70.py:387: in test_serial_number_generate_endpoint
    assert data.get("count") == 5
E   AssertionError: assert 1 == 5
E    +  where 1 = &lt;built-in method get of dict object at 0xf9e86c01cbc0&gt;('count')
E    +    where &lt;built-in method get of dict object at 0xf9e86c01cbc0&gt; = {'count': 1, 'message': 'Berhasil generate 1 serial number', 'serial_numbers': ['TEST10001'], 'sn_end': 'TEST10005', ...}.get</failure></testcase><testcase classname="backend.tests.test_prioritas_1_5_iter70.TestPrioritas5SerialNumberGeneration" name="test_serial_number_numeric_range" time="0.159" /><testcase classname="backend.tests.test_prioritas_1_5_iter70.TestPrioritas5SerialNumberGeneration" name="test_serial_number_list_endpoint" time="0.154" /><testcase classname="backend.tests.test_prioritas_1_5_iter70.TestPrioritas5SerialNumberGeneration" name="test_serial_number_validation" time="0.151" /><testcase classname="backend.tests.test_prioritas_1_5_iter70.TestHRKPIAnalytics" name="test_kpi_summary_endpoint" time="0.176" /><testcase classname="backend.tests.test_prioritas_1_5_iter70.TestHRKPIAnalytics" name="test_hr_attendance_shifts" time="0.145" /><testcase classname="backend.tests.test_prioritas_1_5_iter70.TestHRKPIAnalytics" name="test_employees_kpi_export" time="0.133" /><testcase classname="backend.tests.test_prioritas_1_5_iter70.TestAccountingVerification" name="test_trial_balance_is_balanced" time="0.728" /><testcase classname="backend.tests.test_prioritas_1_5_iter70.TestAccountingVerification" name="test_piutang_usaha_visible" time="0.737" /></testsuite></testsuites>