<?xml version="1.0" encoding="utf-8"?><testsuites name="pytest tests"><testsuite name="pytest" errors="0" failures="0" skipped="1" tests="17" time="9.533" timestamp="2026-03-11T20:34:01.106894+00:00" hostname="agent-env-e29b0808-ff2e-4cc8-9eb8-5c99a89c29cb"><testcase classname="backend.tests.test_account_derivation_integration_iter37.TestAccountDerivationEngine" name="test_derive_account_endpoint_exists" time="0.600" /><testcase classname="backend.tests.test_account_derivation_integration_iter37.TestAccountDerivationEngine" name="test_derive_account_purchase_accounts" time="0.647" /><testcase classname="backend.tests.test_account_derivation_integration_iter37.TestAccountDerivationEngine" name="test_derive_account_sales_accounts" time="0.597" /><testcase classname="backend.tests.test_account_derivation_integration_iter37.TestAccountDerivationEngine" name="test_derive_account_with_branch_priority" time="0.448" /><testcase classname="backend.tests.test_account_derivation_integration_iter37.TestAccountDerivationEngine" name="test_derive_account_with_warehouse_priority" time="0.488" /><testcase classname="backend.tests.test_account_derivation_integration_iter37.TestPurchaseModuleAccountDerivation" name="test_purchase_orders_endpoint" time="0.433" /><testcase classname="backend.tests.test_account_derivation_integration_iter37.TestPurchaseModuleAccountDerivation" name="test_get_purchase_order_po000012" time="0.411" /><testcase classname="backend.tests.test_account_derivation_integration_iter37.TestPurchaseModuleAccountDerivation" name="test_receive_po_creates_journal_with_derived_accounts" time="0.663" /><testcase classname="backend.tests.test_account_derivation_integration_iter37.TestPOSModuleCreditSaleAccountDerivation" name="test_pos_transaction_endpoint_exists" time="0.422"><skipped type="pytest.skip" message="No products with stock">/app/backend/tests/test_account_derivation_integration_iter37.py:248: No products with stock</skipped></testcase><testcase classname="backend.tests.test_account_derivation_integration_iter37.TestPOSModuleCreditSaleAccountDerivation" name="test_credit_sale_creates_ar_and_journal" time="0.569" /><testcase classname="backend.tests.test_account_derivation_integration_iter37.TestPOSModuleCreditSaleAccountDerivation" name="test_pos_transactions_list" time="0.432" /><testcase classname="backend.tests.test_account_derivation_integration_iter37.TestSalesModuleAccountDerivation" name="test_sales_invoices_endpoint" time="0.417" /><testcase classname="backend.tests.test_account_derivation_integration_iter37.TestSalesModuleAccountDerivation" name="test_sales_invoice_creates_journal_with_derived_accounts" time="0.616" /><testcase classname="backend.tests.test_account_derivation_integration_iter37.TestJournalEntriesFormat" name="test_journal_entries_exist" time="0.498" /><testcase classname="backend.tests.test_account_derivation_integration_iter37.TestJournalEntriesFormat" name="test_verify_ipos_account_code_format" time="0.420" /><testcase classname="backend.tests.test_account_derivation_integration_iter37.TestAccountSettingsUIPage" name="test_all_7_global_tabs_data" time="1.024" /><testcase classname="backend.tests.test_account_derivation_integration_iter37.TestAccountSettingsUIPage" name="test_all_5_mapping_tabs_endpoints" time="0.770" /></testsuite></testsuites>