<?xml version="1.0" encoding="utf-8"?><testsuites name="pytest tests"><testsuite name="pytest" errors="0" failures="0" skipped="0" tests="17" time="11.530" timestamp="2026-03-08T06:42:21.228416+00:00" hostname="agent-env-e29b0808-ff2e-4cc8-9eb8-5c99a89c29cb"><testcase classname="tests.test_ocb_api.TestHealthAndAuth" name="test_health_check" time="0.129" /><testcase classname="tests.test_ocb_api.TestHealthAndAuth" name="test_login_success" time="0.326" /><testcase classname="tests.test_ocb_api.TestHealthAndAuth" name="test_login_invalid_credentials" time="0.106" /><testcase classname="tests.test_ocb_api.TestCRM" name="test_get_customers" time="0.461" /><testcase classname="tests.test_ocb_api.TestCRM" name="test_create_customer" time="0.420" /><testcase classname="tests.test_ocb_api.TestBranches" name="test_get_branches" time="0.427" /><testcase classname="tests.test_ocb_api.TestBranches" name="test_create_branch" time="0.423" /><testcase classname="tests.test_ocb_api.TestKnowledgeBase" name="test_get_knowledge" time="0.437" /><testcase classname="tests.test_ocb_api.TestKnowledgeBase" name="test_create_knowledge" time="0.451" /><testcase classname="tests.test_ocb_api.TestWhatsAppIntegration" name="test_get_whatsapp_status" time="0.425" /><testcase classname="tests.test_ocb_api.TestWhatsAppIntegration" name="test_get_whatsapp_config" time="0.422" /><testcase classname="tests.test_ocb_api.TestWhatsAppIntegration" name="test_save_whatsapp_config" time="0.433" /><testcase classname="tests.test_ocb_api.TestWhatsAppIntegration" name="test_get_whatsapp_messages" time="0.426" /><testcase classname="tests.test_ocb_api.TestWhatsAppIntegration" name="test_get_whatsapp_logs" time="0.438" /><testcase classname="tests.test_ocb_api.TestWhatsAppIntegration" name="test_whatsapp_test_message" time="2.107" /><testcase classname="tests.test_ocb_api.TestAIChat" name="test_ai_chat_message" time="3.585" /><testcase classname="tests.test_ocb_api.TestAnalytics" name="test_get_analytics_dashboard" time="0.459" /></testsuite></testsuites>