<?xml version="1.0" encoding="utf-8"?><testsuites name="pytest tests"><testsuite name="pytest" errors="0" failures="0" skipped="2" tests="23" time="9.259" timestamp="2026-03-12T07:22:02.230999+00:00" hostname="agent-env-e29b0808-ff2e-4cc8-9eb8-5c99a89c29cb"><testcase classname="backend.tests.test_commission_cash_control_phase3.TestCommissionPolicy" name="test_get_commission_policy" time="0.605" /><testcase classname="backend.tests.test_commission_cash_control_phase3.TestCommissionPolicy" name="test_update_commission_policy" time="0.249" /><testcase classname="backend.tests.test_commission_cash_control_phase3.TestCommissionSimulate" name="test_simulate_commission_eligible" time="0.546" /><testcase classname="backend.tests.test_commission_cash_control_phase3.TestCommissionSimulate" name="test_simulate_commission_with_super_bonus" time="0.104" /><testcase classname="backend.tests.test_commission_cash_control_phase3.TestCommissionSimulate" name="test_simulate_commission_below_minimum" time="0.104" /><testcase classname="backend.tests.test_commission_cash_control_phase3.TestCommissionCalculate" name="test_calculate_commissions_all" time="0.533" /><testcase classname="backend.tests.test_commission_cash_control_phase3.TestCommissionList" name="test_list_commissions" time="0.537" /><testcase classname="backend.tests.test_commission_cash_control_phase3.TestCommissionList" name="test_list_commissions_with_status_filter" time="0.107" /><testcase classname="backend.tests.test_commission_cash_control_phase3.TestCommissionDashboard" name="test_get_dashboard_summary" time="0.537" /><testcase classname="backend.tests.test_commission_cash_control_phase3.TestCommissionApproveAndPay" name="test_approve_commissions" time="0.539"><skipped type="pytest.skip" message="No calculated commissions to approve">/app/backend/tests/test_commission_cash_control_phase3.py:296: No calculated commissions to approve</skipped></testcase><testcase classname="backend.tests.test_commission_cash_control_phase3.TestCommissionApproveAndPay" name="test_pay_commissions" time="0.104"><skipped type="pytest.skip" message="No approved commissions to pay">/app/backend/tests/test_commission_cash_control_phase3.py:327: No approved commissions to pay</skipped></testcase><testcase classname="backend.tests.test_commission_cash_control_phase3.TestCashControlShift" name="test_open_shift" time="0.777" /><testcase classname="backend.tests.test_commission_cash_control_phase3.TestCashControlShift" name="test_get_current_shift" time="0.108" /><testcase classname="backend.tests.test_commission_cash_control_phase3.TestCashControlShift" name="test_list_shifts" time="0.102" /><testcase classname="backend.tests.test_commission_cash_control_phase3.TestCashControlShift" name="test_list_shifts_with_filter" time="0.107" /><testcase classname="backend.tests.test_commission_cash_control_phase3.TestCashControlCloseShift" name="test_close_shift_with_discrepancy" time="0.692" /><testcase classname="backend.tests.test_commission_cash_control_phase3.TestCashControlDashboard" name="test_get_dashboard_summary" time="0.540" /><testcase classname="backend.tests.test_commission_cash_control_phase3.TestCashControlDiscrepancies" name="test_list_discrepancies" time="0.552" /><testcase classname="backend.tests.test_commission_cash_control_phase3.TestCashControlDiscrepancies" name="test_resolve_discrepancy" time="0.213" /><testcase classname="backend.tests.test_commission_cash_control_phase3.TestCashControlDeposits" name="test_record_deposit" time="0.644" /><testcase classname="backend.tests.test_commission_cash_control_phase3.TestCashControlDeposits" name="test_list_deposits" time="0.108" /><testcase classname="backend.tests.test_commission_cash_control_phase3.TestIntegration" name="test_commission_workflow" time="0.738" /><testcase classname="backend.tests.test_commission_cash_control_phase3.TestIntegration" name="test_cash_control_workflow" time="0.594" /></testsuite></testsuites>