<?xml version="1.0" encoding="utf-8"?><testsuites name="pytest tests"><testsuite name="pytest" errors="0" failures="0" skipped="0" tests="18" time="8.153" timestamp="2026-03-13T16:51:56.255294+00:00" hostname="agent-env-e29b0808-ff2e-4cc8-9eb8-5c99a89c29cb"><testcase classname="tests.test_multitenant_blueprint_iter61.TestHealthAndSetup" name="test_health_endpoint" time="0.314" /><testcase classname="tests.test_multitenant_blueprint_iter61.TestOwnerLoginToOcbTitan" name="test_switch_to_ocb_titan" time="0.125" /><testcase classname="tests.test_multitenant_blueprint_iter61.TestOwnerLoginToOcbTitan" name="test_owner_login_ocb_titan" time="0.363" /><testcase classname="tests.test_multitenant_blueprint_iter61.TestSwitchTenant" name="test_switch_to_ocb_unit_4" time="0.140" /><testcase classname="tests.test_multitenant_blueprint_iter61.TestSwitchTenant" name="test_verify_current_business" time="0.152" /><testcase classname="tests.test_multitenant_blueprint_iter61.TestSwitchTenant" name="test_health_shows_ocb_unit_4" time="0.140" /><testcase classname="tests.test_multitenant_blueprint_iter61.TestCreateUserWithRoleId" name="test_create_user_with_role_id" time="1.031" /><testcase classname="tests.test_multitenant_blueprint_iter61.TestBlueprintStatusAPI" name="test_blueprint_status_endpoint" time="0.634" /><testcase classname="tests.test_multitenant_blueprint_iter61.TestBlueprintStatusAPI" name="test_all_tenants_have_blueprint_2_0_0" time="0.597" /><testcase classname="tests.test_multitenant_blueprint_iter61.TestBlueprintStatusAPI" name="test_all_tenants_have_all_required_collections" time="0.613" /><testcase classname="tests.test_multitenant_blueprint_iter61.TestBlueprintStatusAPI" name="test_all_tenants_no_sync_needed" time="0.600" /><testcase classname="tests.test_multitenant_blueprint_iter61.TestTenantListAPI" name="test_tenant_list_endpoint" time="0.568" /><testcase classname="tests.test_multitenant_blueprint_iter61.TestTenantListAPI" name="test_tenant_list_has_required_fields" time="0.539" /><testcase classname="tests.test_multitenant_blueprint_iter61.TestTenantListAPI" name="test_ocb_unit_4_in_tenant_list" time="0.508" /><testcase classname="tests.test_multitenant_blueprint_iter61.TestNewUserLogin" name="test_switch_to_ocb_unit_4_for_login" time="0.117" /><testcase classname="tests.test_multitenant_blueprint_iter61.TestNewUserLogin" name="test_existing_test_user_login" time="0.347" /><testcase classname="tests.test_multitenant_blueprint_iter61.TestNewUserLogin" name="test_create_and_login_new_user" time="1.056" /><testcase classname="tests.test_multitenant_blueprint_iter61.TestCleanup" name="test_switch_back_to_ocb_titan" time="0.123" /></testsuite></testsuites>