<?xml version="1.0" encoding="utf-8"?><testsuites name="pytest tests"><testsuite name="pytest" errors="0" failures="0" skipped="1" tests="18" time="3.861" timestamp="2026-03-15T22:38:51.872700+00:00" hostname="agent-env-e29b0808-ff2e-4cc8-9eb8-5c99a89c29cb"><testcase classname="backend.tests.test_hr_leave_phase3.TestLeaveTypes" name="test_get_leave_types_returns_list" time="0.680" /><testcase classname="backend.tests.test_hr_leave_phase3.TestLeaveTypes" name="test_leave_type_has_required_fields" time="0.159" /><testcase classname="backend.tests.test_hr_leave_phase3.TestLeaveTypes" name="test_create_leave_type" time="0.134" /><testcase classname="backend.tests.test_hr_leave_phase3.TestLeaveRequests" name="test_get_leave_requests_paginated" time="0.122" /><testcase classname="backend.tests.test_hr_leave_phase3.TestLeaveRequests" name="test_filter_leave_requests_by_status" time="0.293" /><testcase classname="backend.tests.test_hr_leave_phase3.TestLeaveRequests" name="test_leave_request_has_required_fields" time="0.124" /><testcase classname="backend.tests.test_hr_leave_phase3.TestLeaveRequests" name="test_create_leave_request_requires_employee" time="0.299" /><testcase classname="backend.tests.test_hr_leave_phase3.TestLeaveRequests" name="test_create_leave_request_invalid_employee" time="0.164" /><testcase classname="backend.tests.test_hr_leave_phase3.TestApprovalWorkflow" name="test_approve_leave_request" time="0.300" /><testcase classname="backend.tests.test_hr_leave_phase3.TestApprovalWorkflow" name="test_reject_leave_request" time="0.176" /><testcase classname="backend.tests.test_hr_leave_phase3.TestApprovalWorkflow" name="test_approve_already_processed_fails" time="0.178" /><testcase classname="backend.tests.test_hr_leave_phase3.TestCancelLeaveRequest" name="test_cancel_pending_request" time="0.150"><skipped type="pytest.skip" message="No pending requests to cancel">/app/backend/tests/test_hr_leave_phase3.py:345: No pending requests to cancel</skipped></testcase><testcase classname="backend.tests.test_hr_leave_phase3.TestCancelLeaveRequest" name="test_cancel_approved_request_fails" time="0.174" /><testcase classname="backend.tests.test_hr_leave_phase3.TestLeaveBalance" name="test_get_leave_balance" time="0.176" /><testcase classname="backend.tests.test_hr_leave_phase3.TestLeaveBalance" name="test_leave_balance_invalid_employee" time="0.127" /><testcase classname="backend.tests.test_hr_leave_phase3.TestGetSingleLeaveRequest" name="test_get_leave_request_by_id" time="0.200" /><testcase classname="backend.tests.test_hr_leave_phase3.TestGetSingleLeaveRequest" name="test_get_leave_request_by_request_no" time="0.192" /><testcase classname="backend.tests.test_hr_leave_phase3.TestGetSingleLeaveRequest" name="test_get_invalid_leave_request" time="0.121" /></testsuite></testsuites>