<?xml version="1.0" encoding="utf-8"?><testsuites name="pytest tests"><testsuite name="pytest" errors="0" failures="0" skipped="0" tests="23" time="8.510" timestamp="2026-03-10T19:46:47.685884+00:00" hostname="agent-env-e29b0808-ff2e-4cc8-9eb8-5c99a89c29cb"><testcase classname="backend.tests.test_enterprise_rbac_security.TestEnterpriseRBACUsers" name="test_01_pemilik_login" time="0.538" /><testcase classname="backend.tests.test_enterprise_rbac_security.TestEnterpriseRBACUsers" name="test_02_pemilik_inherit_all_true" time="0.139" /><testcase classname="backend.tests.test_enterprise_rbac_security.TestEnterpriseRBACUsers" name="test_03_pemilik_all_permissions_granted" time="0.148" /><testcase classname="backend.tests.test_enterprise_rbac_security.TestEnterpriseRBACUsers" name="test_04_pemilik_can_access_all_menus" time="0.112" /><testcase classname="backend.tests.test_enterprise_rbac_security.TestEnterpriseRBACUsers" name="test_05_admin_login" time="0.382" /><testcase classname="backend.tests.test_enterprise_rbac_security.TestEnterpriseRBACUsers" name="test_06_admin_level_5_permissions" time="0.143" /><testcase classname="backend.tests.test_enterprise_rbac_security.TestEnterpriseRBACUsers" name="test_07_admin_cannot_manage_roles" time="0.351" /><testcase classname="backend.tests.test_enterprise_rbac_security.TestEnterpriseRBACUsers" name="test_08_supervisor_login" time="0.358" /><testcase classname="backend.tests.test_enterprise_rbac_security.TestEnterpriseRBACUsers" name="test_09_supervisor_can_approve" time="0.146" /><testcase classname="backend.tests.test_enterprise_rbac_security.TestEnterpriseRBACUsers" name="test_10_supervisor_cannot_delete" time="0.115" /><testcase classname="backend.tests.test_enterprise_rbac_security.TestEnterpriseRBACUsers" name="test_11_kasir_login" time="0.344" /><testcase classname="backend.tests.test_enterprise_rbac_security.TestEnterpriseRBACUsers" name="test_12_kasir_can_sell_and_print" time="0.274" /><testcase classname="backend.tests.test_enterprise_rbac_security.TestEnterpriseRBACUsers" name="test_13_kasir_cannot_view_finance_reports" time="0.172" /><testcase classname="backend.tests.test_enterprise_rbac_security.TestEnterpriseRBACUsers" name="test_14_viewer_login" time="0.389" /><testcase classname="backend.tests.test_enterprise_rbac_security.TestEnterpriseRBACUsers" name="test_15_viewer_view_only_true" time="0.871" /><testcase classname="backend.tests.test_enterprise_rbac_security.TestEnterpriseRBACUsers" name="test_16_viewer_cannot_create_edit_delete" time="0.419" /><testcase classname="backend.tests.test_enterprise_rbac_security.TestAPIProtection403" name="test_17_viewer_delete_gets_403_forbidden" time="0.497" /><testcase classname="backend.tests.test_enterprise_rbac_security.TestRoleHierarchyAndAudit" name="test_18_role_hierarchy_levels" time="0.447" /><testcase classname="backend.tests.test_enterprise_rbac_security.TestRoleHierarchyAndAudit" name="test_19_audit_log_recording" time="0.523" /><testcase classname="backend.tests.test_enterprise_rbac_security.TestRoleHierarchyAndAudit" name="test_20_security_alerts" time="0.490" /><testcase classname="backend.tests.test_enterprise_rbac_security.TestPermissionMatrix" name="test_21_permission_matrix_structure" time="0.509" /><testcase classname="backend.tests.test_enterprise_rbac_security.TestPermissionMatrix" name="test_22_permission_matrix_for_role" time="0.578" /><testcase classname="backend.tests.test_enterprise_rbac_security.TestRBACValidation" name="test_23_rbac_system_validation" time="0.481" /></testsuite></testsuites>