<?xml version="1.0" encoding="utf-8"?><testsuites name="pytest tests"><testsuite name="pytest" errors="0" failures="0" skipped="0" tests="17" time="9.408" timestamp="2026-03-17T20:46:15.662516+00:00" hostname="agent-env-e29b0808-ff2e-4cc8-9eb8-5c99a89c29cb"><testcase classname="backend.tests.test_payroll_purchase_iter85.TestPayrollTenantIsolation" name="test_login_ocb_titan_and_get_jwt" time="0.526" /><testcase classname="backend.tests.test_payroll_purchase_iter85.TestPayrollTenantIsolation" name="test_login_ocb_unt_1_and_get_jwt" time="0.357" /><testcase classname="backend.tests.test_payroll_purchase_iter85.TestPayrollTenantIsolation" name="test_payroll_data_isolation_ocb_titan" time="0.455" /><testcase classname="backend.tests.test_payroll_purchase_iter85.TestPayrollTenantIsolation" name="test_payroll_data_isolation_ocb_unt_1" time="0.513" /><testcase classname="backend.tests.test_payroll_purchase_iter85.TestPayrollTenantIsolation" name="test_employees_isolation_between_tenants" time="1.020" /><testcase classname="backend.tests.test_payroll_purchase_iter85.TestPurchaseSearchableSelectFields" name="test_get_suppliers_for_searchable_select" time="0.443" /><testcase classname="backend.tests.test_payroll_purchase_iter85.TestPurchaseSearchableSelectFields" name="test_get_warehouses_for_searchable_select" time="0.458" /><testcase classname="backend.tests.test_payroll_purchase_iter85.TestPurchaseSearchableSelectFields" name="test_get_employees_for_pic_searchable_select" time="0.487" /><testcase classname="backend.tests.test_payroll_purchase_iter85.TestPurchaseSearchableSelectFields" name="test_get_cash_bank_accounts_for_payment_searchable_select" time="0.453" /><testcase classname="backend.tests.test_payroll_purchase_iter85.TestPurchasePartialReceipt" name="test_create_po_for_partial_receipt" time="0.558" /><testcase classname="backend.tests.test_payroll_purchase_iter85.TestPurchasePartialReceipt" name="test_submit_po_for_receiving" time="0.603" /><testcase classname="backend.tests.test_payroll_purchase_iter85.TestPurchasePartialReceipt" name="test_partial_receipt_flow" time="0.790" /><testcase classname="backend.tests.test_payroll_purchase_iter85.TestPurchasePartialReceipt" name="test_stock_movement_created_on_receipt" time="0.480" /><testcase classname="backend.tests.test_payroll_purchase_iter85.TestPurchaseE2ERegression" name="test_purchase_orders_list" time="0.411" /><testcase classname="backend.tests.test_payroll_purchase_iter85.TestPurchaseE2ERegression" name="test_purchase_returns_list" time="0.479" /><testcase classname="backend.tests.test_payroll_purchase_iter85.TestPurchaseE2ERegression" name="test_purchase_price_history" time="0.448" /><testcase classname="backend.tests.test_payroll_purchase_iter85.TestPurchaseE2ERegression" name="test_full_purchase_cycle" time="0.766" /></testsuite></testsuites>