<?xml version="1.0" encoding="utf-8"?><testsuites name="pytest tests"><testsuite name="pytest" errors="0" failures="0" skipped="0" tests="17" time="3.878" timestamp="2026-03-12T09:55:59.621029+00:00" hostname="agent-env-e29b0808-ff2e-4cc8-9eb8-5c99a89c29cb"><testcase classname="backend.tests.test_stock_reorder_payroll_fixes.TestStockReorderDashboard" name="test_stock_reorder_dashboard_returns_summary" time="1.097" /><testcase classname="backend.tests.test_stock_reorder_payroll_fixes.TestStockReorderDashboard" name="test_stock_reorder_suggestions_returns_items" time="0.168" /><testcase classname="backend.tests.test_stock_reorder_payroll_fixes.TestStockReorderDashboard" name="test_stock_reorder_suggestions_filter_by_urgency" time="0.715" /><testcase classname="backend.tests.test_stock_reorder_payroll_fixes.TestStockReorderPOGeneration" name="test_generate_po_draft_preview_mode" time="0.196" /><testcase classname="backend.tests.test_stock_reorder_payroll_fixes.TestStockReorderPOGeneration" name="test_generate_po_draft_save_to_db" time="0.193" /><testcase classname="backend.tests.test_stock_reorder_payroll_fixes.TestStockReorderPOGeneration" name="test_saved_po_visible_in_purchase_list" time="0.245" /><testcase classname="backend.tests.test_stock_reorder_payroll_fixes.TestStockReorderPOGeneration" name="test_generate_po_with_urgency_filter" time="0.184" /><testcase classname="backend.tests.test_stock_reorder_payroll_fixes.TestPayrollPeriodManagement" name="test_list_payroll_periods" time="0.052" /><testcase classname="backend.tests.test_stock_reorder_payroll_fixes.TestPayrollPeriodManagement" name="test_create_payroll_period_success" time="0.053" /><testcase classname="backend.tests.test_stock_reorder_payroll_fixes.TestPayrollPeriodManagement" name="test_create_payroll_period_duplicate_validation" time="0.100" /><testcase classname="backend.tests.test_stock_reorder_payroll_fixes.TestPayrollPeriodManagement" name="test_get_payroll_period_details" time="0.110" /><testcase classname="backend.tests.test_stock_reorder_payroll_fixes.TestPayrollGeneration" name="test_generate_payroll_for_period" time="0.168" /><testcase classname="backend.tests.test_stock_reorder_payroll_fixes.TestPayrollGeneration" name="test_payroll_details_endpoint" time="0.091" /><testcase classname="backend.tests.test_stock_reorder_payroll_fixes.TestStockReorderPurchaseIntegration" name="test_po_from_reorder_has_correct_source" time="0.052" /><testcase classname="backend.tests.test_stock_reorder_payroll_fixes.TestAPIAuthentication" name="test_stock_reorder_requires_auth" time="0.100" /><testcase classname="backend.tests.test_stock_reorder_payroll_fixes.TestAPIAuthentication" name="test_payroll_requires_auth" time="0.108" /><testcase classname="backend.tests.test_stock_reorder_payroll_fixes.TestAPIAuthentication" name="test_generate_po_requires_auth" time="0.106" /></testsuite></testsuites>