<?xml version="1.0" encoding="utf-8"?><testsuites name="pytest tests"><testsuite name="pytest" errors="0" failures="1" skipped="0" tests="22" time="4.729" timestamp="2026-03-13T12:03:05.800982+00:00" hostname="agent-env-e29b0808-ff2e-4cc8-9eb8-5c99a89c29cb"><testcase classname="tests.test_batch4_final_validation.TestDatabaseInitialization" name="test_init_check_returns_ready" time="0.574" /><testcase classname="tests.test_batch4_final_validation.TestDatabaseInitialization" name="test_init_check_requires_auth" time="0.108" /><testcase classname="tests.test_batch4_final_validation.TestRBACOwner" name="test_owner_login_has_wildcard_permission" time="0.427" /><testcase classname="tests.test_batch4_final_validation.TestRBACOwner" name="test_owner_can_access_master_data" time="0.118" /><testcase classname="tests.test_batch4_final_validation.TestRBACOwner" name="test_owner_can_access_users" time="0.133" /><testcase classname="tests.test_batch4_final_validation.TestRBACOwner" name="test_owner_can_access_roles" time="0.105" /><testcase classname="tests.test_batch4_final_validation.TestRBACOwner" name="test_owner_can_access_accounting" time="0.116" /><testcase classname="tests.test_batch4_final_validation.TestRBACOwner" name="test_owner_can_access_inventory" time="0.117" /><testcase classname="tests.test_batch4_final_validation.TestRBACOwner" name="test_owner_can_access_purchase" time="0.119" /><testcase classname="tests.test_batch4_final_validation.TestRBACOwner" name="test_owner_can_access_sales" time="0.117" /><testcase classname="tests.test_batch4_final_validation.TestRBACKasir" name="test_kasir_login_has_limited_permissions" time="0.753" /><testcase classname="tests.test_batch4_final_validation.TestRBACKasir" name="test_kasir_can_view_products" time="0.140" /><testcase classname="tests.test_batch4_final_validation.TestRBACKasir" name="test_kasir_cannot_delete_product" time="0.499" /><testcase classname="tests.test_batch4_final_validation.TestRBACKasir" name="test_kasir_cannot_access_settings" time="0.216"><failure message="AssertionError: Kasir should NOT edit settings: 405&#10;assert 405 in [403, 401, 404]&#10; +  where 405 = &lt;Response [405]&gt;.status_code">tests/test_batch4_final_validation.py:200: in test_kasir_cannot_access_settings
    assert edit_res.status_code in [403, 401, 404], f"Kasir should NOT edit settings: {edit_res.status_code}"
E   AssertionError: Kasir should NOT edit settings: 405
E   assert 405 in [403, 401, 404]
E    +  where 405 = &lt;Response [405]&gt;.status_code</failure></testcase><testcase classname="tests.test_batch4_final_validation.TestRBACKasir" name="test_kasir_can_create_pos_transaction" time="0.113" /><testcase classname="tests.test_batch4_final_validation.TestARPaymentDropdown" name="test_accounts_endpoint_returns_kas_bank" time="0.105" /><testcase classname="tests.test_batch4_final_validation.TestARPaymentDropdown" name="test_accounts_have_required_fields" time="0.139" /><testcase classname="tests.test_batch4_final_validation.TestStockOpnameEndpoint" name="test_opnames_list_endpoint" time="0.137" /><testcase classname="tests.test_batch4_final_validation.TestStockOpnameEndpoint" name="test_branches_endpoint_for_opname" time="0.140" /><testcase classname="tests.test_batch4_final_validation.TestStockOpnameEndpoint" name="test_inventory_stock_endpoint" time="0.116" /><testcase classname="tests.test_batch4_final_validation.TestRolesConfiguration" name="test_owner_role_exists_with_permissions" time="0.104" /><testcase classname="tests.test_batch4_final_validation.TestRolesConfiguration" name="test_kasir_role_exists_with_limited_permissions" time="0.115" /></testsuite></testsuites>