<?xml version="1.0" encoding="utf-8"?><testsuites name="pytest tests"><testsuite name="pytest" errors="0" failures="0" skipped="0" tests="20" time="5.160" timestamp="2026-03-09T11:26:35.507761+00:00" hostname="agent-env-e29b0808-ff2e-4cc8-9eb8-5c99a89c29cb"><testcase classname="tests.test_ocb_titan_e2e.TestAuthentication" name="test_login_success" time="0.397" /><testcase classname="tests.test_ocb_titan_e2e.TestAuthentication" name="test_login_invalid_credentials" time="0.104" /><testcase classname="tests.test_ocb_titan_e2e.TestAuthentication" name="test_auth_me_with_valid_token" time="0.484" /><testcase classname="tests.test_ocb_titan_e2e.TestWarroom" name="test_warroom_snapshot" time="0.451" /><testcase classname="tests.test_ocb_titan_e2e.TestWarroom" name="test_warroom_branches_performance" time="0.103" /><testcase classname="tests.test_ocb_titan_e2e.TestWarroom" name="test_warroom_alerts" time="0.112" /><testcase classname="tests.test_ocb_titan_e2e.TestAISales" name="test_list_conversations" time="0.466" /><testcase classname="tests.test_ocb_titan_e2e.TestAISales" name="test_start_conversation" time="0.104" /><testcase classname="tests.test_ocb_titan_e2e.TestAISales" name="test_send_message_katalog" time="0.250" /><testcase classname="tests.test_ocb_titan_e2e.TestAISales" name="test_send_message_beli" time="0.237" /><testcase classname="tests.test_ocb_titan_e2e.TestStockMonitor" name="test_stock_overview" time="0.434" /><testcase classname="tests.test_ocb_titan_e2e.TestStockMonitor" name="test_stock_alerts" time="0.103" /><testcase classname="tests.test_ocb_titan_e2e.TestAICFO" name="test_financial_summary" time="0.432" /><testcase classname="tests.test_ocb_titan_e2e.TestAICFO" name="test_profit_analysis" time="0.110" /><testcase classname="tests.test_ocb_titan_e2e.TestAICFO" name="test_ai_recommendations" time="0.104" /><testcase classname="tests.test_ocb_titan_e2e.TestAIMarketing" name="test_campaigns_list" time="0.417" /><testcase classname="tests.test_ocb_titan_e2e.TestAIMarketing" name="test_customer_segments" time="0.099" /><testcase classname="tests.test_ocb_titan_e2e.TestAIMarketing" name="test_customer_recommendations" time="0.102" /><testcase classname="tests.test_ocb_titan_e2e.TestBusinessManager" name="test_list_businesses" time="0.425" /><testcase classname="tests.test_ocb_titan_e2e.TestBusinessManager" name="test_current_business" time="0.102" /></testsuite></testsuites>