<?xml version="1.0" encoding="utf-8"?><testsuites name="pytest tests"><testsuite name="pytest" errors="0" failures="0" skipped="0" tests="11" time="2.164" timestamp="2026-03-20T17:47:38.182295+00:00" hostname="agent-env-e29b0808-ff2e-4cc8-9eb8-5c99a89c29cb"><testcase classname="backend.tests.test_kartu_stok_mode_filter_iter107.TestKartuStokModeFilter" name="test_01_login_success" time="0.540" /><testcase classname="backend.tests.test_kartu_stok_mode_filter_iter107.TestKartuStokModeFilter" name="test_02_items_search_accessible" time="0.229" /><testcase classname="backend.tests.test_kartu_stok_mode_filter_iter107.TestKartuStokModeFilter" name="test_03_item_001002_found" time="0.110" /><testcase classname="backend.tests.test_kartu_stok_mode_filter_iter107.TestKartuStokModeFilter" name="test_04_stock_card_modal_accessible" time="0.123" /><testcase classname="backend.tests.test_kartu_stok_mode_filter_iter107.TestKartuStokModeFilter" name="test_05_semua_periode_item_001002_balance" time="0.110" /><testcase classname="backend.tests.test_kartu_stok_mode_filter_iter107.TestKartuStokModeFilter" name="test_06_stock_card_period_accessible" time="0.187" /><testcase classname="backend.tests.test_kartu_stok_mode_filter_iter107.TestKartuStokModeFilter" name="test_07_period_march_2026_item_001002_balance" time="0.162" /><testcase classname="backend.tests.test_kartu_stok_mode_filter_iter107.TestKartuStokModeFilter" name="test_08_period_mode_shows_transactions" time="0.120" /><testcase classname="backend.tests.test_kartu_stok_mode_filter_iter107.TestKartuStokModeFilter" name="test_09_both_modes_consistent_balance" time="0.239" /><testcase classname="backend.tests.test_kartu_stok_mode_filter_iter107.TestKartuStokModeFilter" name="test_10_empty_period_returns_zero" time="0.152" /><testcase classname="backend.tests.test_kartu_stok_mode_filter_iter107.TestKartuStokModeFilter" name="test_11_daftar_item_stock_matches" time="0.117" /></testsuite></testsuites>