<?xml version="1.0" encoding="utf-8"?><testsuites name="pytest tests"><testsuite name="pytest" errors="0" failures="2" skipped="0" tests="23" time="12.526" timestamp="2026-03-11T18:06:05.646234+00:00" hostname="agent-env-e29b0808-ff2e-4cc8-9eb8-5c99a89c29cb"><testcase classname="backend.tests.test_iteration33_owner_finance_purchase.TestOwnerDashboardAPIs" name="test_01_pos_transactions_for_sales_kpi" time="0.548" /><testcase classname="backend.tests.test_iteration33_owner_finance_purchase.TestOwnerDashboardAPIs" name="test_02_purchase_orders_for_purchases_kpi" time="0.535" /><testcase classname="backend.tests.test_iteration33_owner_finance_purchase.TestOwnerDashboardAPIs" name="test_03_ar_list_for_receivables_kpi" time="0.478" /><testcase classname="backend.tests.test_iteration33_owner_finance_purchase.TestOwnerDashboardAPIs" name="test_04_ap_list_for_payables_kpi" time="0.539" /><testcase classname="backend.tests.test_iteration33_owner_finance_purchase.TestOwnerDashboardAPIs" name="test_05_deposits_for_setoran_kpi" time="0.629"><failure message="AssertionError: Deposits failed: {&quot;detail&quot;:&quot;Not Found&quot;}&#10;assert 404 == 200&#10; +  where 404 = &lt;Response [404]&gt;.status_code">backend/tests/test_iteration33_owner_finance_purchase.py:64: in test_05_deposits_for_setoran_kpi
    assert res.status_code == 200, f"Deposits failed: {res.text}"
E   AssertionError: Deposits failed: {"detail":"Not Found"}
E   assert 404 == 200
E    +  where 404 = &lt;Response [404]&gt;.status_code</failure></testcase><testcase classname="backend.tests.test_iteration33_owner_finance_purchase.TestOwnerDashboardAPIs" name="test_06_inventory_low_stock" time="0.497" /><testcase classname="backend.tests.test_iteration33_owner_finance_purchase.TestOwnerDashboardAPIs" name="test_07_employees_for_stats" time="0.564" /><testcase classname="backend.tests.test_iteration33_owner_finance_purchase.TestOwnerDashboardAPIs" name="test_08_branches_for_performance" time="0.530" /><testcase classname="backend.tests.test_iteration33_owner_finance_purchase.TestFinanceDashboardAPIs" name="test_01_trial_balance_for_accounts" time="0.463"><failure message="AssertionError: Trial balance failed: {&quot;detail&quot;:&quot;Not Found&quot;}&#10;assert 404 == 200&#10; +  where 404 = &lt;Response [404]&gt;.status_code">backend/tests/test_iteration33_owner_finance_purchase.py:109: in test_01_trial_balance_for_accounts
    assert res.status_code == 200, f"Trial balance failed: {res.text}"
E   AssertionError: Trial balance failed: {"detail":"Not Found"}
E   assert 404 == 200
E    +  where 404 = &lt;Response [404]&gt;.status_code</failure></testcase><testcase classname="backend.tests.test_iteration33_owner_finance_purchase.TestFinanceDashboardAPIs" name="test_02_journals_for_recent_entries" time="0.625" /><testcase classname="backend.tests.test_iteration33_owner_finance_purchase.TestFinanceDashboardAPIs" name="test_03_ar_for_piutang_summary" time="0.448" /><testcase classname="backend.tests.test_iteration33_owner_finance_purchase.TestFinanceDashboardAPIs" name="test_04_ap_for_hutang_summary" time="0.451" /><testcase classname="backend.tests.test_iteration33_owner_finance_purchase.TestPurchaseEnterpriseAPIs" name="test_01_list_purchase_orders" time="0.460" /><testcase classname="backend.tests.test_iteration33_owner_finance_purchase.TestPurchaseEnterpriseAPIs" name="test_02_suppliers_for_dropdown" time="0.506" /><testcase classname="backend.tests.test_iteration33_owner_finance_purchase.TestPurchaseEnterpriseAPIs" name="test_03_products_for_item_search" time="0.495" /><testcase classname="backend.tests.test_iteration33_owner_finance_purchase.TestPurchaseEnterpriseAPIs" name="test_04_warehouses_for_dropdown" time="0.466" /><testcase classname="backend.tests.test_iteration33_owner_finance_purchase.TestPurchaseEnterpriseAPIs" name="test_05_branches_for_dropdown" time="0.506" /><testcase classname="backend.tests.test_iteration33_owner_finance_purchase.TestPurchaseEnterpriseAPIs" name="test_06_create_purchase_order" time="0.714" /><testcase classname="backend.tests.test_iteration33_owner_finance_purchase.TestPurchaseEnterpriseAPIs" name="test_07_get_purchase_order_detail" time="0.501" /><testcase classname="backend.tests.test_iteration33_owner_finance_purchase.TestPurchaseEnterpriseAPIs" name="test_08_price_history_api" time="0.599" /><testcase classname="backend.tests.test_iteration33_owner_finance_purchase.TestPurchaseEnterpriseAPIs" name="test_09_filter_po_by_status" time="0.910" /><testcase classname="backend.tests.test_iteration33_owner_finance_purchase.TestPurchaseEnterpriseAPIs" name="test_10_purchase_payments_api" time="0.490" /><testcase classname="backend.tests.test_iteration33_owner_finance_purchase.TestPurchaseEnterpriseAPIs" name="test_11_purchase_returns_api" time="0.456" /></testsuite></testsuites>