<?xml version="1.0" encoding="utf-8"?><testsuites name="pytest tests"><testsuite name="pytest" errors="0" failures="0" skipped="0" tests="34" time="4.258" timestamp="2026-03-08T09:37:20.254955+00:00" hostname="agent-env-e29b0808-ff2e-4cc8-9eb8-5c99a89c29cb"><testcase classname="backend.tests.test_titan_retail.TestHealthAndAuth" name="test_health_check" time="0.131" /><testcase classname="backend.tests.test_titan_retail.TestHealthAndAuth" name="test_api_root" time="0.101" /><testcase classname="backend.tests.test_titan_retail.TestHealthAndAuth" name="test_login_admin" time="0.341" /><testcase classname="backend.tests.test_titan_retail.TestHealthAndAuth" name="test_login_invalid_credentials" time="0.099" /><testcase classname="backend.tests.test_titan_retail.TestDashboard" name="test_owner_dashboard" time="0.426" /><testcase classname="backend.tests.test_titan_retail.TestDashboard" name="test_branch_dashboard" time="0.106" /><testcase classname="backend.tests.test_titan_retail.TestDashboard" name="test_sales_trend" time="0.110" /><testcase classname="backend.tests.test_titan_retail.TestProducts" name="test_get_categories" time="0.108" /><testcase classname="backend.tests.test_titan_retail.TestProducts" name="test_get_products" time="0.118" /><testcase classname="backend.tests.test_titan_retail.TestProducts" name="test_search_products" time="0.100" /><testcase classname="backend.tests.test_titan_retail.TestProducts" name="test_create_category" time="0.108" /><testcase classname="backend.tests.test_titan_retail.TestProducts" name="test_create_product" time="0.099" /><testcase classname="backend.tests.test_titan_retail.TestInventory" name="test_get_stock" time="0.115" /><testcase classname="backend.tests.test_titan_retail.TestInventory" name="test_get_low_stock" time="0.102" /><testcase classname="backend.tests.test_titan_retail.TestInventory" name="test_get_stock_movements" time="0.095" /><testcase classname="backend.tests.test_titan_retail.TestInventory" name="test_get_transfers" time="0.103" /><testcase classname="backend.tests.test_titan_retail.TestPOS" name="test_get_held_transactions" time="0.103" /><testcase classname="backend.tests.test_titan_retail.TestPOS" name="test_get_transactions" time="0.108" /><testcase classname="backend.tests.test_titan_retail.TestPOS" name="test_get_today_summary" time="0.109" /><testcase classname="backend.tests.test_titan_retail.TestCustomers" name="test_get_customers" time="0.102" /><testcase classname="backend.tests.test_titan_retail.TestCustomers" name="test_create_customer" time="0.104" /><testcase classname="backend.tests.test_titan_retail.TestSuppliers" name="test_get_suppliers" time="0.101" /><testcase classname="backend.tests.test_titan_retail.TestSuppliers" name="test_create_supplier" time="0.110" /><testcase classname="backend.tests.test_titan_retail.TestBranches" name="test_get_branches" time="0.104" /><testcase classname="backend.tests.test_titan_retail.TestFinance" name="test_get_cash_balance" time="0.117" /><testcase classname="backend.tests.test_titan_retail.TestFinance" name="test_get_cash_movements" time="0.106" /><testcase classname="backend.tests.test_titan_retail.TestFinance" name="test_get_expenses" time="0.097" /><testcase classname="backend.tests.test_titan_retail.TestFinance" name="test_daily_report" time="0.112" /><testcase classname="backend.tests.test_titan_retail.TestReports" name="test_sales_report" time="0.106" /><testcase classname="backend.tests.test_titan_retail.TestReports" name="test_product_performance" time="0.102" /><testcase classname="backend.tests.test_titan_retail.TestReports" name="test_inventory_report" time="0.098" /><testcase classname="backend.tests.test_titan_retail.TestReports" name="test_branch_comparison" time="0.110" /><testcase classname="backend.tests.test_titan_retail.TestUsers" name="test_get_current_user" time="0.104" /><testcase classname="backend.tests.test_titan_retail.TestUsers" name="test_get_users" time="0.104" /></testsuite></testsuites>