<?xml version="1.0" encoding="utf-8"?><testsuites name="pytest tests"><testsuite name="pytest" errors="0" failures="0" skipped="0" tests="19" time="9.417" timestamp="2026-03-08T12:28:35.097284+00:00" hostname="agent-env-e29b0808-ff2e-4cc8-9eb8-5c99a89c29cb"><testcase classname="backend.tests.test_master_erp_purchase.TestAuthentication" name="test_login_success" time="0.388" /><testcase classname="backend.tests.test_master_erp_purchase.TestBanksCRUD" name="test_list_banks" time="0.440" /><testcase classname="backend.tests.test_master_erp_purchase.TestBanksCRUD" name="test_create_bank" time="0.446" /><testcase classname="backend.tests.test_master_erp_purchase.TestBanksCRUD" name="test_create_update_delete_bank" time="0.873" /><testcase classname="backend.tests.test_master_erp_purchase.TestEmoneyCRUD" name="test_list_emoney" time="0.465" /><testcase classname="backend.tests.test_master_erp_purchase.TestEmoneyCRUD" name="test_create_emoney" time="0.446" /><testcase classname="backend.tests.test_master_erp_purchase.TestEmoneyCRUD" name="test_create_update_delete_emoney" time="0.751" /><testcase classname="backend.tests.test_master_erp_purchase.TestPurchaseOrders" name="test_list_purchase_orders" time="0.441" /><testcase classname="backend.tests.test_master_erp_purchase.TestPurchaseOrders" name="test_filter_purchase_orders_by_status" time="0.757" /><testcase classname="backend.tests.test_master_erp_purchase.TestPurchasePayments" name="test_list_purchase_payments" time="0.450" /><testcase classname="backend.tests.test_master_erp_purchase.TestSalesList" name="test_list_sales_transactions" time="0.444" /><testcase classname="backend.tests.test_master_erp_purchase.TestStockCards" name="test_list_stock" time="0.419" /><testcase classname="backend.tests.test_master_erp_purchase.TestStockCards" name="test_list_low_stock" time="0.434" /><testcase classname="backend.tests.test_master_erp_purchase.TestStockCards" name="test_list_products_for_stock" time="0.426" /><testcase classname="backend.tests.test_master_erp_purchase.TestStockCards" name="test_list_stock_movements" time="0.433" /><testcase classname="backend.tests.test_master_erp_purchase.TestMasterDataEndpoints" name="test_list_regions" time="0.423" /><testcase classname="backend.tests.test_master_erp_purchase.TestMasterDataEndpoints" name="test_list_shipping_costs" time="0.435" /><testcase classname="backend.tests.test_master_erp_purchase.TestMasterDataEndpoints" name="test_list_categories" time="0.435" /><testcase classname="backend.tests.test_master_erp_purchase.TestMasterDataEndpoints" name="test_list_units" time="0.438" /></testsuite></testsuites>