<?xml version="1.0" encoding="utf-8"?><testsuites name="pytest tests"><testsuite name="pytest" errors="0" failures="0" skipped="0" tests="35" time="4.408" timestamp="2026-03-10T03:12:08.550865+00:00" hostname="agent-env-e29b0808-ff2e-4cc8-9eb8-5c99a89c29cb"><testcase classname="backend.tests.test_phase2_export_import.TestAdvancedExportSystem" name="test_export_products_json" time="0.121" /><testcase classname="backend.tests.test_phase2_export_import.TestAdvancedExportSystem" name="test_export_products_csv" time="0.159" /><testcase classname="backend.tests.test_phase2_export_import.TestAdvancedExportSystem" name="test_export_products_xlsx" time="0.153" /><testcase classname="backend.tests.test_phase2_export_import.TestAdvancedExportSystem" name="test_export_products_pdf" time="0.109" /><testcase classname="backend.tests.test_phase2_export_import.TestAdvancedExportSystem" name="test_export_employees_xlsx" time="0.154" /><testcase classname="backend.tests.test_phase2_export_import.TestAdvancedExportSystem" name="test_export_branches_json" time="0.111" /><testcase classname="backend.tests.test_phase2_export_import.TestAdvancedExportSystem" name="test_export_kpi_templates_xlsx" time="0.132" /><testcase classname="backend.tests.test_phase2_export_import.TestAdvancedExportSystem" name="test_export_with_date_range" time="0.116" /><testcase classname="backend.tests.test_phase2_export_import.TestAdvancedExportSystem" name="test_export_employee_ranking" time="0.120" /><testcase classname="backend.tests.test_phase2_export_import.TestAdvancedExportSystem" name="test_export_branch_ranking" time="0.108" /><testcase classname="backend.tests.test_phase2_export_import.TestAdvancedExportSystem" name="test_export_warroom_alerts" time="0.117" /><testcase classname="backend.tests.test_phase2_export_import.TestAdvancedExportSystem" name="test_export_dashboard_summary_pdf" time="0.118" /><testcase classname="backend.tests.test_phase2_export_import.TestImportSystem" name="test_get_import_templates" time="0.126" /><testcase classname="backend.tests.test_phase2_export_import.TestImportSystem" name="test_download_products_template" time="0.107" /><testcase classname="backend.tests.test_phase2_export_import.TestImportSystem" name="test_download_employees_template" time="0.128" /><testcase classname="backend.tests.test_phase2_export_import.TestImportSystem" name="test_download_suppliers_template" time="0.107" /><testcase classname="backend.tests.test_phase2_export_import.TestImportSystem" name="test_download_branches_template" time="0.115" /><testcase classname="backend.tests.test_phase2_export_import.TestImportSystem" name="test_download_invalid_template" time="0.103" /><testcase classname="backend.tests.test_phase2_export_import.TestImportSystem" name="test_import_history" time="0.119" /><testcase classname="backend.tests.test_phase2_export_import.TestFileUploadSystem" name="test_kpi_evidence_endpoint_exists" time="0.111" /><testcase classname="backend.tests.test_phase2_export_import.TestFileUploadSystem" name="test_product_photo_endpoint_exists" time="0.122" /><testcase classname="backend.tests.test_phase2_export_import.TestFileUploadSystem" name="test_get_kpi_evidence_for_target" time="0.110" /><testcase classname="backend.tests.test_phase2_export_import.TestFileUploadSystem" name="test_get_product_photos" time="0.154" /><testcase classname="backend.tests.test_phase2_export_import.TestFileUploadSystem" name="test_enhance_photo_endpoint_exists" time="0.132" /><testcase classname="backend.tests.test_phase2_export_import.TestWhatsAppAlertSystem" name="test_get_alert_triggers" time="0.111" /><testcase classname="backend.tests.test_phase2_export_import.TestWhatsAppAlertSystem" name="test_get_alert_templates" time="0.110" /><testcase classname="backend.tests.test_phase2_export_import.TestWhatsAppAlertSystem" name="test_get_alert_config" time="0.108" /><testcase classname="backend.tests.test_phase2_export_import.TestWhatsAppAlertSystem" name="test_get_alert_recipients" time="0.107" /><testcase classname="backend.tests.test_phase2_export_import.TestWhatsAppAlertSystem" name="test_get_alert_logs" time="0.112" /><testcase classname="backend.tests.test_phase2_export_import.TestWhatsAppAlertSystem" name="test_add_recipient" time="0.124" /><testcase classname="backend.tests.test_phase2_export_import.TestWhatsAppAlertSystem" name="test_init_templates" time="0.108" /><testcase classname="backend.tests.test_phase2_export_import.TestWhatsAppAlertSystem" name="test_send_test_alert" time="0.123" /><testcase classname="backend.tests.test_phase2_export_import.TestWhatsAppAlertSystem" name="test_trigger_minus_kas_alert" time="0.120" /><testcase classname="backend.tests.test_phase2_export_import.TestWhatsAppAlertSystem" name="test_trigger_stok_kosong_alert" time="0.108" /><testcase classname="backend.tests.test_phase2_export_import.TestCleanup" name="test_cleanup_test_recipients" time="0.258" /></testsuite></testsuites>