<?xml version="1.0" encoding="utf-8"?><testsuites name="pytest tests"><testsuite name="pytest" errors="0" failures="0" skipped="0" tests="28" time="8.566" timestamp="2026-03-10T06:31:42.821558+00:00" hostname="agent-env-e29b0808-ff2e-4cc8-9eb8-5c99a89c29cb"><testcase classname="backend.tests.test_multi_db_login_features.TestMultiDatabaseLogin" name="test_list_businesses" time="0.278" /><testcase classname="backend.tests.test_multi_db_login_features.TestMultiDatabaseLogin" name="test_switch_database[db_info0]" time="0.054" /><testcase classname="backend.tests.test_multi_db_login_features.TestMultiDatabaseLogin" name="test_switch_database[db_info1]" time="0.060" /><testcase classname="backend.tests.test_multi_db_login_features.TestMultiDatabaseLogin" name="test_switch_database[db_info2]" time="0.049" /><testcase classname="backend.tests.test_multi_db_login_features.TestMultiDatabaseLogin" name="test_ensure_admin_user[db_info0]" time="0.056" /><testcase classname="backend.tests.test_multi_db_login_features.TestMultiDatabaseLogin" name="test_ensure_admin_user[db_info1]" time="0.053" /><testcase classname="backend.tests.test_multi_db_login_features.TestMultiDatabaseLogin" name="test_ensure_admin_user[db_info2]" time="0.058" /><testcase classname="backend.tests.test_multi_db_login_features.TestMultiDatabaseLogin" name="test_login_to_database[db_info0]" time="0.398" /><testcase classname="backend.tests.test_multi_db_login_features.TestMultiDatabaseLogin" name="test_login_to_database[db_info1]" time="0.376" /><testcase classname="backend.tests.test_multi_db_login_features.TestMultiDatabaseLogin" name="test_login_to_database[db_info2]" time="0.381" /><testcase classname="backend.tests.test_multi_db_login_features.TestMasterERP" name="test_create_shift" time="0.424" /><testcase classname="backend.tests.test_multi_db_login_features.TestMasterERP" name="test_create_jabatan" time="0.418" /><testcase classname="backend.tests.test_multi_db_login_features.TestMasterERP" name="test_create_lokasi_absensi" time="0.427" /><testcase classname="backend.tests.test_multi_db_login_features.TestMasterERP" name="test_create_payroll_rule" time="0.436" /><testcase classname="backend.tests.test_multi_db_login_features.TestEmployeeAPI" name="test_create_employee" time="0.438" /><testcase classname="backend.tests.test_multi_db_login_features.TestEmployeeAPI" name="test_list_employees" time="0.440" /><testcase classname="backend.tests.test_multi_db_login_features.TestProductPhotoUpload" name="test_get_product_for_upload" time="0.101" /><testcase classname="backend.tests.test_multi_db_login_features.TestProductPhotoUpload" name="test_product_photo_upload_endpoint_exists" time="0.113" /><testcase classname="backend.tests.test_multi_db_login_features.TestCRMAI" name="test_create_customer" time="0.446" /><testcase classname="backend.tests.test_multi_db_login_features.TestCRMAI" name="test_analyze_customer_character" time="0.480" /><testcase classname="backend.tests.test_multi_db_login_features.TestHRTraining" name="test_create_training" time="0.419" /><testcase classname="backend.tests.test_multi_db_login_features.TestHRTraining" name="test_list_trainings" time="0.423" /><testcase classname="backend.tests.test_multi_db_login_features.TestAttendanceApproval" name="test_list_pending_approvals" time="0.427" /><testcase classname="backend.tests.test_multi_db_login_features.TestAttendanceApproval" name="test_list_attendance" time="0.427" /><testcase classname="backend.tests.test_multi_db_login_features.TestMassUploadTemplate" name="test_employee_upload_template_download" time="0.525" /><testcase classname="backend.tests.test_multi_db_login_features.TestExportSystem" name="test_export_employees_excel" time="0.424" /><testcase classname="backend.tests.test_multi_db_login_features.TestImportSystem" name="test_list_import_templates" time="0.099" /><testcase classname="backend.tests.test_multi_db_login_features.TestImportSystem" name="test_download_employees_template" time="0.111" /></testsuite></testsuites>