<?xml version="1.0" encoding="utf-8"?><testsuites name="pytest tests"><testsuite name="pytest" errors="0" failures="0" skipped="0" tests="29" time="3.459" timestamp="2026-03-10T09:18:19.378625+00:00" hostname="agent-env-e29b0808-ff2e-4cc8-9eb8-5c99a89c29cb"><testcase classname="tests.test_iteration15_ai_modules.TestLoginFlow" name="test_business_list" time="0.139" /><testcase classname="tests.test_iteration15_ai_modules.TestLoginFlow" name="test_switch_to_ocb_titan" time="0.102" /><testcase classname="tests.test_iteration15_ai_modules.TestLoginFlow" name="test_ensure_admin" time="0.106" /><testcase classname="tests.test_iteration15_ai_modules.TestLoginFlow" name="test_login_with_credentials" time="0.348" /><testcase classname="tests.test_iteration15_ai_modules.TestAIStoreEndpoints" name="test_branch_viability_3months" time="0.113" /><testcase classname="tests.test_iteration15_ai_modules.TestAIStoreEndpoints" name="test_branch_viability_6months" time="0.109" /><testcase classname="tests.test_iteration15_ai_modules.TestAIStoreEndpoints" name="test_new_branch_recommendation" time="0.104" /><testcase classname="tests.test_iteration15_ai_modules.TestAIFraudDetection" name="test_cashier_risk_30days" time="0.110" /><testcase classname="tests.test_iteration15_ai_modules.TestAIFraudDetection" name="test_cashier_risk_7days" time="0.119" /><testcase classname="tests.test_iteration15_ai_modules.TestAIFraudDetection" name="test_cashier_risk_90days" time="0.110" /><testcase classname="tests.test_iteration15_ai_modules.TestAIFraudDetection" name="test_missing_stock_30days" time="0.106" /><testcase classname="tests.test_iteration15_ai_modules.TestAIFraudDetection" name="test_missing_stock_7days" time="0.103" /><testcase classname="tests.test_iteration15_ai_modules.TestAIFraudDetection" name="test_fraud_dashboard" time="0.106" /><testcase classname="tests.test_iteration15_ai_modules.TestAIFraudDetection" name="test_get_fraud_alerts" time="0.112" /><testcase classname="tests.test_iteration15_ai_modules.TestAICFOEndpoints" name="test_cfo_dashboard" time="0.107" /><testcase classname="tests.test_iteration15_ai_modules.TestAICFOEndpoints" name="test_profit_loss_month" time="0.103" /><testcase classname="tests.test_iteration15_ai_modules.TestAICFOEndpoints" name="test_profit_loss_day" time="0.106" /><testcase classname="tests.test_iteration15_ai_modules.TestAICFOEndpoints" name="test_profit_loss_week" time="0.112" /><testcase classname="tests.test_iteration15_ai_modules.TestAICFOEndpoints" name="test_cash_flow_month" time="0.102" /><testcase classname="tests.test_iteration15_ai_modules.TestAICFOEndpoints" name="test_cash_flow_week" time="0.101" /><testcase classname="tests.test_iteration15_ai_modules.TestAICFOEndpoints" name="test_branch_loss_analysis" time="0.102" /><testcase classname="tests.test_iteration15_ai_modules.TestAICFOEndpoints" name="test_employee_efficiency_3months" time="0.109" /><testcase classname="tests.test_iteration15_ai_modules.TestAICFOEndpoints" name="test_employee_efficiency_6months" time="0.102" /><testcase classname="tests.test_iteration15_ai_modules.TestAICFOEndpoints" name="test_trend_analysis" time="0.141" /><testcase classname="tests.test_iteration15_ai_modules.TestPayrollFilesEndpoints" name="test_payroll_dashboard_summary" time="0.113" /><testcase classname="tests.test_iteration15_ai_modules.TestPayrollFilesEndpoints" name="test_company_payroll_report_json" time="0.102" /><testcase classname="tests.test_iteration15_ai_modules.TestAIWarroomEndpoints" name="test_warroom_dashboard" time="0.109" /><testcase classname="tests.test_iteration15_ai_modules.TestHealthAndRoot" name="test_health_check" time="0.100" /><testcase classname="tests.test_iteration15_ai_modules.TestHealthAndRoot" name="test_root_api" time="0.103" /></testsuite></testsuites>