<?xml version="1.0" encoding="utf-8"?><testsuites name="pytest tests"><testsuite name="pytest" errors="0" failures="7" skipped="0" tests="27" time="3.527" timestamp="2026-03-11T18:58:55.162426+00:00" hostname="agent-env-e29b0808-ff2e-4cc8-9eb8-5c99a89c29cb"><testcase classname="backend.tests.test_sales_module_iteration34.TestSalesOrderAPI" name="test_get_sales_orders" time="0.134" /><testcase classname="backend.tests.test_sales_module_iteration34.TestSalesOrderAPI" name="test_create_sales_order" time="0.115" /><testcase classname="backend.tests.test_sales_module_iteration34.TestSalesInvoiceAPI" name="test_get_sales_invoices" time="0.119" /><testcase classname="backend.tests.test_sales_module_iteration34.TestSalesInvoiceAPI" name="test_get_invoices_with_filter" time="0.131" /><testcase classname="backend.tests.test_sales_module_iteration34.TestSalesInvoiceAPI" name="test_create_cash_invoice_with_integration" time="0.113" /><testcase classname="backend.tests.test_sales_module_iteration34.TestSalesInvoiceAPI" name="test_create_credit_invoice_with_ar" time="0.117" /><testcase classname="backend.tests.test_sales_module_iteration34.TestSalesReturnAPI" name="test_get_sales_returns" time="0.134" /><testcase classname="backend.tests.test_sales_module_iteration34.TestSalesReturnAPI" name="test_create_sales_return" time="0.115" /><testcase classname="backend.tests.test_sales_module_iteration34.TestSalesPriceHistoryAPI" name="test_get_price_history" time="0.140" /><testcase classname="backend.tests.test_sales_module_iteration34.TestSalesPriceHistoryAPI" name="test_price_history_filter_by_customer" time="0.160" /><testcase classname="backend.tests.test_sales_module_iteration34.TestSalesPriceHistoryAPI" name="test_price_history_filter_by_product" time="0.115" /><testcase classname="backend.tests.test_sales_module_iteration34.TestTradeInAPI" name="test_get_trade_in" time="0.168" /><testcase classname="backend.tests.test_sales_module_iteration34.TestCustomerPointsAPI" name="test_get_customer_points" time="0.127" /><testcase classname="backend.tests.test_sales_module_iteration34.TestCustomerPointsAPI" name="test_get_points_by_customer" time="0.124" /><testcase classname="backend.tests.test_sales_module_iteration34.TestCommissionPaymentsAPI" name="test_get_commission_payments" time="0.151" /><testcase classname="backend.tests.test_sales_module_iteration34.TestDeliveriesAPI" name="test_get_deliveries" time="0.120" /><testcase classname="backend.tests.test_sales_module_iteration34.TestDeliveriesAPI" name="test_get_deliveries_with_status_filter" time="0.153" /><testcase classname="backend.tests.test_sales_module_iteration34.TestSalesIntegration" name="test_verify_stock_movements" time="0.128" /><testcase classname="backend.tests.test_sales_module_iteration34.TestSalesIntegration" name="test_verify_journal_entries" time="0.111" /><testcase classname="backend.tests.test_sales_module_iteration34.TestSalesIntegration" name="test_verify_accounts_receivable" time="0.107" /><testcase classname="backend.tests.test_sales_module_iteration34.TestOwnerDashboard" name="test_pos_transactions_api" time="0.119"><failure message="AssertionError: Expected 200, got 403&#10;assert 403 == 200&#10; +  where 403 = &lt;Response [403]&gt;.status_code">backend/tests/test_sales_module_iteration34.py:351: in test_pos_transactions_api
    assert response.status_code == 200, f"Expected 200, got {response.status_code}"
E   AssertionError: Expected 200, got 403
E   assert 403 == 200
E    +  where 403 = &lt;Response [403]&gt;.status_code</failure></testcase><testcase classname="backend.tests.test_sales_module_iteration34.TestOwnerDashboard" name="test_ar_list_api" time="0.102"><failure message="AssertionError: Expected 200, got 403&#10;assert 403 == 200&#10; +  where 403 = &lt;Response [403]&gt;.status_code">backend/tests/test_sales_module_iteration34.py:357: in test_ar_list_api
    assert response.status_code == 200, f"Expected 200, got {response.status_code}"
E   AssertionError: Expected 200, got 403
E   assert 403 == 200
E    +  where 403 = &lt;Response [403]&gt;.status_code</failure></testcase><testcase classname="backend.tests.test_sales_module_iteration34.TestOwnerDashboard" name="test_ap_list_api" time="0.113"><failure message="AssertionError: Expected 200, got 403&#10;assert 403 == 200&#10; +  where 403 = &lt;Response [403]&gt;.status_code">backend/tests/test_sales_module_iteration34.py:363: in test_ap_list_api
    assert response.status_code == 200, f"Expected 200, got {response.status_code}"
E   AssertionError: Expected 200, got 403
E   assert 403 == 200
E    +  where 403 = &lt;Response [403]&gt;.status_code</failure></testcase><testcase classname="backend.tests.test_sales_module_iteration34.TestOwnerDashboard" name="test_deposit_list_api" time="0.113"><failure message="AssertionError: Expected 200, got 403&#10;assert 403 == 200&#10; +  where 403 = &lt;Response [403]&gt;.status_code">backend/tests/test_sales_module_iteration34.py:369: in test_deposit_list_api
    assert response.status_code == 200, f"Expected 200, got {response.status_code}"
E   AssertionError: Expected 200, got 403
E   assert 403 == 200
E    +  where 403 = &lt;Response [403]&gt;.status_code</failure></testcase><testcase classname="backend.tests.test_sales_module_iteration34.TestOwnerDashboard" name="test_branches_api" time="0.125"><failure message="AssertionError: Expected 200, got 403&#10;assert 403 == 200&#10; +  where 403 = &lt;Response [403]&gt;.status_code">backend/tests/test_sales_module_iteration34.py:375: in test_branches_api
    assert response.status_code == 200, f"Expected 200, got {response.status_code}"
E   AssertionError: Expected 200, got 403
E   assert 403 == 200
E    +  where 403 = &lt;Response [403]&gt;.status_code</failure></testcase><testcase classname="backend.tests.test_sales_module_iteration34.TestFinanceDashboard" name="test_trial_balance_api" time="0.129"><failure message="AssertionError: Expected 200, got 403&#10;assert 403 == 200&#10; +  where 403 = &lt;Response [403]&gt;.status_code">backend/tests/test_sales_module_iteration34.py:385: in test_trial_balance_api
    assert response.status_code == 200, f"Expected 200, got {response.status_code}"
E   AssertionError: Expected 200, got 403
E   assert 403 == 200
E    +  where 403 = &lt;Response [403]&gt;.status_code</failure></testcase><testcase classname="backend.tests.test_sales_module_iteration34.TestFinanceDashboard" name="test_journals_api" time="0.124"><failure message="AssertionError: Expected 200, got 403&#10;assert 403 == 200&#10; +  where 403 = &lt;Response [403]&gt;.status_code">backend/tests/test_sales_module_iteration34.py:391: in test_journals_api
    assert response.status_code == 200, f"Expected 200, got {response.status_code}"
E   AssertionError: Expected 200, got 403
E   assert 403 == 200
E    +  where 403 = &lt;Response [403]&gt;.status_code</failure></testcase></testsuite></testsuites>