<?xml version="1.0" encoding="utf-8"?><testsuites name="pytest tests"><testsuite name="pytest" errors="0" failures="0" skipped="0" tests="14" time="4.616" timestamp="2026-03-10T22:01:29.613312+00:00" hostname="agent-env-e29b0808-ff2e-4cc8-9eb8-5c99a89c29cb"><testcase classname="tests.test_rbac_kasir_security_iter30.TestRBACSecurity" name="test_01_kasir_delete_product_must_return_403" time="0.984" /><testcase classname="tests.test_rbac_kasir_security_iter30.TestRBACSecurity" name="test_02_kasir_delete_held_transaction_must_return_403" time="0.407" /><testcase classname="tests.test_rbac_kasir_security_iter30.TestRBACSecurity" name="test_03_kasir_void_transaction_must_return_403" time="0.145" /><testcase classname="tests.test_rbac_kasir_security_iter30.TestRBACSecurity" name="test_04_kasir_cancel_purchase_order_must_return_403" time="0.113" /><testcase classname="tests.test_rbac_kasir_security_iter30.TestRBACSecurity" name="test_05_owner_delete_product_should_not_return_403" time="0.127" /><testcase classname="tests.test_rbac_kasir_security_iter30.TestRBACSecurity" name="test_06_owner_void_transaction_should_not_return_403" time="0.135" /><testcase classname="tests.test_rbac_kasir_security_iter30.TestARAPIntegration" name="test_07_credit_sale_creates_ar_entry" time="0.794" /><testcase classname="tests.test_rbac_kasir_security_iter30.TestARAPIntegration" name="test_08_purchase_receive_creates_ap_entry" time="0.335" /><testcase classname="tests.test_rbac_kasir_security_iter30.TestAuditLogAndJournalEntries" name="test_09_audit_log_records_sensitive_actions" time="0.469" /><testcase classname="tests.test_rbac_kasir_security_iter30.TestAuditLogAndJournalEntries" name="test_10_journal_entries_created_for_ar_ap" time="0.152" /><testcase classname="tests.test_rbac_kasir_security_iter30.TestKasirPermissionCheck" name="test_11_kasir_master_item_delete_permission_denied" time="0.497" /><testcase classname="tests.test_rbac_kasir_security_iter30.TestKasirPermissionCheck" name="test_12_kasir_sales_delete_permission_denied" time="0.119" /><testcase classname="tests.test_rbac_kasir_security_iter30.TestKasirPermissionCheck" name="test_13_kasir_sales_void_permission_denied" time="0.162" /><testcase classname="tests.test_rbac_kasir_security_iter30.TestKasirPermissionCheck" name="test_14_kasir_purchase_delete_permission_denied" time="0.113" /></testsuite></testsuites>