<?xml version="1.0" encoding="utf-8"?><testsuites name="pytest tests"><testsuite name="pytest" errors="0" failures="0" skipped="0" tests="12" time="3.275" timestamp="2026-03-20T15:33:05.301663+00:00" hostname="agent-env-e29b0808-ff2e-4cc8-9eb8-5c99a89c29cb"><testcase classname="backend.tests.test_quick_purchase_direct_stock_iter101.TestQuickPurchaseEndpoint" name="test_01_quick_purchase_endpoint_exists" time="1.098" /><testcase classname="backend.tests.test_quick_purchase_direct_stock_iter101.TestQuickPurchaseEndpoint" name="test_02_quick_purchase_creates_posted_status" time="0.272" /><testcase classname="backend.tests.test_quick_purchase_direct_stock_iter101.TestQuickPurchaseEndpoint" name="test_03_quick_purchase_stock_immediately_updated" time="0.335" /><testcase classname="backend.tests.test_quick_purchase_direct_stock_iter101.TestQuickPurchaseEndpoint" name="test_04_quick_purchase_records_stock_movement" time="0.330" /><testcase classname="backend.tests.test_quick_purchase_direct_stock_iter101.TestQuickPurchaseEndpoint" name="test_05_quick_purchase_requires_supplier" time="0.126" /><testcase classname="backend.tests.test_quick_purchase_direct_stock_iter101.TestQuickPurchaseEndpoint" name="test_06_quick_purchase_requires_items" time="0.121" /><testcase classname="backend.tests.test_quick_purchase_direct_stock_iter101.TestQuickPurchaseEndpoint" name="test_07_quick_purchase_requires_positive_quantity" time="0.183" /><testcase classname="backend.tests.test_quick_purchase_direct_stock_iter101.TestBuatPOvsQuickPurchase" name="test_08_buat_po_creates_draft_status" time="0.258" /><testcase classname="backend.tests.test_quick_purchase_direct_stock_iter101.TestBuatPOvsQuickPurchase" name="test_09_verify_po_prefix_difference" time="0.077" /><testcase classname="backend.tests.test_quick_purchase_direct_stock_iter101.TestProductsListShowsUpdatedStock" name="test_10_products_list_shows_branch_stock" time="0.135" /><testcase classname="backend.tests.test_quick_purchase_direct_stock_iter101.TestProductsListShowsUpdatedStock" name="test_11_products_list_aggregates_stock" time="0.063" /><testcase classname="backend.tests.test_quick_purchase_direct_stock_iter101.TestBranchFilterInProducts" name="test_12_branch_filter_works" time="0.137" /></testsuite></testsuites>