<?xml version="1.0" encoding="utf-8"?><testsuites name="pytest tests"><testsuite name="pytest" errors="0" failures="0" skipped="0" tests="23" time="2.904" timestamp="2026-03-13T15:46:04.248425+00:00" hostname="agent-env-e29b0808-ff2e-4cc8-9eb8-5c99a89c29cb"><testcase classname="tests.test_tenant_blueprint.TestTenantList" name="test_list_tenants_returns_200" time="0.649" /><testcase classname="tests.test_tenant_blueprint.TestTenantList" name="test_list_contains_target_tenants" time="0.110" /><testcase classname="tests.test_tenant_blueprint.TestTenantList" name="test_tenant_structure_complete" time="0.112" /><testcase classname="tests.test_tenant_blueprint.TestTenantHealth" name="test_tenant_health_returns_200[ocb_titan]" time="0.093" /><testcase classname="tests.test_tenant_blueprint.TestTenantHealth" name="test_tenant_health_returns_200[ocb_unit_4]" time="0.092" /><testcase classname="tests.test_tenant_blueprint.TestTenantHealth" name="test_tenant_health_returns_200[ocb_unt_1]" time="0.083" /><testcase classname="tests.test_tenant_blueprint.TestTenantHealth" name="test_tenant_is_healthy[ocb_titan]" time="0.083" /><testcase classname="tests.test_tenant_blueprint.TestTenantHealth" name="test_tenant_is_healthy[ocb_unit_4]" time="0.082" /><testcase classname="tests.test_tenant_blueprint.TestTenantHealth" name="test_tenant_is_healthy[ocb_unt_1]" time="0.089" /><testcase classname="tests.test_tenant_blueprint.TestTenantHealth" name="test_tenant_blueprint_version[ocb_titan]" time="0.087" /><testcase classname="tests.test_tenant_blueprint.TestTenantHealth" name="test_tenant_blueprint_version[ocb_unit_4]" time="0.091" /><testcase classname="tests.test_tenant_blueprint.TestTenantHealth" name="test_tenant_blueprint_version[ocb_unt_1]" time="0.088" /><testcase classname="tests.test_tenant_blueprint.TestTenantHealth" name="test_tenant_has_required_collections[ocb_titan]" time="0.078" /><testcase classname="tests.test_tenant_blueprint.TestTenantHealth" name="test_tenant_has_required_collections[ocb_unit_4]" time="0.078" /><testcase classname="tests.test_tenant_blueprint.TestTenantHealth" name="test_tenant_has_required_collections[ocb_unt_1]" time="0.081" /><testcase classname="tests.test_tenant_blueprint.TestTenantSyncAll" name="test_sync_all_returns_200" time="0.138" /><testcase classname="tests.test_tenant_blueprint.TestTenantSyncAll" name="test_sync_all_results_structure" time="0.127" /><testcase classname="tests.test_tenant_blueprint.TestTenantCreate" name="test_create_duplicate_tenant_fails" time="0.086" /><testcase classname="tests.test_tenant_blueprint.TestNewTenantVerification" name="test_new_tenant_exists" time="0.099" /><testcase classname="tests.test_tenant_blueprint.TestNewTenantVerification" name="test_new_tenant_health" time="0.076" /><testcase classname="tests.test_tenant_blueprint.TestNewTenantVerification" name="test_new_tenant_has_complete_structure" time="0.076" /><testcase classname="tests.test_tenant_blueprint.TestBlueprintVersionLock" name="test_all_tenants_same_version" time="0.110" /><testcase classname="tests.test_tenant_blueprint.TestBlueprintVersionLock" name="test_no_migration_needed" time="0.103" /></testsuite></testsuites>