<?xml version="1.0" encoding="utf-8"?><testsuites name="pytest tests"><testsuite name="pytest" errors="0" failures="0" skipped="0" tests="18" time="7.693" timestamp="2026-03-14T19:07:47.447025+00:00" hostname="agent-env-e29b0808-ff2e-4cc8-9eb8-5c99a89c29cb"><testcase classname="backend.tests.test_tenant_management_iter67.TestListTenants" name="test_list_tenants_success" time="0.638" /><testcase classname="backend.tests.test_tenant_management_iter67.TestListTenants" name="test_list_tenants_unauthorized" time="0.151" /><testcase classname="backend.tests.test_tenant_management_iter67.TestCreateTenant" name="test_create_tenant_success" time="1.445" /><testcase classname="backend.tests.test_tenant_management_iter67.TestCreateTenant" name="test_create_tenant_duplicate_fails" time="0.139" /><testcase classname="backend.tests.test_tenant_management_iter67.TestEditTenantStatus" name="test_update_tenant_status_success" time="0.593" /><testcase classname="backend.tests.test_tenant_management_iter67.TestEditTenantStatus" name="test_update_tenant_status_invalid_value" time="0.106" /><testcase classname="backend.tests.test_tenant_management_iter67.TestEditTenantConfig" name="test_update_tenant_config_success" time="0.602" /><testcase classname="backend.tests.test_tenant_management_iter67.TestDeleteTenantGuardrail" name="test_delete_dry_run_check_transactions" time="0.621" /><testcase classname="backend.tests.test_tenant_management_iter67.TestDeleteTenantGuardrail" name="test_delete_with_transactions_guardrail" time="0.113" /><testcase classname="backend.tests.test_tenant_management_iter67.TestDeleteTenantGuardrail" name="test_delete_actual_test_tenant" time="0.142" /><testcase classname="backend.tests.test_tenant_management_iter67.TestRBACProtection" name="test_list_tenants_requires_auth" time="0.119" /><testcase classname="backend.tests.test_tenant_management_iter67.TestRBACProtection" name="test_create_tenant_requires_auth" time="0.118" /><testcase classname="backend.tests.test_tenant_management_iter67.TestRBACProtection" name="test_delete_tenant_requires_auth" time="0.126" /><testcase classname="backend.tests.test_tenant_management_iter67.TestAuditLogging" name="test_audit_log_exists_after_update" time="0.638" /><testcase classname="backend.tests.test_tenant_management_iter67.TestDeletedTenantsHistory" name="test_get_deleted_tenants_history" time="0.462" /><testcase classname="backend.tests.test_tenant_management_iter67.TestSyncBlueprint" name="test_sync_blueprint_success" time="0.679" /><testcase classname="backend.tests.test_tenant_management_iter67.TestTenantListEndpoint" name="test_list_endpoint" time="0.468" /><testcase classname="backend.tests.test_tenant_management_iter67.TestBlueprintStatus" name="test_blueprint_status_endpoint" time="0.444" /></testsuite></testsuites>