<?xml version="1.0" encoding="utf-8"?><testsuites name="pytest tests"><testsuite name="pytest" errors="0" failures="0" skipped="0" tests="43" time="7.515" timestamp="2026-03-10T06:58:04.404457+00:00" hostname="agent-env-e29b0808-ff2e-4cc8-9eb8-5c99a89c29cb"><testcase classname="backend.tests.test_full_validation_iter14.TestMultiDatabaseLogin" name="test_business_list" time="0.240" /><testcase classname="backend.tests.test_full_validation_iter14.TestMultiDatabaseLogin" name="test_switch_database[ocb_titan]" time="0.123" /><testcase classname="backend.tests.test_full_validation_iter14.TestMultiDatabaseLogin" name="test_switch_database[ocb_unit_4]" time="0.117" /><testcase classname="backend.tests.test_full_validation_iter14.TestMultiDatabaseLogin" name="test_switch_database[ocb_unt_1]" time="0.110" /><testcase classname="backend.tests.test_full_validation_iter14.TestMultiDatabaseLogin" name="test_ensure_admin[ocb_titan]" time="0.138" /><testcase classname="backend.tests.test_full_validation_iter14.TestMultiDatabaseLogin" name="test_ensure_admin[ocb_unit_4]" time="0.107" /><testcase classname="backend.tests.test_full_validation_iter14.TestMultiDatabaseLogin" name="test_ensure_admin[ocb_unt_1]" time="0.108" /><testcase classname="backend.tests.test_full_validation_iter14.TestMultiDatabaseLogin" name="test_login_to_database[ocb_titan]" time="0.454" /><testcase classname="backend.tests.test_full_validation_iter14.TestMultiDatabaseLogin" name="test_login_to_database[ocb_unit_4]" time="0.455" /><testcase classname="backend.tests.test_full_validation_iter14.TestMultiDatabaseLogin" name="test_login_to_database[ocb_unt_1]" time="0.427" /><testcase classname="backend.tests.test_full_validation_iter14.TestMasterShiftCRUD" name="test_create_shift" time="0.266" /><testcase classname="backend.tests.test_full_validation_iter14.TestMasterShiftCRUD" name="test_list_shifts" time="0.216" /><testcase classname="backend.tests.test_full_validation_iter14.TestMasterShiftCRUD" name="test_update_shift" time="0.327" /><testcase classname="backend.tests.test_full_validation_iter14.TestMasterJabatanCRUD" name="test_create_jabatan" time="0.112" /><testcase classname="backend.tests.test_full_validation_iter14.TestMasterJabatanCRUD" name="test_list_jabatan" time="0.112" /><testcase classname="backend.tests.test_full_validation_iter14.TestMasterLokasiAbsensi" name="test_create_lokasi_absensi" time="0.108" /><testcase classname="backend.tests.test_full_validation_iter14.TestMasterLokasiAbsensi" name="test_list_lokasi_absensi" time="0.103" /><testcase classname="backend.tests.test_full_validation_iter14.TestMasterPayrollRules" name="test_create_payroll_rule" time="0.112" /><testcase classname="backend.tests.test_full_validation_iter14.TestMasterPayrollRules" name="test_list_payroll_rules" time="0.113" /><testcase classname="backend.tests.test_full_validation_iter14.TestEmployeeCRUD" name="test_create_employee" time="0.114" /><testcase classname="backend.tests.test_full_validation_iter14.TestEmployeeCRUD" name="test_list_employees" time="0.100" /><testcase classname="backend.tests.test_full_validation_iter14.TestEmployeeCRUD" name="test_get_employee_detail" time="0.222" /><testcase classname="backend.tests.test_full_validation_iter14.TestProductPhotoUpload" name="test_product_photo_endpoint_exists" time="0.108" /><testcase classname="backend.tests.test_full_validation_iter14.TestCRMAICustomer" name="test_create_customer" time="0.103" /><testcase classname="backend.tests.test_full_validation_iter14.TestCRMAICustomer" name="test_list_customers" time="0.114" /><testcase classname="backend.tests.test_full_validation_iter14.TestCRMAICustomer" name="test_analyze_customer_character" time="0.223" /><testcase classname="backend.tests.test_full_validation_iter14.TestCRMAICustomer" name="test_auto_response_generation" time="0.228" /><testcase classname="backend.tests.test_full_validation_iter14.TestHRTraining" name="test_create_training" time="0.130" /><testcase classname="backend.tests.test_full_validation_iter14.TestHRTraining" name="test_list_trainings" time="0.147" /><testcase classname="backend.tests.test_full_validation_iter14.TestHRMassUploadTemplate" name="test_download_employee_template" time="0.476" /><testcase classname="backend.tests.test_full_validation_iter14.TestExportV2" name="test_export_employees_excel" time="0.103" /><testcase classname="backend.tests.test_full_validation_iter14.TestExportV2" name="test_export_employees_csv" time="0.113" /><testcase classname="backend.tests.test_full_validation_iter14.TestExportV2" name="test_export_employees_pdf" time="0.111" /><testcase classname="backend.tests.test_full_validation_iter14.TestImportSystem" name="test_list_import_templates" time="0.107" /><testcase classname="backend.tests.test_full_validation_iter14.TestImportSystem" name="test_download_employee_import_template" time="0.112" /><testcase classname="backend.tests.test_full_validation_iter14.TestImportSystem" name="test_download_products_import_template" time="0.108" /><testcase classname="backend.tests.test_full_validation_iter14.TestAttendanceApproval" name="test_list_pending_approvals" time="0.108" /><testcase classname="backend.tests.test_full_validation_iter14.TestAttendanceApproval" name="test_list_attendance" time="0.103" /><testcase classname="backend.tests.test_full_validation_iter14.TestAttendanceApproval" name="test_create_izin_and_approval_flow" time="0.217" /><testcase classname="backend.tests.test_full_validation_iter14.TestAttendanceApproval" name="test_get_approval_history" time="0.113" /><testcase classname="backend.tests.test_full_validation_iter14.TestWarRoom" name="test_list_alerts" time="0.098" /><testcase classname="backend.tests.test_full_validation_iter14.TestWarRoom" name="test_list_alerts_by_severity" time="0.189" /><testcase classname="backend.tests.test_full_validation_iter14.TestWhatsAppAlerts" name="test_alerts_endpoint_exists" time="0.104" /></testsuite></testsuites>