<?xml version="1.0" encoding="utf-8"?><testsuites name="pytest tests"><testsuite name="pytest" errors="0" failures="2" skipped="0" tests="23" time="12.659" timestamp="2026-03-14T23:01:37.221188+00:00" hostname="agent-env-e29b0808-ff2e-4cc8-9eb8-5c99a89c29cb"><testcase classname="backend.tests.test_ap_ar_accounting_iter69.TestAuthenticationAndSetup" name="test_login_success" time="0.798" /><testcase classname="backend.tests.test_ap_ar_accounting_iter69.TestAuthenticationAndSetup" name="test_get_user_permissions" time="0.126" /><testcase classname="backend.tests.test_ap_ar_accounting_iter69.TestAPModule" name="test_ap_list" time="0.576" /><testcase classname="backend.tests.test_ap_ar_accounting_iter69.TestAPModule" name="test_ap_aging_report" time="0.112" /><testcase classname="backend.tests.test_ap_ar_accounting_iter69.TestAPModule" name="test_ap_due_soon" time="0.155" /><testcase classname="backend.tests.test_ap_ar_accounting_iter69.TestAPModule" name="test_ap_dashboard_summary" time="0.128" /><testcase classname="backend.tests.test_ap_ar_accounting_iter69.TestAPModule" name="test_ap_payments_list" time="0.118" /><testcase classname="backend.tests.test_ap_ar_accounting_iter69.TestARModule" name="test_ar_list" time="0.568" /><testcase classname="backend.tests.test_ap_ar_accounting_iter69.TestARModule" name="test_ar_aging_report" time="0.105" /><testcase classname="backend.tests.test_ap_ar_accounting_iter69.TestARModule" name="test_ar_dashboard_summary" time="0.142" /><testcase classname="backend.tests.test_ap_ar_accounting_iter69.TestARModule" name="test_ar_payments_list" time="0.125"><failure message="AssertionError: AR payments list failed: {&quot;detail&quot;:&quot;Piutang tidak ditemukan&quot;}&#10;assert 404 == 200&#10; +  where 404 = &lt;Response [404]&gt;.status_code">backend/tests/test_ap_ar_accounting_iter69.py:166: in test_ar_payments_list
    assert response.status_code == 200, f"AR payments list failed: {response.text}"
E   AssertionError: AR payments list failed: {"detail":"Piutang tidak ditemukan"}
E   assert 404 == 200
E    +  where 404 = &lt;Response [404]&gt;.status_code</failure></testcase><testcase classname="backend.tests.test_ap_ar_accounting_iter69.TestAccountingModule" name="test_trial_balance" time="1.267" /><testcase classname="backend.tests.test_ap_ar_accounting_iter69.TestAccountingModule" name="test_trial_balance_piutang_usaha" time="0.801" /><testcase classname="backend.tests.test_ap_ar_accounting_iter69.TestAccountingModule" name="test_balance_sheet" time="0.846" /><testcase classname="backend.tests.test_ap_ar_accounting_iter69.TestAccountingModule" name="test_balance_sheet_piutang_usaha" time="0.906" /><testcase classname="backend.tests.test_ap_ar_accounting_iter69.TestAccountingModule" name="test_general_ledger_all" time="0.821" /><testcase classname="backend.tests.test_ap_ar_accounting_iter69.TestAccountingModule" name="test_general_ledger_piutang_usaha" time="1.681" /><testcase classname="backend.tests.test_ap_ar_accounting_iter69.TestAccountingModule" name="test_income_statement" time="0.830" /><testcase classname="backend.tests.test_ap_ar_accounting_iter69.TestAccountingModule" name="test_cash_flow" time="0.859" /><testcase classname="backend.tests.test_ap_ar_accounting_iter69.TestAccountingModule" name="test_journal_entries" time="0.119" /><testcase classname="backend.tests.test_ap_ar_accounting_iter69.TestAccountingModule" name="test_chart_of_accounts" time="0.155" /><testcase classname="backend.tests.test_ap_ar_accounting_iter69.TestJournalPosting" name="test_unbalanced_journals_check" time="0.545" /><testcase classname="backend.tests.test_ap_ar_accounting_iter69.TestCashBankAccounts" name="test_cash_bank_accounts_list" time="0.651"><failure message="AssertionError: Cash bank accounts failed: {&quot;detail&quot;:&quot;Akun tidak ditemukan&quot;}&#10;assert 404 == 200&#10; +  where 404 = &lt;Response [404]&gt;.status_code">backend/tests/test_ap_ar_accounting_iter69.py:396: in test_cash_bank_accounts_list
    assert response.status_code == 200, f"Cash bank accounts failed: {response.text}"
E   AssertionError: Cash bank accounts failed: {"detail":"Akun tidak ditemukan"}
E   assert 404 == 200
E    +  where 404 = &lt;Response [404]&gt;.status_code</failure></testcase></testsuite></testsuites>