<?xml version="1.0" encoding="utf-8"?><testsuites name="pytest tests"><testsuite name="pytest" errors="0" failures="0" skipped="0" tests="10" time="5.858" timestamp="2026-03-20T16:15:56.739802+00:00" hostname="agent-env-e29b0808-ff2e-4cc8-9eb8-5c99a89c29cb"><testcase classname="tests.test_branch_filter_items_iter103.TestBranchFilterItems" name="test_01_items_without_branch_filter_returns_all_items" time="0.732" /><testcase classname="tests.test_branch_filter_items_iter103.TestBranchFilterItems" name="test_02_items_with_hq_branch_filter_still_returns_all_items" time="0.628" /><testcase classname="tests.test_branch_filter_items_iter103.TestBranchFilterItems" name="test_03_items_with_3front_branch_filter_still_returns_all_items" time="0.569" /><testcase classname="tests.test_branch_filter_items_iter103.TestBranchFilterItems" name="test_04_item_counts_consistent_across_branch_filters" time="0.600" /><testcase classname="tests.test_branch_filter_items_iter103.TestBranchFilterItems" name="test_05_stock_values_differ_per_branch" time="0.593" /><testcase classname="tests.test_branch_filter_items_iter103.TestBranchFilterItems" name="test_06_pulsa_indosat_5k_stock_validation" time="0.598" /><testcase classname="tests.test_branch_filter_items_iter103.TestBranchFilterItems" name="test_07_voucer_isat_zero_stock_validation" time="0.448" /><testcase classname="tests.test_branch_filter_items_iter103.TestBranchFilterItems" name="test_08_items_response_structure" time="0.489" /><testcase classname="tests.test_branch_filter_items_iter103.TestBranchFilterItems" name="test_09_empty_branch_id_same_as_no_filter" time="0.503" /><testcase classname="tests.test_branch_filter_items_iter103.TestBranchFilterItems" name="test_10_invalid_branch_id_returns_all_items_with_zero_stock" time="0.628" /></testsuite></testsuites>