<?xml version="1.0" encoding="utf-8"?><testsuites name="pytest tests"><testsuite name="pytest" errors="0" failures="0" skipped="2" tests="43" time="75.082" timestamp="2026-03-08T14:02:50.099748+00:00" hostname="agent-env-e29b0808-ff2e-4cc8-9eb8-5c99a89c29cb"><testcase classname="backend.tests.test_titan_comprehensive.TestMultiBusinessLogin" name="test_01_health_check" time="0.129" /><testcase classname="backend.tests.test_titan_comprehensive.TestMultiBusinessLogin" name="test_02_owner_login" time="0.338" /><testcase classname="backend.tests.test_titan_comprehensive.TestMultiBusinessLogin" name="test_03_invalid_login" time="0.106" /><testcase classname="backend.tests.test_titan_comprehensive.TestMultiBusinessLogin" name="test_04_business_list" time="0.121" /><testcase classname="backend.tests.test_titan_comprehensive.TestMultiBusinessLogin" name="test_05_switch_business" time="0.108" /><testcase classname="backend.tests.test_titan_comprehensive.TestChartOfAccounts" name="test_01_list_accounts" time="0.460" /><testcase classname="backend.tests.test_titan_comprehensive.TestChartOfAccounts" name="test_02_create_account" time="0.243" /><testcase classname="backend.tests.test_titan_comprehensive.TestChartOfAccounts" name="test_03_filter_by_category" time="0.341" /><testcase classname="backend.tests.test_titan_comprehensive.TestJournalEntries" name="test_01_list_journals" time="0.102" /><testcase classname="backend.tests.test_titan_comprehensive.TestJournalEntries" name="test_02_unbalanced_journals" time="0.115" /><testcase classname="backend.tests.test_titan_comprehensive.TestJournalEntries" name="test_03_create_balanced_journal" time="0.111"><skipped type="pytest.skip" message="Need at least 2 accounts for journal test">/app/backend/tests/test_titan_comprehensive.py:192: Need at least 2 accounts for journal test</skipped></testcase><testcase classname="backend.tests.test_titan_comprehensive.TestJournalEntries" name="test_04_reject_unbalanced_journal" time="0.115"><skipped type="pytest.skip" message="Need accounts for test">/app/backend/tests/test_titan_comprehensive.py:220: Need accounts for test</skipped></testcase><testcase classname="backend.tests.test_titan_comprehensive.TestFinancialReports" name="test_01_trial_balance" time="0.139" /><testcase classname="backend.tests.test_titan_comprehensive.TestFinancialReports" name="test_02_balance_sheet" time="0.120" /><testcase classname="backend.tests.test_titan_comprehensive.TestFinancialReports" name="test_03_income_statement" time="0.122" /><testcase classname="backend.tests.test_titan_comprehensive.TestFinancialReports" name="test_04_cash_flow" time="0.098" /><testcase classname="backend.tests.test_titan_comprehensive.TestFinancialReports" name="test_05_general_ledger" time="0.112" /><testcase classname="backend.tests.test_titan_comprehensive.TestHalloAI" name="test_01_get_personas" time="0.122" /><testcase classname="backend.tests.test_titan_comprehensive.TestHalloAI" name="test_02_suggested_questions" time="0.109" /><testcase classname="backend.tests.test_titan_comprehensive.TestHalloAI" name="test_03_chat_sessions" time="0.103" /><testcase classname="backend.tests.test_titan_comprehensive.TestHalloAI" name="test_04_send_chat_message" time="1.040" /><testcase classname="backend.tests.test_titan_comprehensive.TestAIBusiness" name="test_01_insight_penjualan" time="0.102" /><testcase classname="backend.tests.test_titan_comprehensive.TestAIBusiness" name="test_02_rekomendasi_restock" time="0.109" /><testcase classname="backend.tests.test_titan_comprehensive.TestAIBusiness" name="test_03_produk_terlaris" time="0.120" /><testcase classname="backend.tests.test_titan_comprehensive.TestAIBusiness" name="test_04_produk_lambat" time="0.111" /><testcase classname="backend.tests.test_titan_comprehensive.TestAIBusiness" name="test_05_analisa_stok" time="0.114" /><testcase classname="backend.tests.test_titan_comprehensive.TestAIBusiness" name="test_06_performa_cabang" time="0.120" /><testcase classname="backend.tests.test_titan_comprehensive.TestAIBusiness" name="test_07_rekomendasi_bisnis" time="0.103" /><testcase classname="backend.tests.test_titan_comprehensive.TestReports" name="test_01_sales_report" time="0.129" /><testcase classname="backend.tests.test_titan_comprehensive.TestReports" name="test_02_product_performance" time="0.102" /><testcase classname="backend.tests.test_titan_comprehensive.TestReports" name="test_03_best_sellers" time="0.105" /><testcase classname="backend.tests.test_titan_comprehensive.TestReports" name="test_04_inventory_report" time="0.099" /><testcase classname="backend.tests.test_titan_comprehensive.TestReports" name="test_05_branch_comparison" time="0.105" /><testcase classname="backend.tests.test_titan_comprehensive.TestReports" name="test_06_cashiers_report" time="0.107" /><testcase classname="backend.tests.test_titan_comprehensive.TestReports" name="test_07_customer_analysis" time="0.122" /><testcase classname="backend.tests.test_titan_comprehensive.TestReports" name="test_08_payables_report" time="0.104" /><testcase classname="backend.tests.test_titan_comprehensive.TestReports" name="test_09_receivables_report" time="68.417" /><testcase classname="backend.tests.test_titan_comprehensive.TestSettings" name="test_01_backup_list" time="0.140" /><testcase classname="backend.tests.test_titan_comprehensive.TestSettings" name="test_02_create_backup" time="0.130" /><testcase classname="backend.tests.test_titan_comprehensive.TestSettings" name="test_03_printers_list" time="0.106" /><testcase classname="backend.tests.test_titan_comprehensive.TestSettings" name="test_04_receipt_template" time="0.103" /><testcase classname="backend.tests.test_titan_comprehensive.TestBusinessManager" name="test_01_list_businesses" time="0.114" /><testcase classname="backend.tests.test_titan_comprehensive.TestBusinessManager" name="test_02_create_business" time="0.098" /></testsuite></testsuites>