<?xml version="1.0" encoding="utf-8"?><testsuites name="pytest tests"><testsuite name="pytest" errors="0" failures="0" skipped="0" tests="14" time="13.271" timestamp="2026-03-13T01:07:06.415266+00:00" hostname="agent-env-e29b0808-ff2e-4cc8-9eb8-5c99a89c29cb"><testcase classname="backend.tests.test_p1_transaction_integration_iter51.TestPricingEngine" name="test_calculate_pricing_endpoint" time="5.882" /><testcase classname="backend.tests.test_p1_transaction_integration_iter51.TestPricingEngine" name="test_check_discounts_endpoint" time="0.608" /><testcase classname="backend.tests.test_p1_transaction_integration_iter51.TestPricingEngine" name="test_check_promotions_endpoint" time="0.456" /><testcase classname="backend.tests.test_p1_transaction_integration_iter51.TestPriceLevelSystem" name="test_price_levels_list" time="0.480" /><testcase classname="backend.tests.test_p1_transaction_integration_iter51.TestPriceLevelSystem" name="test_price_for_customer_with_real_data" time="0.772" /><testcase classname="backend.tests.test_p1_transaction_integration_iter51.TestOwnerEditAPIs" name="test_owner_edit_sales_invoice" time="0.658" /><testcase classname="backend.tests.test_p1_transaction_integration_iter51.TestOwnerEditAPIs" name="test_owner_edit_item" time="0.661" /><testcase classname="backend.tests.test_p1_transaction_integration_iter51.TestOwnerEditAPIs" name="test_owner_edit_purchase_order" time="0.755" /><testcase classname="backend.tests.test_p1_transaction_integration_iter51.TestOwnerEditAPIs" name="test_audit_logs_accessible" time="0.471" /><testcase classname="backend.tests.test_p1_transaction_integration_iter51.TestSalesInvoiceIntegration" name="test_sales_invoices_list" time="0.491" /><testcase classname="backend.tests.test_p1_transaction_integration_iter51.TestSalesInvoiceIntegration" name="test_customers_with_price_level" time="0.461" /><testcase classname="backend.tests.test_p1_transaction_integration_iter51.TestSalesInvoiceIntegration" name="test_products_list" time="0.492" /><testcase classname="backend.tests.test_p1_transaction_integration_iter51.TestPOSIntegration" name="test_product_search" time="0.506" /><testcase classname="backend.tests.test_p1_transaction_integration_iter51.TestPOSIntegration" name="test_customer_search" time="0.459" /></testsuite></testsuites>