<?xml version="1.0" encoding="utf-8"?><testsuites name="pytest tests"><testsuite name="pytest" errors="0" failures="0" skipped="0" tests="41" time="7.530" timestamp="2026-03-11T21:11:35.322326+00:00" hostname="agent-env-e29b0808-ff2e-4cc8-9eb8-5c99a89c29cb"><testcase classname="backend.tests.test_financial_control_phase2.TestAuthentication" name="test_login_success" time="0.413" /><testcase classname="backend.tests.test_financial_control_phase2.TestMultiTaxEngine" name="test_get_tax_types" time="0.474" /><testcase classname="backend.tests.test_financial_control_phase2.TestMultiTaxEngine" name="test_tax_types_have_required_fields" time="0.117" /><testcase classname="backend.tests.test_financial_control_phase2.TestMultiTaxEngine" name="test_ppn_default_rate" time="0.130" /><testcase classname="backend.tests.test_financial_control_phase2.TestMultiTaxEngine" name="test_calculate_ppn_exclusive" time="0.121" /><testcase classname="backend.tests.test_financial_control_phase2.TestMultiTaxEngine" name="test_calculate_ppn_inclusive" time="0.101" /><testcase classname="backend.tests.test_financial_control_phase2.TestMultiTaxEngine" name="test_calculate_pph22" time="0.110" /><testcase classname="backend.tests.test_financial_control_phase2.TestMultiTaxEngine" name="test_calculate_invalid_tax_code" time="0.138" /><testcase classname="backend.tests.test_financial_control_phase2.TestMultiTaxEngine" name="test_calculate_pph21_basic" time="0.134" /><testcase classname="backend.tests.test_financial_control_phase2.TestMultiTaxEngine" name="test_calculate_pph21_with_k1_status" time="0.167" /><testcase classname="backend.tests.test_financial_control_phase2.TestMultiTaxEngine" name="test_pph21_progressive_brackets" time="0.112" /><testcase classname="backend.tests.test_financial_control_phase2.TestMultiTaxEngine" name="test_pph21_no_tax_if_below_ptkp" time="0.173" /><testcase classname="backend.tests.test_financial_control_phase2.TestMultiTaxEngine" name="test_get_tax_accounts" time="0.113" /><testcase classname="backend.tests.test_financial_control_phase2.TestMultiTaxEngine" name="test_get_tax_configurations" time="0.159" /><testcase classname="backend.tests.test_financial_control_phase2.TestFinancialConsistencyChecker" name="test_get_check_types" time="0.476" /><testcase classname="backend.tests.test_financial_control_phase2.TestFinancialConsistencyChecker" name="test_check_types_have_severity" time="0.126" /><testcase classname="backend.tests.test_financial_control_phase2.TestFinancialConsistencyChecker" name="test_check_journal_balance" time="0.113" /><testcase classname="backend.tests.test_financial_control_phase2.TestFinancialConsistencyChecker" name="test_check_trial_balance" time="0.111" /><testcase classname="backend.tests.test_financial_control_phase2.TestFinancialConsistencyChecker" name="test_check_stock_movement" time="0.134" /><testcase classname="backend.tests.test_financial_control_phase2.TestFinancialConsistencyChecker" name="test_check_ar_journal" time="0.142" /><testcase classname="backend.tests.test_financial_control_phase2.TestFinancialConsistencyChecker" name="test_check_ap_journal" time="0.120" /><testcase classname="backend.tests.test_financial_control_phase2.TestFinancialConsistencyChecker" name="test_check_cash_balance" time="0.122" /><testcase classname="backend.tests.test_financial_control_phase2.TestFinancialConsistencyChecker" name="test_check_invalid_type" time="0.143" /><testcase classname="backend.tests.test_financial_control_phase2.TestFinancialConsistencyChecker" name="test_full_consistency_report" time="0.137" /><testcase classname="backend.tests.test_financial_control_phase2.TestFinancialConsistencyChecker" name="test_full_report_with_branch_filter" time="0.122" /><testcase classname="backend.tests.test_financial_control_phase2.TestFinancialConsistencyChecker" name="test_fix_suggestions_journal_balance" time="0.124" /><testcase classname="backend.tests.test_financial_control_phase2.TestFinancialConsistencyChecker" name="test_fix_suggestions_stock_movement" time="0.135" /><testcase classname="backend.tests.test_financial_control_phase2.TestAutoJournalEngine" name="test_get_journal_templates" time="0.478" /><testcase classname="backend.tests.test_financial_control_phase2.TestAutoJournalEngine" name="test_templates_have_categories" time="0.108" /><testcase classname="backend.tests.test_financial_control_phase2.TestAutoJournalEngine" name="test_template_has_required_fields" time="0.133" /><testcase classname="backend.tests.test_financial_control_phase2.TestAutoJournalEngine" name="test_get_single_template" time="0.123" /><testcase classname="backend.tests.test_financial_control_phase2.TestAutoJournalEngine" name="test_get_invalid_template" time="0.108" /><testcase classname="backend.tests.test_financial_control_phase2.TestAutoJournalEngine" name="test_preview_sales_cash_journal" time="0.147" /><testcase classname="backend.tests.test_financial_control_phase2.TestAutoJournalEngine" name="test_preview_sales_cash_balanced" time="0.119" /><testcase classname="backend.tests.test_financial_control_phase2.TestAutoJournalEngine" name="test_preview_purchase_cash_journal" time="0.118" /><testcase classname="backend.tests.test_financial_control_phase2.TestAutoJournalEngine" name="test_preview_stock_adjustment_in" time="0.127" /><testcase classname="backend.tests.test_financial_control_phase2.TestAutoJournalEngine" name="test_preview_with_zero_tax" time="0.139" /><testcase classname="backend.tests.test_financial_control_phase2.TestAutoJournalEngine" name="test_get_account_mapping" time="0.120" /><testcase classname="backend.tests.test_financial_control_phase2.TestFiscalPeriodTaxIntegration" name="test_period_status_endpoint_exists" time="0.472" /><testcase classname="backend.tests.test_financial_control_phase2.TestEndToEndFlows" name="test_tax_calculation_and_journal_preview_flow" time="0.596" /><testcase classname="backend.tests.test_financial_control_phase2.TestEndToEndFlows" name="test_consistency_check_after_operations" time="0.142" /></testsuite></testsuites>