<?xml version="1.0" encoding="utf-8"?><testsuites name="pytest tests"><testsuite name="pytest" errors="0" failures="0" skipped="0" tests="14" time="2.267" timestamp="2026-03-12T23:56:37.850851+00:00" hostname="agent-env-e29b0808-ff2e-4cc8-9eb8-5c99a89c29cb"><testcase classname="tests.test_rbac_kasir_shift_iter48.TestShiftCheckEndpoint" name="test_shift_check_returns_status" time="0.672" /><testcase classname="tests.test_rbac_kasir_shift_iter48.TestShiftCheckEndpoint" name="test_shift_check_includes_shift_info" time="0.174" /><testcase classname="tests.test_rbac_kasir_shift_iter48.TestKasirPOSTransactionShiftValidation" name="test_pos_endpoint_exists" time="0.118" /><testcase classname="tests.test_rbac_kasir_shift_iter48.TestKasirPOSTransactionShiftValidation" name="test_pos_transaction_validation_check" time="0.129" /><testcase classname="tests.test_rbac_kasir_shift_iter48.TestKasirSalesInvoiceShiftValidation" name="test_sales_invoice_endpoint_exists" time="0.139" /><testcase classname="tests.test_rbac_kasir_shift_iter48.TestKasirSalesInvoiceShiftValidation" name="test_sales_invoice_shift_validation_present" time="0.111" /><testcase classname="tests.test_rbac_kasir_shift_iter48.TestOwnerFullAccess" name="test_owner_can_access_audit_logs" time="0.132" /><testcase classname="tests.test_rbac_kasir_shift_iter48.TestOwnerFullAccess" name="test_owner_can_access_settings" time="0.122" /><testcase classname="tests.test_rbac_kasir_shift_iter48.TestOwnerFullAccess" name="test_owner_not_restricted_by_kasir_rules" time="0.107" /><testcase classname="tests.test_rbac_kasir_shift_iter48.TestRBACPermissionMatrix" name="test_kasir_limited_modules" time="0.113" /><testcase classname="tests.test_rbac_kasir_shift_iter48.TestRBACPermissionMatrix" name="test_rbac_helper_kasir_config" time="0.000" /><testcase classname="tests.test_rbac_kasir_shift_iter48.TestCashControlShiftOperations" name="test_shift_list_endpoint" time="0.150" /><testcase classname="tests.test_rbac_kasir_shift_iter48.TestCashControlShiftOperations" name="test_shift_open_endpoint_exists" time="0.118" /><testcase classname="tests.test_rbac_kasir_shift_iter48.TestCashControlShiftOperations" name="test_current_shift_endpoint" time="0.117" /></testsuite></testsuites>