<?xml version="1.0" encoding="utf-8"?><testsuites name="pytest tests"><testsuite name="pytest" errors="0" failures="0" skipped="0" tests="42" time="6.727" timestamp="2026-03-14T19:21:21.262725+00:00" hostname="agent-env-e29b0808-ff2e-4cc8-9eb8-5c99a89c29cb"><testcase classname="backend.tests.test_ocb_titan_regression_iter68.TestSalesModule" name="test_list_sales_invoices" time="0.545" /><testcase classname="backend.tests.test_ocb_titan_regression_iter68.TestSalesModule" name="test_list_sales_orders" time="0.137" /><testcase classname="backend.tests.test_ocb_titan_regression_iter68.TestSalesModule" name="test_list_sales_returns" time="0.129" /><testcase classname="backend.tests.test_ocb_titan_regression_iter68.TestSalesModule" name="test_sales_price_history" time="0.131" /><testcase classname="backend.tests.test_ocb_titan_regression_iter68.TestPurchaseModule" name="test_list_purchase_orders" time="0.125" /><testcase classname="backend.tests.test_ocb_titan_regression_iter68.TestPurchaseModule" name="test_list_purchase_payments" time="0.121" /><testcase classname="backend.tests.test_ocb_titan_regression_iter68.TestPurchaseModule" name="test_list_purchase_returns" time="0.116" /><testcase classname="backend.tests.test_ocb_titan_regression_iter68.TestPurchaseModule" name="test_purchase_price_history" time="0.113" /><testcase classname="backend.tests.test_ocb_titan_regression_iter68.TestInventoryModule" name="test_get_stock_list" time="0.448" /><testcase classname="backend.tests.test_ocb_titan_regression_iter68.TestInventoryModule" name="test_get_stock_movements" time="0.117" /><testcase classname="backend.tests.test_ocb_titan_regression_iter68.TestInventoryModule" name="test_list_transfers" time="0.193" /><testcase classname="backend.tests.test_ocb_titan_regression_iter68.TestInventoryModule" name="test_list_opnames" time="0.132" /><testcase classname="backend.tests.test_ocb_titan_regression_iter68.TestInventoryModule" name="test_get_low_stock_alerts" time="0.107" /><testcase classname="backend.tests.test_ocb_titan_regression_iter68.TestARModule" name="test_list_ar" time="0.137" /><testcase classname="backend.tests.test_ocb_titan_regression_iter68.TestARModule" name="test_ar_aging_report" time="0.115" /><testcase classname="backend.tests.test_ocb_titan_regression_iter68.TestARModule" name="test_ar_summary_dashboard" time="0.108" /><testcase classname="backend.tests.test_ocb_titan_regression_iter68.TestAPModule" name="test_list_ap" time="0.135" /><testcase classname="backend.tests.test_ocb_titan_regression_iter68.TestAPModule" name="test_ap_aging_report" time="0.218" /><testcase classname="backend.tests.test_ocb_titan_regression_iter68.TestAPModule" name="test_ap_summary_dashboard" time="0.103" /><testcase classname="backend.tests.test_ocb_titan_regression_iter68.TestAPModule" name="test_ap_due_soon" time="0.118" /><testcase classname="backend.tests.test_ocb_titan_regression_iter68.TestJournalModule" name="test_list_journal_entries" time="0.121" /><testcase classname="backend.tests.test_ocb_titan_regression_iter68.TestJournalModule" name="test_trial_balance" time="0.106" /><testcase classname="backend.tests.test_ocb_titan_regression_iter68.TestJournalModule" name="test_general_ledger" time="0.106" /><testcase classname="backend.tests.test_ocb_titan_regression_iter68.TestJournalModule" name="test_list_accounts" time="0.121" /><testcase classname="backend.tests.test_ocb_titan_regression_iter68.TestFinancialReports" name="test_balance_sheet" time="0.113" /><testcase classname="backend.tests.test_ocb_titan_regression_iter68.TestFinancialReports" name="test_income_statement" time="0.113" /><testcase classname="backend.tests.test_ocb_titan_regression_iter68.TestFinancialReports" name="test_cash_flow" time="0.174" /><testcase classname="backend.tests.test_ocb_titan_regression_iter68.TestUserManagement" name="test_list_users" time="0.123" /><testcase classname="backend.tests.test_ocb_titan_regression_iter68.TestUserManagement" name="test_create_user_with_valid_role" time="0.478" /><testcase classname="backend.tests.test_ocb_titan_regression_iter68.TestUserManagement" name="test_create_user_with_invalid_role_rejected" time="0.124" /><testcase classname="backend.tests.test_ocb_titan_regression_iter68.TestUserManagement" name="test_list_roles" time="0.131" /><testcase classname="backend.tests.test_ocb_titan_regression_iter68.TestTenantIsolation" name="test_data_scoped_to_tenant" time="0.264" /><testcase classname="backend.tests.test_ocb_titan_regression_iter68.TestTenantIsolation" name="test_unauthorized_access_blocked" time="0.116" /><testcase classname="backend.tests.test_ocb_titan_regression_iter68.TestTenantIsolation" name="test_invalid_token_rejected" time="0.118" /><testcase classname="backend.tests.test_ocb_titan_regression_iter68.TestMasterData" name="test_list_products" time="0.113" /><testcase classname="backend.tests.test_ocb_titan_regression_iter68.TestMasterData" name="test_list_customers" time="0.124" /><testcase classname="backend.tests.test_ocb_titan_regression_iter68.TestMasterData" name="test_list_suppliers" time="0.111" /><testcase classname="backend.tests.test_ocb_titan_regression_iter68.TestMasterData" name="test_list_branches" time="0.120" /><testcase classname="backend.tests.test_ocb_titan_regression_iter68.TestMasterData" name="test_list_categories" time="0.108" /><testcase classname="backend.tests.test_ocb_titan_regression_iter68.TestDataIntegrity" name="test_trial_balance_is_balanced" time="0.122" /><testcase classname="backend.tests.test_ocb_titan_regression_iter68.TestDataIntegrity" name="test_balance_sheet_is_balanced" time="0.111" /><testcase classname="backend.tests.test_ocb_titan_regression_iter68.TestDataIntegrity" name="test_ar_ap_consistency" time="0.243" /></testsuite></testsuites>