<?xml version="1.0" encoding="utf-8"?><testsuites name="pytest tests"><testsuite name="pytest" errors="0" failures="3" skipped="0" tests="37" time="16.263" timestamp="2026-03-10T15:18:41.770888+00:00" hostname="agent-env-e29b0808-ff2e-4cc8-9eb8-5c99a89c29cb"><testcase classname="backend.tests.test_audit_iteration20_comprehensive.TestAuditAuthentication" name="test_01_login_success" time="0.510" /><testcase classname="backend.tests.test_audit_iteration20_comprehensive.TestPengaturanUsers" name="test_01_list_users" time="0.429" /><testcase classname="backend.tests.test_audit_iteration20_comprehensive.TestPengaturanUsers" name="test_02_create_audit_user" time="0.735" /><testcase classname="backend.tests.test_audit_iteration20_comprehensive.TestPengaturanUsers" name="test_03_update_audit_user" time="0.515" /><testcase classname="backend.tests.test_audit_iteration20_comprehensive.TestPengaturanUsers" name="test_04_delete_audit_user" time="0.418" /><testcase classname="backend.tests.test_audit_iteration20_comprehensive.TestPengaturanRoles" name="test_01_list_roles" time="0.420" /><testcase classname="backend.tests.test_audit_iteration20_comprehensive.TestPengaturanRoles" name="test_02_get_role_detail" time="0.460" /><testcase classname="backend.tests.test_audit_iteration20_comprehensive.TestPengaturanBranches" name="test_01_list_branches" time="0.480" /><testcase classname="backend.tests.test_audit_iteration20_comprehensive.TestPengaturanBranches" name="test_02_get_branch_detail" time="0.551" /><testcase classname="backend.tests.test_audit_iteration20_comprehensive.TestAkuntansiCOA" name="test_01_list_accounts" time="0.397" /><testcase classname="backend.tests.test_audit_iteration20_comprehensive.TestAkuntansiCOA" name="test_02_create_audit_account" time="0.412" /><testcase classname="backend.tests.test_audit_iteration20_comprehensive.TestAkuntansiCOA" name="test_03_update_audit_account" time="0.427" /><testcase classname="backend.tests.test_audit_iteration20_comprehensive.TestAkuntansiCOA" name="test_04_delete_audit_account" time="0.392" /><testcase classname="backend.tests.test_audit_iteration20_comprehensive.TestAkuntansiCash" name="test_01_list_cash_transactions" time="0.389" /><testcase classname="backend.tests.test_audit_iteration20_comprehensive.TestAkuntansiCash" name="test_02_get_cash_in_transactions" time="0.427" /><testcase classname="backend.tests.test_audit_iteration20_comprehensive.TestAkuntansiCash" name="test_03_get_cash_out_transactions" time="0.413" /><testcase classname="backend.tests.test_audit_iteration20_comprehensive.TestAkuntansiJournals" name="test_01_list_journals" time="0.422" /><testcase classname="backend.tests.test_audit_iteration20_comprehensive.TestAkuntansiJournals" name="test_02_get_unbalanced_journals" time="0.421" /><testcase classname="backend.tests.test_audit_iteration20_comprehensive.TestAkuntansiLedger" name="test_01_get_general_ledger" time="0.416" /><testcase classname="backend.tests.test_audit_iteration20_comprehensive.TestAkuntansiFinancialReports" name="test_01_trial_balance" time="0.387" /><testcase classname="backend.tests.test_audit_iteration20_comprehensive.TestAkuntansiFinancialReports" name="test_02_balance_sheet" time="0.412" /><testcase classname="backend.tests.test_audit_iteration20_comprehensive.TestAkuntansiFinancialReports" name="test_03_income_statement" time="0.414" /><testcase classname="backend.tests.test_audit_iteration20_comprehensive.TestPersediaanStock" name="test_01_list_stock" time="0.393" /><testcase classname="backend.tests.test_audit_iteration20_comprehensive.TestPersediaanStock" name="test_02_low_stock_alerts" time="0.484" /><testcase classname="backend.tests.test_audit_iteration20_comprehensive.TestPersediaanMovements" name="test_01_list_movements" time="0.467" /><testcase classname="backend.tests.test_audit_iteration20_comprehensive.TestPersediaanTransfers" name="test_01_list_transfers" time="0.407" /><testcase classname="backend.tests.test_audit_iteration20_comprehensive.TestLaporanSales" name="test_01_sales_report_daily" time="0.438" /><testcase classname="backend.tests.test_audit_iteration20_comprehensive.TestLaporanSales" name="test_02_best_sellers" time="0.411" /><testcase classname="backend.tests.test_audit_iteration20_comprehensive.TestLaporanInventory" name="test_01_inventory_report" time="0.388" /><testcase classname="backend.tests.test_audit_iteration20_comprehensive.TestLaporanCash" name="test_01_cash_report" time="0.408" /><testcase classname="backend.tests.test_audit_iteration20_comprehensive.TestLaporanPiutangHutang" name="test_01_receivables_report" time="0.424" /><testcase classname="backend.tests.test_audit_iteration20_comprehensive.TestLaporanPiutangHutang" name="test_02_payables_report" time="0.388" /><testcase classname="backend.tests.test_audit_iteration20_comprehensive.TestMasterData" name="test_01_list_categories" time="0.407"><failure message="assert 404 == 200&#10; +  where 404 = &lt;Response [404]&gt;.status_code">backend/tests/test_audit_iteration20_comprehensive.py:620: in test_01_list_categories
    assert response.status_code == 200
E   assert 404 == 200
E    +  where 404 = &lt;Response [404]&gt;.status_code</failure></testcase><testcase classname="backend.tests.test_audit_iteration20_comprehensive.TestMasterData" name="test_02_list_units" time="0.412"><failure message="assert 404 == 200&#10; +  where 404 = &lt;Response [404]&gt;.status_code">backend/tests/test_audit_iteration20_comprehensive.py:626: in test_02_list_units
    assert response.status_code == 200
E   assert 404 == 200
E    +  where 404 = &lt;Response [404]&gt;.status_code</failure></testcase><testcase classname="backend.tests.test_audit_iteration20_comprehensive.TestMasterData" name="test_03_list_products" time="0.393" /><testcase classname="backend.tests.test_audit_iteration20_comprehensive.TestDashboard" name="test_01_dashboard_summary" time="0.381"><failure message="assert 404 == 200&#10; +  where 404 = &lt;Response [404]&gt;.status_code">backend/tests/test_audit_iteration20_comprehensive.py:653: in test_01_dashboard_summary
    assert response.status_code == 200
E   assert 404 == 200
E    +  where 404 = &lt;Response [404]&gt;.status_code</failure></testcase><testcase classname="backend.tests.test_audit_iteration20_comprehensive.TestDashboard" name="test_02_health_check" time="0.423" /></testsuite></testsuites>