<?xml version="1.0" encoding="utf-8"?><testsuites name="pytest tests"><testsuite name="pytest" errors="0" failures="0" skipped="0" tests="19" time="3.423" timestamp="2026-03-15T21:28:40.463426+00:00" hostname="agent-env-e29b0808-ff2e-4cc8-9eb8-5c99a89c29cb"><testcase classname="tests.test_hr_phase1_employees.TestHRPhase1" name="test_get_employees_list" time="0.539" /><testcase classname="tests.test_hr_phase1_employees.TestHRPhase1" name="test_get_employees_with_pagination" time="0.114" /><testcase classname="tests.test_hr_phase1_employees.TestHRPhase1" name="test_get_employees_with_search" time="0.117" /><testcase classname="tests.test_hr_phase1_employees.TestHRPhase1" name="test_get_employees_with_status_filter" time="0.123" /><testcase classname="tests.test_hr_phase1_employees.TestHRPhase1" name="test_get_hr_statistics" time="0.136" /><testcase classname="tests.test_hr_phase1_employees.TestHRPhase1" name="test_get_departments" time="0.126" /><testcase classname="tests.test_hr_phase1_employees.TestHRPhase1" name="test_get_positions" time="0.119" /><testcase classname="tests.test_hr_phase1_employees.TestHRPhase1" name="test_get_employee_types" time="0.117" /><testcase classname="tests.test_hr_phase1_employees.TestHRPhase1" name="test_get_sales_from_employees" time="0.108" /><testcase classname="tests.test_hr_phase1_employees.TestHRPhase1" name="test_get_single_employee" time="0.266" /><testcase classname="tests.test_hr_phase1_employees.TestHRPhase1" name="test_get_employee_not_found" time="0.119" /><testcase classname="tests.test_hr_phase1_employees.TestHRPhase1" name="test_get_employee_documents" time="0.260" /><testcase classname="tests.test_hr_phase1_employees.TestHRPhase1" name="test_employee_data_structure" time="0.124" /><testcase classname="tests.test_hr_phase1_employees.TestHRPhase1" name="test_department_data_structure" time="0.152" /><testcase classname="tests.test_hr_phase1_employees.TestHRPhase1" name="test_position_data_structure" time="0.114" /><testcase classname="tests.test_hr_phase1_employees.TestHRPhase1Counts" name="test_employee_count" time="0.479" /><testcase classname="tests.test_hr_phase1_employees.TestHRPhase1Counts" name="test_department_count" time="0.113" /><testcase classname="tests.test_hr_phase1_employees.TestHRPhase1Counts" name="test_position_count" time="0.111" /><testcase classname="tests.test_hr_phase1_employees.TestHRPhase1Counts" name="test_sales_employee_count" time="0.103" /></testsuite></testsuites>