<?xml version="1.0" encoding="utf-8"?><testsuites name="pytest tests"><testsuite name="pytest" errors="0" failures="0" skipped="0" tests="15" time="7.708" timestamp="2026-03-13T00:15:44.714158+00:00" hostname="agent-env-e29b0808-ff2e-4cc8-9eb8-5c99a89c29cb"><testcase classname="backend.tests.test_p1_integration_iter49.TestP1Integration" name="test_calculate_pricing_endpoint_exists" time="0.779" /><testcase classname="backend.tests.test_p1_integration_iter49.TestP1Integration" name="test_calculate_pricing_returns_discounts" time="0.481" /><testcase classname="backend.tests.test_p1_integration_iter49.TestP1Integration" name="test_check_promotions_endpoint" time="0.498" /><testcase classname="backend.tests.test_p1_integration_iter49.TestP1Integration" name="test_check_discounts_endpoint" time="0.456" /><testcase classname="backend.tests.test_p1_integration_iter49.TestP1Integration" name="test_price_for_customer_endpoint" time="0.558" /><testcase classname="backend.tests.test_p1_integration_iter49.TestP1Integration" name="test_price_levels_info_endpoint" time="0.417" /><testcase classname="backend.tests.test_p1_integration_iter49.TestP1Integration" name="test_owner_edit_purchase_order_endpoint_exists" time="0.508" /><testcase classname="backend.tests.test_p1_integration_iter49.TestP1Integration" name="test_owner_audit_logs_endpoint" time="0.536" /><testcase classname="backend.tests.test_p1_integration_iter49.TestP1Integration" name="test_owner_audit_log_detail" time="0.496" /><testcase classname="backend.tests.test_p1_integration_iter49.TestP1Integration" name="test_discounts_list_endpoint" time="0.421" /><testcase classname="backend.tests.test_p1_integration_iter49.TestP1Integration" name="test_promotions_list_endpoint" time="0.479" /><testcase classname="backend.tests.test_p1_integration_iter49.TestP1Integration" name="test_customer_groups_with_price_level" time="0.490" /><testcase classname="backend.tests.test_p1_integration_iter49.TestP1Integration" name="test_owner_role_has_full_access" time="0.595" /><testcase classname="backend.tests.test_p1_integration_iter49.TestDiscountPromoEngine" name="test_pricing_calculation_subtotal" time="0.460" /><testcase classname="backend.tests.test_p1_integration_iter49.TestDiscountPromoEngine" name="test_pricing_with_multiple_items" time="0.458" /></testsuite></testsuites>