<?xml version="1.0" encoding="utf-8"?><testsuites name="pytest tests"><testsuite name="pytest" errors="0" failures="0" skipped="0" tests="12" time="4.003" timestamp="2026-03-12T23:22:08.876833+00:00" hostname="agent-env-e29b0808-ff2e-4cc8-9eb8-5c99a89c29cb"><testcase classname="tests.test_owner_control_ssot_iter47.TestAuthAndSetup" name="test_login_owner_success" time="0.512" /><testcase classname="tests.test_owner_control_ssot_iter47.TestStockSSOT" name="test_get_stock_ssot" time="0.625" /><testcase classname="tests.test_owner_control_ssot_iter47.TestStockSSOT" name="test_get_stock_card_ssot" time="0.116" /><testcase classname="tests.test_owner_control_ssot_iter47.TestStockSSOT" name="test_get_stock_by_branch" time="0.146" /><testcase classname="tests.test_owner_control_ssot_iter47.TestOwnerEditControl" name="test_owner_edit_item_creates_audit_log" time="0.640" /><testcase classname="tests.test_owner_control_ssot_iter47.TestOwnerEditControl" name="test_owner_edit_po_creates_audit_log" time="0.232" /><testcase classname="tests.test_owner_control_ssot_iter47.TestAuditLogs" name="test_get_audit_logs" time="0.461" /><testcase classname="tests.test_owner_control_ssot_iter47.TestAuditLogs" name="test_get_audit_logs_filter_by_module" time="0.160" /><testcase classname="tests.test_owner_control_ssot_iter47.TestAuditLogs" name="test_get_audit_log_detail" time="0.239" /><testcase classname="tests.test_owner_control_ssot_iter47.TestOwnerPermission" name="test_non_owner_cannot_access_audit_logs" time="0.151" /><testcase classname="tests.test_owner_control_ssot_iter47.TestOwnerEditNonExistent" name="test_edit_nonexistent_item_returns_404" time="0.484" /><testcase classname="tests.test_owner_control_ssot_iter47.TestOwnerEditNonExistent" name="test_edit_nonexistent_po_returns_404" time="0.157" /></testsuite></testsuites>