<?xml version="1.0" encoding="utf-8"?><testsuites name="pytest tests"><testsuite name="pytest" errors="0" failures="0" skipped="0" tests="16" time="9.213" timestamp="2026-03-11T17:27:21.557242+00:00" hostname="agent-env-e29b0808-ff2e-4cc8-9eb8-5c99a89c29cb"><testcase classname="backend.tests.test_purchase_module_iteration32.TestPurchaseModuleEnterprise" name="test_01_list_purchase_orders" time="0.550" /><testcase classname="backend.tests.test_purchase_module_iteration32.TestPurchaseModuleEnterprise" name="test_02_create_purchase_order" time="0.532" /><testcase classname="backend.tests.test_purchase_module_iteration32.TestPurchaseModuleEnterprise" name="test_03_get_purchase_order_detail" time="0.633" /><testcase classname="backend.tests.test_purchase_module_iteration32.TestPurchaseModuleEnterprise" name="test_04_submit_purchase_order" time="0.596" /><testcase classname="backend.tests.test_purchase_module_iteration32.TestPurchaseModuleEnterprise" name="test_05_receive_purchase_order_with_ap_journal" time="0.704" /><testcase classname="backend.tests.test_purchase_module_iteration32.TestPurchaseModuleEnterprise" name="test_06_verify_ap_created" time="0.540" /><testcase classname="backend.tests.test_purchase_module_iteration32.TestPurchaseModuleEnterprise" name="test_07_verify_journal_created" time="0.511" /><testcase classname="backend.tests.test_purchase_module_iteration32.TestPurchaseModuleEnterprise" name="test_08_list_payments" time="0.608" /><testcase classname="backend.tests.test_purchase_module_iteration32.TestPurchaseModuleEnterprise" name="test_09_create_payment" time="0.554" /><testcase classname="backend.tests.test_purchase_module_iteration32.TestPurchaseModuleEnterprise" name="test_10_list_returns" time="0.637" /><testcase classname="backend.tests.test_purchase_module_iteration32.TestPurchaseModuleEnterprise" name="test_11_create_return" time="0.551" /><testcase classname="backend.tests.test_purchase_module_iteration32.TestPurchaseModuleEnterprise" name="test_12_list_price_history" time="0.780" /><testcase classname="backend.tests.test_purchase_module_iteration32.TestPurchaseModuleEnterprise" name="test_13_cancel_draft_po" time="0.652" /><testcase classname="backend.tests.test_purchase_module_iteration32.TestPurchaseModuleFilters" name="test_filter_po_by_status_draft" time="0.451" /><testcase classname="backend.tests.test_purchase_module_iteration32.TestPurchaseModuleFilters" name="test_filter_po_by_status_received" time="0.407" /><testcase classname="backend.tests.test_purchase_module_iteration32.TestPurchaseRBACPermissions" name="test_owner_has_purchase_access" time="0.440" /></testsuite></testsuites>