<?xml version="1.0" encoding="utf-8"?><testsuites name="pytest tests"><testsuite name="pytest" errors="0" failures="0" skipped="0" tests="14" time="1.986" timestamp="2026-03-18T23:10:32.118730+00:00" hostname="agent-env-e29b0808-ff2e-4cc8-9eb8-5c99a89c29cb"><testcase classname="backend.tests.test_hr_payroll_phase3_audit_ready.TestPhase3AuditReady" name="test_01_attendance_status_has_is_immutable_field" time="0.667" /><testcase classname="backend.tests.test_hr_payroll_phase3_audit_ready.TestPhase3AuditReady" name="test_02_unlock_rbac_allowed_for_admin_roles" time="0.312" /><testcase classname="backend.tests.test_hr_payroll_phase3_audit_ready.TestPhase3AuditReady" name="test_02b_unlock_rbac_code_review" time="0.000" /><testcase classname="backend.tests.test_hr_payroll_phase3_audit_ready.TestPhase3AuditReady" name="test_03_unlock_blocked_when_payroll_posted" time="0.142" /><testcase classname="backend.tests.test_hr_payroll_phase3_audit_ready.TestPhase3AuditReady" name="test_04_payroll_post_requires_locked_attendance" time="0.406" /><testcase classname="backend.tests.test_hr_payroll_phase3_audit_ready.TestPhase3AuditReady" name="test_05_duplicate_payroll_replaces_draft" time="0.130" /><testcase classname="backend.tests.test_hr_payroll_phase3_audit_ready.TestPhase3AuditReady" name="test_06_kpi_bonus_has_source_marker" time="0.112" /><testcase classname="backend.tests.test_hr_payroll_phase3_audit_ready.TestPhase3AuditReady" name="test_06b_kpi_bonus_item_has_source_marker" time="0.153" /><testcase classname="backend.tests.test_hr_payroll_phase3_audit_ready.TestCodeVerification" name="test_code_is_immutable_field_check" time="0.000" /><testcase classname="backend.tests.test_hr_payroll_phase3_audit_ready.TestCodeVerification" name="test_code_rbac_unlock_check" time="0.000" /><testcase classname="backend.tests.test_hr_payroll_phase3_audit_ready.TestCodeVerification" name="test_code_immutable_unlock_block" time="0.000" /><testcase classname="backend.tests.test_hr_payroll_phase3_audit_ready.TestCodeVerification" name="test_code_payroll_post_lock_check" time="0.000" /><testcase classname="backend.tests.test_hr_payroll_phase3_audit_ready.TestCodeVerification" name="test_code_duplicate_draft_delete" time="0.000" /><testcase classname="backend.tests.test_hr_payroll_phase3_audit_ready.TestCodeVerification" name="test_code_kpi_source_marker" time="0.000" /></testsuite></testsuites>