<?xml version="1.0" encoding="utf-8"?><testsuites name="pytest tests"><testsuite name="pytest" errors="0" failures="0" skipped="0" tests="27" time="5.587" timestamp="2026-03-10T14:06:51.969799+00:00" hostname="agent-env-e29b0808-ff2e-4cc8-9eb8-5c99a89c29cb"><testcase classname="backend.tests.test_phase4_hr_payroll.TestSeedData" name="test_seed_all_data" time="0.360" /><testcase classname="backend.tests.test_phase4_hr_payroll.TestSeedData" name="test_seed_branches" time="0.125" /><testcase classname="backend.tests.test_phase4_hr_payroll.TestSeedData" name="test_seed_employees" time="0.130" /><testcase classname="backend.tests.test_phase4_hr_payroll.TestSeedData" name="test_seed_attendance" time="0.194" /><testcase classname="backend.tests.test_phase4_hr_payroll.TestSeedData" name="test_seed_transactions" time="0.213" /><testcase classname="backend.tests.test_phase4_hr_payroll.TestPayrollAuto" name="test_calculate_employee_payroll" time="0.129" /><testcase classname="backend.tests.test_phase4_hr_payroll.TestPayrollAuto" name="test_calculate_employee_payroll_not_found" time="0.117" /><testcase classname="backend.tests.test_phase4_hr_payroll.TestPayrollAuto" name="test_calculate_all_payroll" time="0.177" /><testcase classname="backend.tests.test_phase4_hr_payroll.TestPayrollAuto" name="test_calculate_branch_payroll" time="0.142" /><testcase classname="backend.tests.test_phase4_hr_payroll.TestPayrollAuto" name="test_save_payroll_result" time="0.200" /><testcase classname="backend.tests.test_phase4_hr_payroll.TestPayrollAuto" name="test_get_payroll_results" time="0.142" /><testcase classname="backend.tests.test_phase4_hr_payroll.TestAIEmployeePerformance" name="test_analyze_employee_performance" time="0.117" /><testcase classname="backend.tests.test_phase4_hr_payroll.TestAIEmployeePerformance" name="test_analyze_employee_different_periods" time="0.418" /><testcase classname="backend.tests.test_phase4_hr_payroll.TestAIEmployeePerformance" name="test_analyze_employee_not_found" time="0.120" /><testcase classname="backend.tests.test_phase4_hr_payroll.TestAIEmployeePerformance" name="test_analyze_all_employees" time="0.313" /><testcase classname="backend.tests.test_phase4_hr_payroll.TestAIEmployeePerformance" name="test_employee_ranking" time="0.275" /><testcase classname="backend.tests.test_phase4_hr_payroll.TestAIEmployeePerformance" name="test_save_performance_analysis" time="0.148" /><testcase classname="backend.tests.test_phase4_hr_payroll.TestAIEmployeePerformance" name="test_get_performance_history" time="0.124" /><testcase classname="backend.tests.test_phase4_hr_payroll.TestPayslipGeneration" name="test_payslip_json_format" time="0.113" /><testcase classname="backend.tests.test_phase4_hr_payroll.TestPayslipGeneration" name="test_payslip_pdf_format" time="0.124" /><testcase classname="backend.tests.test_phase4_hr_payroll.TestPayslipGeneration" name="test_payslip_excel_format" time="0.131" /><testcase classname="backend.tests.test_phase4_hr_payroll.TestPayslipGeneration" name="test_payslip_invalid_format" time="0.133" /><testcase classname="backend.tests.test_phase4_hr_payroll.TestPayslipGeneration" name="test_payslip_employee_not_found" time="0.135" /><testcase classname="backend.tests.test_phase4_hr_payroll.TestPayslipGeneration" name="test_branch_payroll_report_json" time="0.139" /><testcase classname="backend.tests.test_phase4_hr_payroll.TestPayslipGeneration" name="test_company_payroll_report" time="0.119" /><testcase classname="backend.tests.test_phase4_hr_payroll.TestPayslipGeneration" name="test_dashboard_summary" time="0.129" /><testcase classname="backend.tests.test_phase4_hr_payroll.TestIntegration" name="test_full_payroll_workflow" time="0.958" /></testsuite></testsuites>