<?xml version="1.0" encoding="utf-8"?><testsuites name="pytest tests"><testsuite name="pytest" errors="0" failures="0" skipped="0" tests="41" time="6.412" timestamp="2026-03-10T14:21:59.803493+00:00" hostname="agent-env-e29b0808-ff2e-4cc8-9eb8-5c99a89c29cb"><testcase classname="backend.tests.test_audit_comprehensive_iter18.TestAICFODashboard" name="test_cfo_dashboard_loads" time="0.558" /><testcase classname="backend.tests.test_audit_comprehensive_iter18.TestAICFODashboard" name="test_cfo_profit_loss" time="0.130" /><testcase classname="backend.tests.test_audit_comprehensive_iter18.TestAICFODashboard" name="test_cfo_cash_flow" time="0.135" /><testcase classname="backend.tests.test_audit_comprehensive_iter18.TestAISuperWarRoom" name="test_warroom_dashboard" time="0.132" /><testcase classname="backend.tests.test_audit_comprehensive_iter18.TestAISuperWarRoom" name="test_warroom_predictions_sales" time="0.135" /><testcase classname="backend.tests.test_audit_comprehensive_iter18.TestAISuperWarRoom" name="test_warroom_branch_analysis" time="0.136" /><testcase classname="backend.tests.test_audit_comprehensive_iter18.TestGlobalMap" name="test_global_map_branches" time="0.135" /><testcase classname="backend.tests.test_audit_comprehensive_iter18.TestGlobalMap" name="test_global_map_stock_map" time="0.117" /><testcase classname="backend.tests.test_audit_comprehensive_iter18.TestAICommandCenter" name="test_command_dashboard" time="0.138" /><testcase classname="backend.tests.test_audit_comprehensive_iter18.TestAICommandCenter" name="test_command_recommendations" time="0.122" /><testcase classname="backend.tests.test_audit_comprehensive_iter18.TestAICommandCenter" name="test_command_anomalies" time="0.110" /><testcase classname="backend.tests.test_audit_comprehensive_iter18.TestKPIPerformance" name="test_kpi_targets_list" time="0.151" /><testcase classname="backend.tests.test_audit_comprehensive_iter18.TestKPIPerformance" name="test_kpi_templates" time="0.112" /><testcase classname="backend.tests.test_audit_comprehensive_iter18.TestKPIPerformance" name="test_kpi_ai_employee_ranking" time="0.133" /><testcase classname="backend.tests.test_audit_comprehensive_iter18.TestCRMAI" name="test_crm_customers_list" time="0.129" /><testcase classname="backend.tests.test_audit_comprehensive_iter18.TestCRMAI" name="test_crm_prompts" time="0.122" /><testcase classname="backend.tests.test_audit_comprehensive_iter18.TestCRMAI" name="test_crm_recommendations" time="0.143" /><testcase classname="backend.tests.test_audit_comprehensive_iter18.TestAdvancedExport" name="test_export_employees_xlsx" time="0.120" /><testcase classname="backend.tests.test_audit_comprehensive_iter18.TestAdvancedExport" name="test_export_ranking_json" time="0.141" /><testcase classname="backend.tests.test_audit_comprehensive_iter18.TestImportData" name="test_import_templates" time="0.142" /><testcase classname="backend.tests.test_audit_comprehensive_iter18.TestImportData" name="test_import_history" time="0.163" /><testcase classname="backend.tests.test_audit_comprehensive_iter18.TestSetoranHarian" name="test_setoran_list" time="0.177" /><testcase classname="backend.tests.test_audit_comprehensive_iter18.TestSetoranHarian" name="test_setoran_create_and_get" time="0.128" /><testcase classname="backend.tests.test_audit_comprehensive_iter18.TestSelisihKas" name="test_selisih_list" time="0.184" /><testcase classname="backend.tests.test_audit_comprehensive_iter18.TestEmployees" name="test_employees_list" time="0.160" /><testcase classname="backend.tests.test_audit_comprehensive_iter18.TestEmployees" name="test_employee_crud" time="0.109" /><testcase classname="backend.tests.test_audit_comprehensive_iter18.TestHRManagement" name="test_hr_attendance_advanced" time="0.114" /><testcase classname="backend.tests.test_audit_comprehensive_iter18.TestHRManagement" name="test_hr_leave_requests" time="0.152" /><testcase classname="backend.tests.test_audit_comprehensive_iter18.TestAbsensi" name="test_attendance_list" time="0.226" /><testcase classname="backend.tests.test_audit_comprehensive_iter18.TestPayroll" name="test_payroll_list" time="0.118" /><testcase classname="backend.tests.test_audit_comprehensive_iter18.TestAIPerformance" name="test_ai_employee_ranking" time="0.283" /><testcase classname="backend.tests.test_audit_comprehensive_iter18.TestPayrollOtomatis" name="test_payroll_calculate_all" time="0.288" /><testcase classname="backend.tests.test_audit_comprehensive_iter18.TestMasterJabatan" name="test_jabatan_list" time="0.139" /><testcase classname="backend.tests.test_audit_comprehensive_iter18.TestMasterJabatan" name="test_jabatan_crud" time="0.110" /><testcase classname="backend.tests.test_audit_comprehensive_iter18.TestMasterShift" name="test_shift_list" time="0.124" /><testcase classname="backend.tests.test_audit_comprehensive_iter18.TestMasterShift" name="test_shift_crud" time="0.107" /><testcase classname="backend.tests.test_audit_comprehensive_iter18.TestPayrollRules" name="test_payroll_rules_list" time="0.116" /><testcase classname="backend.tests.test_audit_comprehensive_iter18.TestPayrollRules" name="test_payroll_rule_crud" time="0.114" /><testcase classname="backend.tests.test_audit_comprehensive_iter18.TestAuditDataVerification" name="test_audit_data_check" time="0.130" /><testcase classname="backend.tests.test_audit_comprehensive_iter18.TestAuditDataVerification" name="test_branches_exist" time="0.158" /><testcase classname="backend.tests.test_audit_comprehensive_iter18.TestSystemHealth" name="test_api_health" time="0.133" /></testsuite></testsuites>