<?xml version="1.0" encoding="utf-8"?><testsuites name="pytest tests"><testsuite name="pytest" errors="0" failures="0" skipped="0" tests="25" time="26.587" timestamp="2026-03-10T15:57:35.728862+00:00" hostname="agent-env-e29b0808-ff2e-4cc8-9eb8-5c99a89c29cb"><testcase classname="backend.tests.test_daftar_item_branch_stock_ai_photo.TestAuth" name="test_login_success" time="0.517" /><testcase classname="backend.tests.test_daftar_item_branch_stock_ai_photo.TestMasterItemsAPI" name="test_list_items_success" time="0.508" /><testcase classname="backend.tests.test_daftar_item_branch_stock_ai_photo.TestMasterItemsAPI" name="test_filter_by_keyword" time="0.118" /><testcase classname="backend.tests.test_daftar_item_branch_stock_ai_photo.TestMasterItemsAPI" name="test_filter_by_item_type" time="0.195" /><testcase classname="backend.tests.test_daftar_item_branch_stock_ai_photo.TestMasterItemsAPI" name="test_filter_by_status_aktif" time="0.130" /><testcase classname="backend.tests.test_daftar_item_branch_stock_ai_photo.TestMasterItemsAPI" name="test_filter_discontinued" time="0.181" /><testcase classname="backend.tests.test_daftar_item_branch_stock_ai_photo.TestMasterItemsAPI" name="test_sorting_by_code" time="0.118" /><testcase classname="backend.tests.test_daftar_item_branch_stock_ai_photo.TestMasterItemsAPI" name="test_pagination" time="0.110" /><testcase classname="backend.tests.test_daftar_item_branch_stock_ai_photo.TestItemCRUD" name="test_create_item" time="0.383" /><testcase classname="backend.tests.test_daftar_item_branch_stock_ai_photo.TestItemCRUD" name="test_create_item_duplicate_code_fails" time="0.261" /><testcase classname="backend.tests.test_daftar_item_branch_stock_ai_photo.TestItemCRUD" name="test_update_item" time="0.374" /><testcase classname="backend.tests.test_daftar_item_branch_stock_ai_photo.TestItemCRUD" name="test_delete_item" time="0.349" /><testcase classname="backend.tests.test_daftar_item_branch_stock_ai_photo.TestBranchStockAPI" name="test_get_branch_stock_for_item" time="0.281" /><testcase classname="backend.tests.test_daftar_item_branch_stock_ai_photo.TestBranchStockAPI" name="test_branch_stock_has_all_branches" time="0.441" /><testcase classname="backend.tests.test_daftar_item_branch_stock_ai_photo.TestBranchStockAPI" name="test_save_branch_stock" time="0.467" /><testcase classname="backend.tests.test_daftar_item_branch_stock_ai_photo.TestBranchStockAPI" name="test_branch_stock_alerts" time="0.149" /><testcase classname="backend.tests.test_daftar_item_branch_stock_ai_photo.TestBranchStockAPI" name="test_ai_restock_recommendations" time="0.117" /><testcase classname="backend.tests.test_daftar_item_branch_stock_ai_photo.TestAIPhotoStudioAPI" name="test_get_item_images" time="0.234" /><testcase classname="backend.tests.test_daftar_item_branch_stock_ai_photo.TestAIPhotoStudioAPI" name="test_upload_photo_invalid_type" time="0.273" /><testcase classname="backend.tests.test_daftar_item_branch_stock_ai_photo.TestAIPhotoStudioAPI" name="test_enhance_photo_fallback" time="20.430" /><testcase classname="backend.tests.test_daftar_item_branch_stock_ai_photo.TestBranchesAndFilters" name="test_list_branches" time="0.164" /><testcase classname="backend.tests.test_daftar_item_branch_stock_ai_photo.TestBranchesAndFilters" name="test_filter_items_by_branch" time="0.244" /><testcase classname="backend.tests.test_daftar_item_branch_stock_ai_photo.TestBranchesAndFilters" name="test_categories_list" time="0.187" /><testcase classname="backend.tests.test_daftar_item_branch_stock_ai_photo.TestBranchesAndFilters" name="test_units_list" time="0.116" /><testcase classname="backend.tests.test_daftar_item_branch_stock_ai_photo.TestBranchesAndFilters" name="test_brands_list" time="0.111" /></testsuite></testsuites>