<?xml version="1.0" encoding="utf-8"?><testsuites name="pytest tests"><testsuite name="pytest" errors="0" failures="2" skipped="0" tests="35" time="7.041" timestamp="2026-03-11T19:41:18.472997+00:00" hostname="agent-env-e29b0808-ff2e-4cc8-9eb8-5c99a89c29cb"><testcase classname="backend.tests.test_master_data_erp_iteration35.TestItemsAPI" name="test_list_items" time="0.965" /><testcase classname="backend.tests.test_master_data_erp_iteration35.TestItemsAPI" name="test_list_items_with_search" time="0.126" /><testcase classname="backend.tests.test_master_data_erp_iteration35.TestItemsAPI" name="test_list_items_with_filters" time="0.140" /><testcase classname="backend.tests.test_master_data_erp_iteration35.TestItemsAPI" name="test_create_item" time="0.130" /><testcase classname="backend.tests.test_master_data_erp_iteration35.TestCategoriesAPI" name="test_list_categories" time="0.125" /><testcase classname="backend.tests.test_master_data_erp_iteration35.TestCategoriesAPI" name="test_create_category" time="0.165" /><testcase classname="backend.tests.test_master_data_erp_iteration35.TestBrandsAPI" name="test_list_brands" time="0.137" /><testcase classname="backend.tests.test_master_data_erp_iteration35.TestBrandsAPI" name="test_create_brand" time="0.154" /><testcase classname="backend.tests.test_master_data_erp_iteration35.TestUnitsAPI" name="test_list_units" time="0.125" /><testcase classname="backend.tests.test_master_data_erp_iteration35.TestUnitsAPI" name="test_create_unit" time="0.169" /><testcase classname="backend.tests.test_master_data_erp_iteration35.TestWarehousesAPI" name="test_list_warehouses" time="0.145" /><testcase classname="backend.tests.test_master_data_erp_iteration35.TestWarehousesAPI" name="test_create_warehouse" time="0.179" /><testcase classname="backend.tests.test_master_data_erp_iteration35.TestSuppliersAPI" name="test_list_suppliers" time="0.127" /><testcase classname="backend.tests.test_master_data_erp_iteration35.TestCustomersAPI" name="test_list_customers" time="0.191" /><testcase classname="backend.tests.test_master_data_erp_iteration35.TestSalesPersonsAPI" name="test_list_sales_persons" time="0.216" /><testcase classname="backend.tests.test_master_data_erp_iteration35.TestSalesPersonsAPI" name="test_create_sales_person" time="0.140" /><testcase classname="backend.tests.test_master_data_erp_iteration35.TestCustomerGroupsAPI" name="test_list_customer_groups" time="0.192" /><testcase classname="backend.tests.test_master_data_erp_iteration35.TestCustomerGroupsAPI" name="test_create_customer_group" time="0.157" /><testcase classname="backend.tests.test_master_data_erp_iteration35.TestItemTypesAPI" name="test_list_item_types" time="0.151" /><testcase classname="backend.tests.test_master_data_erp_iteration35.TestItemTypesAPI" name="test_create_item_type" time="0.125" /><testcase classname="backend.tests.test_master_data_erp_iteration35.TestRegionsAPI" name="test_list_regions" time="0.112" /><testcase classname="backend.tests.test_master_data_erp_iteration35.TestRegionsAPI" name="test_create_region" time="0.126" /><testcase classname="backend.tests.test_master_data_erp_iteration35.TestBanksAPI" name="test_list_banks" time="0.152" /><testcase classname="backend.tests.test_master_data_erp_iteration35.TestBanksAPI" name="test_create_bank" time="0.147" /><testcase classname="backend.tests.test_master_data_erp_iteration35.TestEmoneyAPI" name="test_list_emoney" time="0.177" /><testcase classname="backend.tests.test_master_data_erp_iteration35.TestEmoneyAPI" name="test_create_emoney" time="0.174" /><testcase classname="backend.tests.test_master_data_erp_iteration35.TestDiscountsAPI" name="test_list_discounts" time="0.146" /><testcase classname="backend.tests.test_master_data_erp_iteration35.TestDiscountsAPI" name="test_create_discount" time="0.173" /><testcase classname="backend.tests.test_master_data_erp_iteration35.TestPromotionsAPI" name="test_list_promotions" time="0.151" /><testcase classname="backend.tests.test_master_data_erp_iteration35.TestPromotionsAPI" name="test_create_promotion" time="0.124" /><testcase classname="backend.tests.test_master_data_erp_iteration35.TestOwnerDashboard" name="test_owner_dashboard_summary" time="0.110"><failure message="AssertionError: Failed: {&quot;detail&quot;:&quot;Not Found&quot;}&#10;assert 404 == 200&#10; +  where 404 = &lt;Response [404]&gt;.status_code">backend/tests/test_master_data_erp_iteration35.py:489: in test_owner_dashboard_summary
    assert response.status_code == 200, f"Failed: {response.text}"
E   AssertionError: Failed: {"detail":"Not Found"}
E   assert 404 == 200
E    +  where 404 = &lt;Response [404]&gt;.status_code</failure></testcase><testcase classname="backend.tests.test_master_data_erp_iteration35.TestFinanceDashboard" name="test_finance_dashboard_summary" time="0.264"><failure message="AssertionError: Failed: {&quot;detail&quot;:&quot;Not Found&quot;}&#10;assert 404 == 200&#10; +  where 404 = &lt;Response [404]&gt;.status_code">backend/tests/test_master_data_erp_iteration35.py:501: in test_finance_dashboard_summary
    assert response.status_code == 200, f"Failed: {response.text}"
E   AssertionError: Failed: {"detail":"Not Found"}
E   assert 404 == 200
E    +  where 404 = &lt;Response [404]&gt;.status_code</failure></testcase><testcase classname="backend.tests.test_master_data_erp_iteration35.TestShippingCostsAPI" name="test_list_shipping_costs" time="0.197" /><testcase classname="backend.tests.test_master_data_erp_iteration35.TestShippingCostsAPI" name="test_create_shipping_cost" time="0.826" /><testcase classname="backend.tests.test_master_data_erp_iteration35.TestCustomerPointsAPI" name="test_list_customer_points" time="0.117" /></testsuite></testsuites>