<?xml version="1.0" encoding="utf-8"?><testsuites name="pytest tests"><testsuite name="pytest" errors="0" failures="0" skipped="1" tests="20" time="2.836" timestamp="2026-03-11T22:59:11.328042+00:00" hostname="agent-env-e29b0808-ff2e-4cc8-9eb8-5c99a89c29cb"><testcase classname="backend.tests.test_purchase_planning_sales_target_phase3.TestPurchasePlanningGenerate" name="test_generate_planning" time="0.757" /><testcase classname="backend.tests.test_purchase_planning_sales_target_phase3.TestPurchasePlanningList" name="test_list_planning_items" time="0.063" /><testcase classname="backend.tests.test_purchase_planning_sales_target_phase3.TestPurchasePlanningList" name="test_list_with_status_filter" time="0.065" /><testcase classname="backend.tests.test_purchase_planning_sales_target_phase3.TestPurchasePlanningList" name="test_list_with_urgency_filter" time="0.062" /><testcase classname="backend.tests.test_purchase_planning_sales_target_phase3.TestPurchasePlanningDashboard" name="test_get_dashboard_summary" time="0.070" /><testcase classname="backend.tests.test_purchase_planning_sales_target_phase3.TestPurchasePlanningStatus" name="test_status_workflow" time="0.202" /><testcase classname="backend.tests.test_purchase_planning_sales_target_phase3.TestPurchasePlanningStatus" name="test_invalid_status_transition" time="0.063"><skipped type="pytest.skip" message="No draft items for invalid transition test">/app/backend/tests/test_purchase_planning_sales_target_phase3.py:180: No draft items for invalid transition test</skipped></testcase><testcase classname="backend.tests.test_purchase_planning_sales_target_phase3.TestPurchasePlanningCreatePO" name="test_create_po_from_approved" time="0.121" /><testcase classname="backend.tests.test_purchase_planning_sales_target_phase3.TestPurchasePlanningCreatePO" name="test_create_po_empty_ids" time="0.060" /><testcase classname="backend.tests.test_purchase_planning_sales_target_phase3.TestSalesTargetDashboard" name="test_get_dashboard_summary" time="0.063" /><testcase classname="backend.tests.test_purchase_planning_sales_target_phase3.TestSalesTargetLeaderboard" name="test_get_leaderboard" time="0.055" /><testcase classname="backend.tests.test_purchase_planning_sales_target_phase3.TestSalesTargetList" name="test_list_targets" time="0.074" /><testcase classname="backend.tests.test_purchase_planning_sales_target_phase3.TestSalesTargetList" name="test_list_with_filters" time="0.065" /><testcase classname="backend.tests.test_purchase_planning_sales_target_phase3.TestSalesTargetCreate" name="test_create_target" time="0.156" /><testcase classname="backend.tests.test_purchase_planning_sales_target_phase3.TestSalesTargetCreate" name="test_create_target_validation" time="0.082" /><testcase classname="backend.tests.test_purchase_planning_sales_target_phase3.TestSalesTargetDelete" name="test_delete_target" time="0.119" /><testcase classname="backend.tests.test_purchase_planning_sales_target_phase3.TestSalesTargetGetById" name="test_get_target_by_id" time="0.156" /><testcase classname="backend.tests.test_purchase_planning_sales_target_phase3.TestSalesTargetGetById" name="test_get_nonexistent_target" time="0.068" /><testcase classname="backend.tests.test_purchase_planning_sales_target_phase3.TestIntegration" name="test_purchase_planning_full_flow" time="0.251" /><testcase classname="backend.tests.test_purchase_planning_sales_target_phase3.TestIntegration" name="test_sales_target_endpoints_after_fix" time="0.197" /></testsuite></testsuites>