<?xml version="1.0" encoding="utf-8"?><testsuites name="pytest tests"><testsuite name="pytest" errors="0" failures="0" skipped="1" tests="23" time="3.512" timestamp="2026-03-11T22:40:26.088144+00:00" hostname="agent-env-e29b0808-ff2e-4cc8-9eb8-5c99a89c29cb"><testcase classname="tests.test_stock_reorder_warehouse_phase3.TestStockReorderPolicy" name="test_get_reorder_policy" time="0.614" /><testcase classname="tests.test_stock_reorder_warehouse_phase3.TestStockReorderDashboard" name="test_get_reorder_dashboard" time="0.143" /><testcase classname="tests.test_stock_reorder_warehouse_phase3.TestStockReorderDashboard" name="test_dashboard_contains_critical_items" time="0.152" /><testcase classname="tests.test_stock_reorder_warehouse_phase3.TestStockReorderSuggestions" name="test_get_reorder_suggestions" time="0.155" /><testcase classname="tests.test_stock_reorder_warehouse_phase3.TestStockReorderSuggestions" name="test_filter_suggestions_by_urgency" time="0.140" /><testcase classname="tests.test_stock_reorder_warehouse_phase3.TestStockReorderSuggestions" name="test_suggestions_item_structure" time="0.140" /><testcase classname="tests.test_stock_reorder_warehouse_phase3.TestStockReorderSettings" name="test_update_stock_settings" time="0.178" /><testcase classname="tests.test_stock_reorder_warehouse_phase3.TestProductVelocity" name="test_get_product_velocity" time="0.072" /><testcase classname="tests.test_stock_reorder_warehouse_phase3.TestGeneratePODraft" name="test_generate_po_draft" time="0.146" /><testcase classname="tests.test_stock_reorder_warehouse_phase3.TestWarehouseList" name="test_list_warehouses" time="0.076" /><testcase classname="tests.test_stock_reorder_warehouse_phase3.TestWarehouseList" name="test_warehouse_item_structure" time="0.068" /><testcase classname="tests.test_stock_reorder_warehouse_phase3.TestWarehouseCreate" name="test_create_warehouse" time="0.055" /><testcase classname="tests.test_stock_reorder_warehouse_phase3.TestWarehouseCreate" name="test_duplicate_code_rejected" time="0.136" /><testcase classname="tests.test_stock_reorder_warehouse_phase3.TestWarehouseStock" name="test_get_warehouse_stock" time="0.132" /><testcase classname="tests.test_stock_reorder_warehouse_phase3.TestWarehouseDashboard" name="test_get_warehouse_dashboard" time="0.096" /><testcase classname="tests.test_stock_reorder_warehouse_phase3.TestStockTransfer" name="test_list_transfers" time="0.053" /><testcase classname="tests.test_stock_reorder_warehouse_phase3.TestStockTransfer" name="test_filter_transfers_by_status" time="0.059" /><testcase classname="tests.test_stock_reorder_warehouse_phase3.TestStockTransfer" name="test_create_transfer_validation_same_warehouse" time="0.060" /><testcase classname="tests.test_stock_reorder_warehouse_phase3.TestStockTransfer" name="test_create_transfer_validation_insufficient_stock" time="0.067" /><testcase classname="tests.test_stock_reorder_warehouse_phase3.TestTransferActions" name="test_invalid_action_rejected" time="0.080"><skipped type="pytest.skip" message="No pending transfers available for testing">/app/backend/tests/test_stock_reorder_warehouse_phase3.py:503: No pending transfers available for testing</skipped></testcase><testcase classname="tests.test_stock_reorder_warehouse_phase3.TestLowStockAlerts" name="test_get_low_stock_alerts" time="0.146" /><testcase classname="tests.test_stock_reorder_warehouse_phase3.TestStockReorderWarehouseIntegration" name="test_dashboard_consistency" time="0.338" /><testcase classname="tests.test_stock_reorder_warehouse_phase3.TestStockReorderWarehouseIntegration" name="test_warehouse_stock_available" time="0.311" /></testsuite></testsuites>