<?xml version="1.0" encoding="utf-8"?><testsuites name="pytest tests"><testsuite name="pytest" errors="0" failures="0" skipped="0" tests="27" time="9.607" timestamp="2026-03-11T21:54:27.913001+00:00" hostname="agent-env-e29b0808-ff2e-4cc8-9eb8-5c99a89c29cb"><testcase classname="backend.tests.test_approval_workflow_phase3.TestApprovalWorkflowAuth" name="test_owner_login" time="0.529" /><testcase classname="backend.tests.test_approval_workflow_phase3.TestApprovalTypes" name="test_get_approval_types" time="0.458" /><testcase classname="backend.tests.test_approval_workflow_phase3.TestApprovalTypes" name="test_approval_types_content" time="0.113" /><testcase classname="backend.tests.test_approval_workflow_phase3.TestApprovalCheck" name="test_check_purchase_auto_approve" time="0.513" /><testcase classname="backend.tests.test_approval_workflow_phase3.TestApprovalCheck" name="test_check_purchase_needs_approval" time="0.143" /><testcase classname="backend.tests.test_approval_workflow_phase3.TestApprovalCheck" name="test_check_discount_auto_approve" time="0.194" /><testcase classname="backend.tests.test_approval_workflow_phase3.TestApprovalCheck" name="test_check_discount_needs_approval" time="0.145" /><testcase classname="backend.tests.test_approval_workflow_phase3.TestApprovalCheck" name="test_check_void_transaction" time="0.159" /><testcase classname="backend.tests.test_approval_workflow_phase3.TestApprovalRequestCreate" name="test_create_approval_request_auto_approve" time="0.557" /><testcase classname="backend.tests.test_approval_workflow_phase3.TestApprovalRequestCreate" name="test_create_approval_request_pending" time="0.149" /><testcase classname="backend.tests.test_approval_workflow_phase3.TestApprovalRequestCreate" name="test_create_void_approval_request" time="0.109" /><testcase classname="backend.tests.test_approval_workflow_phase3.TestApprovalRequestCreate" name="test_create_invalid_approval_type" time="0.122" /><testcase classname="backend.tests.test_approval_workflow_phase3.TestPendingApprovals" name="test_get_pending_approvals" time="0.499" /><testcase classname="backend.tests.test_approval_workflow_phase3.TestPendingApprovals" name="test_filter_pending_by_type" time="0.123" /><testcase classname="backend.tests.test_approval_workflow_phase3.TestMyRequests" name="test_get_my_requests" time="0.533" /><testcase classname="backend.tests.test_approval_workflow_phase3.TestMyRequests" name="test_filter_my_requests_by_status" time="0.126" /><testcase classname="backend.tests.test_approval_workflow_phase3.TestApprovalDetail" name="test_get_approval_detail" time="0.607" /><testcase classname="backend.tests.test_approval_workflow_phase3.TestApprovalDetail" name="test_get_invalid_approval" time="0.182" /><testcase classname="backend.tests.test_approval_workflow_phase3.TestApprovalAction" name="test_approve_request" time="0.697" /><testcase classname="backend.tests.test_approval_workflow_phase3.TestApprovalAction" name="test_reject_request" time="0.364" /><testcase classname="backend.tests.test_approval_workflow_phase3.TestApprovalAction" name="test_invalid_action" time="0.244" /><testcase classname="backend.tests.test_approval_workflow_phase3.TestApprovalAction" name="test_cannot_act_on_processed_request" time="0.367" /><testcase classname="backend.tests.test_approval_workflow_phase3.TestRoleBasedAccess" name="test_kasir_cannot_approve" time="0.948" /><testcase classname="backend.tests.test_approval_workflow_phase3.TestRoleBasedAccess" name="test_kasir_can_view_pending" time="0.112" /><testcase classname="backend.tests.test_approval_workflow_phase3.TestRoleBasedAccess" name="test_owner_can_approve_all" time="0.228" /><testcase classname="backend.tests.test_approval_workflow_phase3.TestDashboardSummary" name="test_get_dashboard_summary" time="0.470" /><testcase classname="backend.tests.test_approval_workflow_phase3.TestAuditTrail" name="test_approval_action_creates_audit" time="0.767" /></testsuite></testsuites>