<?xml version="1.0" encoding="utf-8"?><testsuites name="pytest tests"><testsuite name="pytest" errors="0" failures="0" skipped="0" tests="23" time="4.673" timestamp="2026-03-14T08:47:20.619646+00:00" hostname="agent-env-e29b0808-ff2e-4cc8-9eb8-5c99a89c29cb"><testcase classname="backend.tests.test_phase_e_hardening_iter65.TestExportEndpoints" name="test_export_products_returns_excel" time="0.630" /><testcase classname="backend.tests.test_phase_e_hardening_iter65.TestExportEndpoints" name="test_export_customers_returns_excel" time="0.074" /><testcase classname="backend.tests.test_phase_e_hardening_iter65.TestExportEndpoints" name="test_export_suppliers_returns_excel" time="0.079" /><testcase classname="backend.tests.test_phase_e_hardening_iter65.TestExportEndpoints" name="test_export_branches_returns_excel" time="0.076" /><testcase classname="backend.tests.test_phase_e_hardening_iter65.TestTemplateEndpoints" name="test_template_products_returns_xlsx" time="0.074" /><testcase classname="backend.tests.test_phase_e_hardening_iter65.TestTemplateEndpoints" name="test_template_customers_returns_xlsx" time="0.072" /><testcase classname="backend.tests.test_phase_e_hardening_iter65.TestTemplateEndpoints" name="test_template_suppliers_returns_xlsx" time="0.069" /><testcase classname="backend.tests.test_phase_e_hardening_iter65.TestBranchCreation" name="test_create_branch_with_code_field" time="0.067" /><testcase classname="backend.tests.test_phase_e_hardening_iter65.TestBranchCreation" name="test_list_branches" time="0.087" /><testcase classname="backend.tests.test_phase_e_hardening_iter65.TestTenantDeleteWarning" name="test_tenant_delete_without_confirm_returns_warning" time="0.080" /><testcase classname="backend.tests.test_phase_e_hardening_iter65.TestSalesFlow" name="test_sales_list_page_loads" time="0.070" /><testcase classname="backend.tests.test_phase_e_hardening_iter65.TestSalesFlow" name="test_sales_orders_list" time="0.071" /><testcase classname="backend.tests.test_phase_e_hardening_iter65.TestPurchaseFlow" name="test_purchase_list_loads" time="0.071" /><testcase classname="backend.tests.test_phase_e_hardening_iter65.TestAccountsPayable" name="test_ap_list_loads" time="0.068" /><testcase classname="backend.tests.test_phase_e_hardening_iter65.TestAccountsPayable" name="test_ap_aging_report" time="0.070" /><testcase classname="backend.tests.test_phase_e_hardening_iter65.TestAccountsPayable" name="test_ap_cash_bank_accounts" time="0.071" /><testcase classname="backend.tests.test_phase_e_hardening_iter65.TestAccountsReceivable" name="test_ar_list_loads" time="0.101" /><testcase classname="backend.tests.test_phase_e_hardening_iter65.TestAccountsReceivable" name="test_ar_aging_report" time="0.069" /><testcase classname="backend.tests.test_phase_e_hardening_iter65.TestFinancialReports" name="test_trial_balance_api_returns_data" time="0.631" /><testcase classname="backend.tests.test_phase_e_hardening_iter65.TestFinancialReports" name="test_balance_sheet_api_returns_data" time="0.663" /><testcase classname="backend.tests.test_phase_e_hardening_iter65.TestFinancialReports" name="test_income_statement_api" time="0.658" /><testcase classname="backend.tests.test_phase_e_hardening_iter65.TestGeneralLedger" name="test_general_ledger_api" time="0.664" /><testcase classname="backend.tests.test_phase_e_hardening_iter65.TestChartOfAccounts" name="test_coa_list" time="0.069" /></testsuite></testsuites>