<?xml version="1.0" encoding="utf-8"?><testsuites name="pytest tests"><testsuite name="pytest" errors="0" failures="0" skipped="0" tests="28" time="6.804" timestamp="2026-03-10T21:23:34.960760+00:00" hostname="agent-env-e29b0808-ff2e-4cc8-9eb8-5c99a89c29cb"><testcase classname="backend.tests.test_enterprise_blueprint_iter28.TestAuthentication" name="test_admin_login" time="0.432" /><testcase classname="backend.tests.test_enterprise_blueprint_iter28.TestARSystem" name="test_ar_init" time="0.516" /><testcase classname="backend.tests.test_enterprise_blueprint_iter28.TestARSystem" name="test_ar_create" time="0.246" /><testcase classname="backend.tests.test_enterprise_blueprint_iter28.TestARSystem" name="test_ar_list" time="0.134" /><testcase classname="backend.tests.test_enterprise_blueprint_iter28.TestARSystem" name="test_ar_summary_dashboard" time="0.222" /><testcase classname="backend.tests.test_enterprise_blueprint_iter28.TestARSystem" name="test_ar_aging" time="0.127" /><testcase classname="backend.tests.test_enterprise_blueprint_iter28.TestARSystem" name="test_ar_payment_with_journal" time="0.117" /><testcase classname="backend.tests.test_enterprise_blueprint_iter28.TestAPSystem" name="test_ap_init" time="0.492" /><testcase classname="backend.tests.test_enterprise_blueprint_iter28.TestAPSystem" name="test_ap_create" time="0.288" /><testcase classname="backend.tests.test_enterprise_blueprint_iter28.TestAPSystem" name="test_ap_list" time="0.123" /><testcase classname="backend.tests.test_enterprise_blueprint_iter28.TestAPSystem" name="test_ap_summary_dashboard" time="0.122" /><testcase classname="backend.tests.test_enterprise_blueprint_iter28.TestAPSystem" name="test_ap_payment_with_journal" time="0.130" /><testcase classname="backend.tests.test_enterprise_blueprint_iter28.TestApprovalEngine" name="test_approval_init" time="0.455" /><testcase classname="backend.tests.test_enterprise_blueprint_iter28.TestApprovalEngine" name="test_approval_get_modules" time="0.126" /><testcase classname="backend.tests.test_enterprise_blueprint_iter28.TestApprovalEngine" name="test_approval_list_rules" time="0.114" /><testcase classname="backend.tests.test_enterprise_blueprint_iter28.TestApprovalEngine" name="test_approval_create_rule" time="0.134" /><testcase classname="backend.tests.test_enterprise_blueprint_iter28.TestApprovalEngine" name="test_approval_summary_dashboard" time="0.122" /><testcase classname="backend.tests.test_enterprise_blueprint_iter28.TestAccountingEngine" name="test_accounting_init" time="0.465" /><testcase classname="backend.tests.test_enterprise_blueprint_iter28.TestAccountingEngine" name="test_accounting_list_accounts" time="0.110" /><testcase classname="backend.tests.test_enterprise_blueprint_iter28.TestAccountingEngine" name="test_accounting_get_mapping" time="0.109" /><testcase classname="backend.tests.test_enterprise_blueprint_iter28.TestAccountingEngine" name="test_accounting_list_journals" time="0.135" /><testcase classname="backend.tests.test_enterprise_blueprint_iter28.TestAccountingEngine" name="test_accounting_trial_balance" time="0.112" /><testcase classname="backend.tests.test_enterprise_blueprint_iter28.TestAccountingEngine" name="test_accounting_income_statement" time="0.115" /><testcase classname="backend.tests.test_enterprise_blueprint_iter28.TestAccountingEngine" name="test_accounting_balance_sheet" time="0.139" /><testcase classname="backend.tests.test_enterprise_blueprint_iter28.TestDepositSystemIntegration" name="test_deposit_system_still_works" time="1.273" /><testcase classname="backend.tests.test_enterprise_blueprint_iter28.TestDepositSystemIntegration" name="test_deposit_dashboard_still_works" time="0.107" /><testcase classname="backend.tests.test_enterprise_blueprint_iter28.TestHealthAndIntegration" name="test_health_check" time="0.111" /><testcase classname="backend.tests.test_enterprise_blueprint_iter28.TestHealthAndIntegration" name="test_api_root" time="0.132" /></testsuite></testsuites>