<?xml version="1.0" encoding="utf-8"?><testsuites name="pytest tests"><testsuite name="pytest" errors="0" failures="0" skipped="0" tests="8" time="1.472" timestamp="2026-03-20T14:32:16.304421+00:00" hostname="agent-env-e29b0808-ff2e-4cc8-9eb8-5c99a89c29cb"><testcase classname="backend.tests.test_purchase_reversal_iter96.TestReversalPreviewForDraftPO" name="test_reversal_preview_draft_returns_can_delete_true" time="0.561" /><testcase classname="backend.tests.test_purchase_reversal_iter96.TestReversalPreviewForReceivedPO" name="test_reversal_preview_received_returns_can_reverse_true" time="0.116" /><testcase classname="backend.tests.test_purchase_reversal_iter96.TestReversalPreviewForReceivedPO" name="test_reversal_preview_shows_impacts" time="0.125" /><testcase classname="backend.tests.test_purchase_reversal_iter96.TestReverseEndpoint" name="test_reverse_endpoint_exists" time="0.105" /><testcase classname="backend.tests.test_purchase_reversal_iter96.TestReverseEndpoint" name="test_reverse_requires_reason" time="0.126" /><testcase classname="backend.tests.test_purchase_reversal_iter96.TestReverseEndpoint" name="test_reverse_draft_po_should_fail" time="0.135" /><testcase classname="backend.tests.test_purchase_reversal_iter96.TestPODetails" name="test_draft_po_exists" time="0.129" /><testcase classname="backend.tests.test_purchase_reversal_iter96.TestPODetails" name="test_received_po_exists" time="0.116" /></testsuite></testsuites>