<?xml version="1.0" encoding="utf-8"?><testsuites name="pytest tests"><testsuite name="pytest" errors="0" failures="0" skipped="0" tests="12" time="1.756" timestamp="2026-03-20T05:40:32.869020+00:00" hostname="agent-env-e29b0808-ff2e-4cc8-9eb8-5c99a89c29cb"><testcase classname="backend.tests.test_quick_purchase_iter91.TestProductSearch" name="test_get_products_list" time="0.793" /><testcase classname="backend.tests.test_quick_purchase_iter91.TestProductSearch" name="test_search_products_by_name" time="0.053" /><testcase classname="backend.tests.test_quick_purchase_iter91.TestProductSearch" name="test_search_products_by_code" time="0.048" /><testcase classname="backend.tests.test_quick_purchase_iter91.TestSupplierSelection" name="test_get_suppliers_list" time="0.058" /><testcase classname="backend.tests.test_quick_purchase_iter91.TestWarehouseSelection" name="test_get_warehouses_list" time="0.053" /><testcase classname="backend.tests.test_quick_purchase_iter91.TestPurchaseOrderCRUD" name="test_create_po_from_quick_purchase" time="0.222" /><testcase classname="backend.tests.test_quick_purchase_iter91.TestPurchaseOrderCRUD" name="test_create_po_requires_supplier" time="0.101" /><testcase classname="backend.tests.test_quick_purchase_iter91.TestPurchaseOrderCRUD" name="test_create_po_requires_items" time="0.093" /><testcase classname="backend.tests.test_quick_purchase_iter91.TestPurchaseOrderCRUD" name="test_list_purchase_orders" time="0.051" /><testcase classname="backend.tests.test_quick_purchase_iter91.TestPurchaseOrderListFilters" name="test_filter_by_status_draft" time="0.044" /><testcase classname="backend.tests.test_quick_purchase_iter91.TestPurchaseOrderListFilters" name="test_search_by_po_number" time="0.058" /><testcase classname="backend.tests.test_quick_purchase_iter91.TestPriceHistoryTracking" name="test_get_price_history" time="0.064" /></testsuite></testsuites>