<?xml version="1.0" encoding="utf-8"?><testsuites name="pytest tests"><testsuite name="pytest" errors="1" failures="0" skipped="0" tests="23" time="8.463" timestamp="2026-03-11T20:53:07.569454+00:00" hostname="agent-env-e29b0808-ff2e-4cc8-9eb8-5c99a89c29cb"><testcase classname="backend.tests.test_erp_hardening_iter38.TestFiscalPeriodCRUD" name="test_list_fiscal_periods" time="0.674" /><testcase classname="backend.tests.test_erp_hardening_iter38.TestFiscalPeriodCRUD" name="test_create_fiscal_period" time="0.162" /><testcase classname="backend.tests.test_erp_hardening_iter38.TestFiscalPeriodCRUD" name="test_create_period_with_overlap_fails" time="0.208" /><testcase classname="backend.tests.test_erp_hardening_iter38.TestFiscalPeriodStatusTransitions" name="test_close_fiscal_period" time="0.602" /><testcase classname="backend.tests.test_erp_hardening_iter38.TestFiscalPeriodStatusTransitions" name="test_lock_closed_period" time="0.189"><error message="failed on setup with &quot;assert 400 == 200&#10; +  where 400 = &lt;Response [400]&gt;.status_code&quot;">backend/tests/test_erp_hardening_iter38.py:121: in test_period_for_status
    assert response.status_code == 200
E   assert 400 == 200
E    +  where 400 = &lt;Response [400]&gt;.status_code</error></testcase><testcase classname="backend.tests.test_erp_hardening_iter38.TestFiscalPeriodStatusTransitions" name="test_cannot_lock_open_period" time="0.366" /><testcase classname="backend.tests.test_erp_hardening_iter38.TestFiscalPeriodValidation" name="test_validate_open_period" time="0.495" /><testcase classname="backend.tests.test_erp_hardening_iter38.TestMultiCurrencyEndpoints" name="test_list_currencies" time="0.492" /><testcase classname="backend.tests.test_erp_hardening_iter38.TestMultiCurrencyEndpoints" name="test_initialize_default_currencies" time="0.145" /><testcase classname="backend.tests.test_erp_hardening_iter38.TestMultiCurrencyEndpoints" name="test_create_currency" time="0.145" /><testcase classname="backend.tests.test_erp_hardening_iter38.TestExchangeRatesEndpoints" name="test_list_exchange_rates" time="0.476" /><testcase classname="backend.tests.test_erp_hardening_iter38.TestExchangeRatesEndpoints" name="test_get_current_exchange_rates" time="0.123" /><testcase classname="backend.tests.test_erp_hardening_iter38.TestExchangeRatesEndpoints" name="test_create_exchange_rate" time="0.174" /><testcase classname="backend.tests.test_erp_hardening_iter38.TestExchangeRatesEndpoints" name="test_cannot_set_rate_for_base_currency" time="0.181" /><testcase classname="backend.tests.test_erp_hardening_iter38.TestCurrencyConversion" name="test_convert_usd_to_idr" time="0.506" /><testcase classname="backend.tests.test_erp_hardening_iter38.TestCurrencyConversion" name="test_convert_eur_to_usd" time="0.131" /><testcase classname="backend.tests.test_erp_hardening_iter38.TestFiscalPeriodEnforcement" name="test_validation_returns_not_allowed_for_closed_period" time="1.067" /><testcase classname="backend.tests.test_erp_hardening_iter38.TestPOSFiscalEnforcement" name="test_pos_endpoint_exists" time="0.468" /><testcase classname="backend.tests.test_erp_hardening_iter38.TestPOSFiscalEnforcement" name="test_pos_transaction_respects_fiscal_period" time="0.136" /><testcase classname="backend.tests.test_erp_hardening_iter38.TestPurchaseFiscalEnforcement" name="test_purchase_orders_endpoint_exists" time="0.493" /><testcase classname="backend.tests.test_erp_hardening_iter38.TestPurchaseFiscalEnforcement" name="test_purchase_receive_has_fiscal_enforcement" time="0.152" /><testcase classname="backend.tests.test_erp_hardening_iter38.TestValidateTransactionEndpoint" name="test_validate_transaction_combined" time="0.511" /><testcase classname="backend.tests.test_erp_hardening_iter38.TestExchangeGainLoss" name="test_calculate_gain_loss" time="0.453" /></testsuite></testsuites>