<?xml version="1.0" encoding="utf-8"?><testsuites name="pytest tests"><testsuite name="pytest" errors="0" failures="0" skipped="0" tests="21" time="8.941" timestamp="2026-03-08T10:07:40.300634+00:00" hostname="agent-env-e29b0808-ff2e-4cc8-9eb8-5c99a89c29cb"><testcase classname="tests.test_titan_v3.TestAuth" name="test_owner_login" time="0.449" /><testcase classname="tests.test_titan_v3.TestAuth" name="test_kasir_login" time="0.327" /><testcase classname="tests.test_titan_v3.TestAuth" name="test_supervisor_login" time="0.325" /><testcase classname="tests.test_titan_v3.TestRoles" name="test_get_roles_list" time="0.432" /><testcase classname="tests.test_titan_v3.TestRoles" name="test_roles_have_permissions" time="0.421" /><testcase classname="tests.test_titan_v3.TestRoles" name="test_get_permissions_template" time="0.424" /><testcase classname="tests.test_titan_v3.TestRoles" name="test_owner_role_full_access" time="0.422" /><testcase classname="tests.test_titan_v3.TestRoles" name="test_cashier_limited_permissions" time="0.427" /><testcase classname="tests.test_titan_v3.TestAIBusiness" name="test_insight_penjualan" time="0.424" /><testcase classname="tests.test_titan_v3.TestAIBusiness" name="test_rekomendasi_restock" time="0.435" /><testcase classname="tests.test_titan_v3.TestAIBusiness" name="test_produk_terlaris" time="0.429" /><testcase classname="tests.test_titan_v3.TestAIBusiness" name="test_produk_lambat" time="0.439" /><testcase classname="tests.test_titan_v3.TestAIBusiness" name="test_analisa_stok" time="0.440" /><testcase classname="tests.test_titan_v3.TestAIBusiness" name="test_performa_cabang_owner_access" time="0.437" /><testcase classname="tests.test_titan_v3.TestAIBusiness" name="test_performa_cabang_cashier_denied" time="0.423" /><testcase classname="tests.test_titan_v3.TestAIBusiness" name="test_rekomendasi_bisnis" time="0.428" /><testcase classname="tests.test_titan_v3.TestAIBusiness" name="test_dashboard_widget" time="0.438" /><testcase classname="tests.test_titan_v3.TestUsers" name="test_get_users_list" time="0.436" /><testcase classname="tests.test_titan_v3.TestUsers" name="test_filter_users_by_role" time="0.436" /><testcase classname="tests.test_titan_v3.TestBranchRestriction" name="test_kasir_sees_own_branch" time="0.432" /><testcase classname="tests.test_titan_v3.TestBranchRestriction" name="test_owner_sees_all_branches" time="0.427" /></testsuite></testsuites>