<?xml version="1.0" encoding="utf-8"?><testsuites name="pytest tests"><testsuite name="pytest" errors="0" failures="0" skipped="0" tests="10" time="2.551" timestamp="2026-03-20T16:00:09.486917+00:00" hostname="agent-env-e29b0808-ff2e-4cc8-9eb8-5c99a89c29cb"><testcase classname="backend.tests.test_form_simplification_iter102.TestFormSimplification" name="test_01_supplier_quick_mode_create_with_3_fields" time="0.641" /><testcase classname="backend.tests.test_form_simplification_iter102.TestFormSimplification" name="test_02_supplier_quick_mode_defaults" time="0.218" /><testcase classname="backend.tests.test_form_simplification_iter102.TestFormSimplification" name="test_03_supplier_full_mode_update" time="0.379" /><testcase classname="backend.tests.test_form_simplification_iter102.TestFormSimplification" name="test_04_customer_quick_mode_create_with_2_fields" time="0.129" /><testcase classname="backend.tests.test_form_simplification_iter102.TestFormSimplification" name="test_05_customer_quick_mode_defaults" time="0.221" /><testcase classname="backend.tests.test_form_simplification_iter102.TestFormSimplification" name="test_06_customer_full_mode_update" time="0.366" /><testcase classname="backend.tests.test_form_simplification_iter102.TestFormSimplification" name="test_07_quick_purchase_endpoint_exists" time="0.117" /><testcase classname="backend.tests.test_form_simplification_iter102.TestFormSimplification" name="test_08_suppliers_list_for_quick_purchase" time="0.145" /><testcase classname="backend.tests.test_form_simplification_iter102.TestFormSimplification" name="test_09_products_list_for_quick_purchase" time="0.115" /><testcase classname="backend.tests.test_form_simplification_iter102.TestFormSimplification" name="test_10_branches_list_for_quick_purchase" time="0.154" /></testsuite></testsuites>