<?xml version="1.0" encoding="utf-8"?><testsuites name="pytest tests"><testsuite name="pytest" errors="0" failures="0" skipped="1" tests="21" time="7.113" timestamp="2026-03-10T21:00:54.121224+00:00" hostname="agent-env-e29b0808-ff2e-4cc8-9eb8-5c99a89c29cb"><testcase classname="backend.tests.test_deposit_system.TestDepositSystemSetup" name="test_api_health" time="0.246" /><testcase classname="backend.tests.test_deposit_system.TestDepositSystemSetup" name="test_admin_login" time="0.384" /><testcase classname="backend.tests.test_deposit_system.TestDepositSystemSetup" name="test_deposit_init" time="0.131" /><testcase classname="backend.tests.test_deposit_system.TestDepositSeedAndFetch" name="test_seed_sales" time="0.534" /><testcase classname="backend.tests.test_deposit_system.TestDepositSeedAndFetch" name="test_get_my_sales_for_deposit" time="0.129" /><testcase classname="backend.tests.test_deposit_system.TestDepositSeedAndFetch" name="test_get_my_sales_no_data" time="0.159" /><testcase classname="backend.tests.test_deposit_system.TestDepositCRUD" name="test_create_deposit" time="0.594" /><testcase classname="backend.tests.test_deposit_system.TestDepositCRUD" name="test_get_deposit_detail" time="0.110" /><testcase classname="backend.tests.test_deposit_system.TestDepositCRUD" name="test_update_deposit_with_cash" time="0.238" /><testcase classname="backend.tests.test_deposit_system.TestDepositCRUD" name="test_update_deposit_with_shortage" time="0.821" /><testcase classname="backend.tests.test_deposit_system.TestDepositWorkflow" name="test_workflow_step1_receive" time="1.024" /><testcase classname="backend.tests.test_deposit_system.TestDepositWorkflow" name="test_workflow_step2_verify" time="0.122" /><testcase classname="backend.tests.test_deposit_system.TestDepositWorkflow" name="test_workflow_step3_approve" time="0.170" /><testcase classname="backend.tests.test_deposit_system.TestDepositWorkflow" name="test_workflow_step4_post_journal" time="0.117" /><testcase classname="backend.tests.test_deposit_system.TestDepositWorkflow" name="test_verify_posted_deposit" time="0.126" /><testcase classname="backend.tests.test_deposit_system.TestDepositList" name="test_list_all_deposits" time="0.494" /><testcase classname="backend.tests.test_deposit_system.TestDepositList" name="test_list_deposits_by_status" time="0.133" /><testcase classname="backend.tests.test_deposit_system.TestDepositList" name="test_list_deposits_with_difference" time="0.121" /><testcase classname="backend.tests.test_deposit_system.TestDepositDashboard" name="test_dashboard_summary" time="0.490" /><testcase classname="backend.tests.test_deposit_system.TestRoleBasedAccess" name="test_kasir_login" time="0.399"><skipped type="pytest.skip" message="Kasir test user not available">/app/backend/tests/test_deposit_system.py:537: Kasir test user not available</skipped></testcase><testcase classname="backend.tests.test_deposit_system.TestRoleBasedAccess" name="test_admin_full_access" time="0.488" /></testsuite></testsuites>