<?xml version="1.0" encoding="utf-8"?><testsuites name="pytest tests"><testsuite name="pytest" errors="0" failures="0" skipped="0" tests="40" time="10.188" timestamp="2026-03-14T18:45:16.429167+00:00" hostname="agent-env-e29b0808-ff2e-4cc8-9eb8-5c99a89c29cb"><testcase classname="tests.test_e2e_regression_iter66.TestHealthCheck" name="test_api_health" time="0.221" /><testcase classname="tests.test_e2e_regression_iter66.TestSalesFlow" name="test_get_sales_orders" time="0.485" /><testcase classname="tests.test_e2e_regression_iter66.TestSalesFlow" name="test_get_sales_invoices" time="0.134" /><testcase classname="tests.test_e2e_regression_iter66.TestSalesFlow" name="test_get_sales_returns" time="0.136" /><testcase classname="tests.test_e2e_regression_iter66.TestSalesFlow" name="test_get_price_history" time="0.164" /><testcase classname="tests.test_e2e_regression_iter66.TestPOSFlow" name="test_get_pos_transactions" time="0.146" /><testcase classname="tests.test_e2e_regression_iter66.TestPOSFlow" name="test_get_held_transactions" time="0.144" /><testcase classname="tests.test_e2e_regression_iter66.TestPOSFlow" name="test_get_daily_summary" time="0.135" /><testcase classname="tests.test_e2e_regression_iter66.TestPurchaseFlow" name="test_get_purchase_orders" time="0.146" /><testcase classname="tests.test_e2e_regression_iter66.TestPurchaseFlow" name="test_get_purchase_payments" time="0.138" /><testcase classname="tests.test_e2e_regression_iter66.TestPurchaseFlow" name="test_get_purchase_returns" time="0.135" /><testcase classname="tests.test_e2e_regression_iter66.TestPurchaseFlow" name="test_get_purchase_price_history" time="0.144" /><testcase classname="tests.test_e2e_regression_iter66.TestInventoryFlow" name="test_get_stock_list" time="0.166" /><testcase classname="tests.test_e2e_regression_iter66.TestInventoryFlow" name="test_get_low_stock_alerts" time="0.146" /><testcase classname="tests.test_e2e_regression_iter66.TestInventoryFlow" name="test_get_stock_movements" time="0.199" /><testcase classname="tests.test_e2e_regression_iter66.TestInventoryFlow" name="test_get_stock_transfers" time="0.129" /><testcase classname="tests.test_e2e_regression_iter66.TestInventoryFlow" name="test_get_stock_opnames" time="0.130" /><testcase classname="tests.test_e2e_regression_iter66.TestARFlow" name="test_get_ar_list" time="0.160" /><testcase classname="tests.test_e2e_regression_iter66.TestARFlow" name="test_get_ar_aging" time="0.141" /><testcase classname="tests.test_e2e_regression_iter66.TestARFlow" name="test_get_ar_dashboard_summary" time="0.143" /><testcase classname="tests.test_e2e_regression_iter66.TestAPFlow" name="test_get_ap_list" time="0.182" /><testcase classname="tests.test_e2e_regression_iter66.TestAPFlow" name="test_get_ap_aging" time="0.131" /><testcase classname="tests.test_e2e_regression_iter66.TestAPFlow" name="test_get_ap_due_soon" time="0.128" /><testcase classname="tests.test_e2e_regression_iter66.TestAPFlow" name="test_get_ap_dashboard_summary" time="0.138" /><testcase classname="tests.test_e2e_regression_iter66.TestAccountingFlow" name="test_get_chart_of_accounts" time="0.127" /><testcase classname="tests.test_e2e_regression_iter66.TestAccountingFlow" name="test_get_journals" time="0.142" /><testcase classname="tests.test_e2e_regression_iter66.TestAccountingFlow" name="test_get_cash_transactions" time="0.134" /><testcase classname="tests.test_e2e_regression_iter66.TestFinancialReports" name="test_trial_balance" time="0.822" /><testcase classname="tests.test_e2e_regression_iter66.TestFinancialReports" name="test_balance_sheet" time="0.929" /><testcase classname="tests.test_e2e_regression_iter66.TestFinancialReports" name="test_income_statement" time="0.813" /><testcase classname="tests.test_e2e_regression_iter66.TestFinancialReports" name="test_general_ledger" time="0.838" /><testcase classname="tests.test_e2e_regression_iter66.TestFinancialReports" name="test_cash_flow" time="1.178" /><testcase classname="tests.test_e2e_regression_iter66.TestDataIntegrity" name="test_integrity_check_missing_journals" time="0.158" /><testcase classname="tests.test_e2e_regression_iter66.TestDataIntegrity" name="test_integrity_full_test" time="0.176" /><testcase classname="tests.test_e2e_regression_iter66.TestDataIntegrity" name="test_balance_sheet_validation" time="0.157" /><testcase classname="tests.test_e2e_regression_iter66.TestCashBankAccounts" name="test_get_cash_bank_accounts" time="0.129" /><testcase classname="tests.test_e2e_regression_iter66.TestMasterData" name="test_get_products" time="0.137" /><testcase classname="tests.test_e2e_regression_iter66.TestMasterData" name="test_get_customers" time="0.130" /><testcase classname="tests.test_e2e_regression_iter66.TestMasterData" name="test_get_suppliers" time="0.126" /><testcase classname="tests.test_e2e_regression_iter66.TestMasterData" name="test_get_branches" time="0.163" /></testsuite></testsuites>