<?xml version="1.0" encoding="utf-8"?><testsuites name="pytest tests"><testsuite name="pytest" errors="0" failures="0" skipped="1" tests="10" time="4.805" timestamp="2026-03-20T16:52:50.145527+00:00" hostname="agent-env-e29b0808-ff2e-4cc8-9eb8-5c99a89c29cb"><testcase classname="backend.tests.test_inventory_integrity_iter104.TestInventoryIntegrity" name="test_01_login_success" time="0.499" /><testcase classname="backend.tests.test_inventory_integrity_iter104.TestInventoryIntegrity" name="test_02_master_items_endpoint_accessible" time="0.346" /><testcase classname="backend.tests.test_inventory_integrity_iter104.TestInventoryIntegrity" name="test_03_stock_card_modal_endpoint_accessible" time="0.161" /><testcase classname="backend.tests.test_inventory_integrity_iter104.TestInventoryIntegrity" name="test_04_item_001001_stock_in_daftar_item" time="0.140" /><testcase classname="backend.tests.test_inventory_integrity_iter104.TestInventoryIntegrity" name="test_05_item_001001_balance_in_kartu_stok" time="0.144" /><testcase classname="backend.tests.test_inventory_integrity_iter104.TestInventoryIntegrity" name="test_06_item_001001_stock_equals_balance_CRITICAL" time="0.311" /><testcase classname="backend.tests.test_inventory_integrity_iter104.TestInventoryIntegrity" name="test_07_reconcile_10_items" time="2.681" /><testcase classname="backend.tests.test_inventory_integrity_iter104.TestInventoryIntegrity" name="test_08_branch_filter_consistency" time="0.124"><skipped type="pytest.skip" message="Could not get branches list">/app/backend/tests/test_inventory_integrity_iter104.py:270: Could not get branches list</skipped></testcase><testcase classname="backend.tests.test_inventory_integrity_iter104.TestInventoryIntegrity" name="test_09_stock_card_running_balance_correct" time="0.159" /><testcase classname="backend.tests.test_inventory_integrity_iter104.TestInventoryIntegrity" name="test_10_no_branch_filter_aggregates_all_branches" time="0.171" /></testsuite></testsuites>