<?xml version="1.0" encoding="utf-8"?><testsuites name="pytest tests"><testsuite name="pytest" errors="0" failures="0" skipped="0" tests="8" time="2.613" timestamp="2026-03-20T10:59:18.303901+00:00" hostname="agent-env-e29b0808-ff2e-4cc8-9eb8-5c99a89c29cb"><testcase classname="backend.tests.test_pos_selling_price_iter92.TestProductSellingPriceField" name="test_products_list_has_selling_price" time="1.410" /><testcase classname="backend.tests.test_pos_selling_price_iter92.TestProductSellingPriceField" name="test_prd002_has_correct_selling_price" time="0.122" /><testcase classname="backend.tests.test_pos_selling_price_iter92.TestProductSellingPriceField" name="test_product_search_returns_selling_price" time="0.146" /><testcase classname="backend.tests.test_pos_selling_price_iter92.TestProductSellingPriceField" name="test_product_by_id_has_selling_price" time="0.153" /><testcase classname="backend.tests.test_pos_selling_price_iter92.TestSalesInvoiceWithCorrectPrice" name="test_get_recent_invoice_with_correct_total" time="0.121" /><testcase classname="backend.tests.test_pos_selling_price_iter92.TestSalesInvoiceWithCorrectPrice" name="test_create_invoice_with_correct_price" time="0.295" /><testcase classname="backend.tests.test_pos_selling_price_iter92.TestProductPriceVariations" name="test_multiple_products_have_selling_price" time="0.134" /><testcase classname="backend.tests.test_pos_selling_price_iter92.TestProductPriceVariations" name="test_sell_price_vs_selling_price_field" time="0.117" /></testsuite></testsuites>