<?xml version="1.0" encoding="utf-8"?><testsuites name="pytest tests"><testsuite name="pytest" errors="0" failures="0" skipped="0" tests="18" time="7.467" timestamp="2026-03-12T08:42:14.485657+00:00" hostname="agent-env-e29b0808-ff2e-4cc8-9eb8-5c99a89c29cb"><testcase classname="tests.test_kpi_phase5.TestKPIDashboard" name="test_kpi_dashboard_returns_8_cards" time="0.666" /><testcase classname="tests.test_kpi_phase5.TestKPIDashboard" name="test_kpi_dashboard_periods" time="0.938" /><testcase classname="tests.test_kpi_phase5.TestKPIBranchPerformance" name="test_branch_overview_returns_summary" time="0.500" /><testcase classname="tests.test_kpi_phase5.TestKPIBranchPerformance" name="test_branch_overview_returns_branch_kpis" time="0.547" /><testcase classname="tests.test_kpi_phase5.TestKPISalesPerformance" name="test_sales_overview_returns_ranking" time="0.442" /><testcase classname="tests.test_kpi_phase5.TestKPISalesPerformance" name="test_sales_ranking_has_correct_fields" time="0.441" /><testcase classname="tests.test_kpi_phase5.TestKPIInventoryPerformance" name="test_inventory_overview_returns_summary" time="0.445" /><testcase classname="tests.test_kpi_phase5.TestKPIInventoryPerformance" name="test_inventory_overview_returns_alerts" time="0.456" /><testcase classname="tests.test_kpi_phase5.TestKPIInventoryPerformance" name="test_inventory_overview_returns_warehouse_stock" time="0.449" /><testcase classname="tests.test_kpi_phase5.TestKPIFinancePerformance" name="test_finance_overview_returns_ar_aging" time="0.495" /><testcase classname="tests.test_kpi_phase5.TestKPIFinancePerformance" name="test_finance_overview_returns_ap_aging" time="0.503" /><testcase classname="tests.test_kpi_phase5.TestKPIFinancePerformance" name="test_finance_overview_returns_profit_summary" time="0.470" /><testcase classname="tests.test_kpi_phase5.TestKPIFinancePerformance" name="test_finance_overview_returns_branch_profitability" time="0.462" /><testcase classname="tests.test_kpi_phase5.TestKPIAuthentication" name="test_dashboard_requires_auth" time="0.103" /><testcase classname="tests.test_kpi_phase5.TestKPIAuthentication" name="test_branch_requires_auth" time="0.103" /><testcase classname="tests.test_kpi_phase5.TestKPIAuthentication" name="test_sales_requires_auth" time="0.109" /><testcase classname="tests.test_kpi_phase5.TestKPIAuthentication" name="test_inventory_requires_auth" time="0.112" /><testcase classname="tests.test_kpi_phase5.TestKPIAuthentication" name="test_finance_requires_auth" time="0.113" /></testsuite></testsuites>