<?xml version="1.0" encoding="utf-8"?><testsuites name="pytest tests"><testsuite name="pytest" errors="0" failures="0" skipped="1" tests="6" time="2.687" timestamp="2026-03-20T14:23:19.959892+00:00" hostname="agent-env-e29b0808-ff2e-4cc8-9eb8-5c99a89c29cb"><testcase classname="backend.tests.test_menu_cleanup_iter95.TestARPaymentsEndpoints" name="test_ar_payments_list_via_sales" time="0.456" /><testcase classname="backend.tests.test_menu_cleanup_iter95.TestARPaymentsEndpoints" name="test_ar_payments_list_via_ar" time="0.466" /><testcase classname="backend.tests.test_menu_cleanup_iter95.TestARPaymentsEndpoints" name="test_delete_ar_payment_posted_via_allocation_engine" time="0.402"><skipped type="pytest.skip" message="No posted AR payment found to test delete">/app/backend/tests/test_menu_cleanup_iter95.py:77: No posted AR payment found to test delete</skipped></testcase><testcase classname="backend.tests.test_menu_cleanup_iter95.TestARPaymentsEndpoints" name="test_delete_ar_payment_via_correct_endpoint" time="0.503" /><testcase classname="backend.tests.test_menu_cleanup_iter95.TestEndpointRouting" name="test_payment_allocation_ar_delete_exists" time="0.404" /><testcase classname="backend.tests.test_menu_cleanup_iter95.TestEndpointRouting" name="test_payment_allocation_ap_delete_exists" time="0.390" /></testsuite></testsuites>