<?xml version="1.0" encoding="utf-8"?><testsuites name="pytest tests"><testsuite name="pytest" errors="0" failures="0" skipped="0" tests="32" time="14.532" timestamp="2026-03-11T20:13:43.821956+00:00" hostname="agent-env-e29b0808-ff2e-4cc8-9eb8-5c99a89c29cb"><testcase classname="backend.tests.test_account_settings_iteration36.TestAccountSettingsModule" name="test_get_all_account_settings" time="0.609" /><testcase classname="backend.tests.test_account_settings_iteration36.TestAccountSettingsModule" name="test_get_account_settings_by_tab_data_item" time="0.459" /><testcase classname="backend.tests.test_account_settings_iteration36.TestAccountSettingsModule" name="test_get_account_settings_by_tab_pembelian" time="0.446" /><testcase classname="backend.tests.test_account_settings_iteration36.TestAccountSettingsModule" name="test_get_account_settings_by_tab_penjualan_1" time="0.483" /><testcase classname="backend.tests.test_account_settings_iteration36.TestAccountSettingsModule" name="test_get_account_settings_by_tab_penjualan_2" time="0.428" /><testcase classname="backend.tests.test_account_settings_iteration36.TestAccountSettingsModule" name="test_get_account_settings_by_tab_konsinyasi" time="0.459" /><testcase classname="backend.tests.test_account_settings_iteration36.TestAccountSettingsModule" name="test_get_account_settings_by_tab_hutang_piutang" time="0.392" /><testcase classname="backend.tests.test_account_settings_iteration36.TestAccountSettingsModule" name="test_get_account_settings_by_tab_lain_lain" time="0.474" /><testcase classname="backend.tests.test_account_settings_iteration36.TestAccountSettingsModule" name="test_create_account_setting" time="0.408" /><testcase classname="backend.tests.test_account_settings_iteration36.TestAccountSettingsModule" name="test_initialize_default_settings" time="0.508" /><testcase classname="backend.tests.test_account_settings_iteration36.TestAccountSettingsModule" name="test_get_chart_of_accounts" time="0.434" /><testcase classname="backend.tests.test_account_settings_iteration36.TestAccountSettingsModule" name="test_derive_account_global_fallback" time="0.421" /><testcase classname="backend.tests.test_account_settings_iteration36.TestAccountSettingsModule" name="test_derive_account_not_found" time="0.423" /><testcase classname="backend.tests.test_account_settings_iteration36.TestAccountSettingsModule" name="test_derive_account_with_branch" time="0.407" /><testcase classname="backend.tests.test_account_settings_iteration36.TestAccountSettingsModule" name="test_derive_account_with_warehouse" time="0.521" /><testcase classname="backend.tests.test_account_settings_iteration36.TestAccountSettingsModule" name="test_derive_account_with_payment_method" time="0.458" /><testcase classname="backend.tests.test_account_settings_iteration36.TestAccountSettingsModule" name="test_get_branch_account_mapping" time="0.404" /><testcase classname="backend.tests.test_account_settings_iteration36.TestAccountSettingsModule" name="test_create_branch_account_mapping" time="0.439" /><testcase classname="backend.tests.test_account_settings_iteration36.TestAccountSettingsModule" name="test_get_warehouse_account_mapping" time="0.402" /><testcase classname="backend.tests.test_account_settings_iteration36.TestAccountSettingsModule" name="test_create_warehouse_account_mapping" time="0.416" /><testcase classname="backend.tests.test_account_settings_iteration36.TestAccountSettingsModule" name="test_get_category_account_mapping" time="0.428" /><testcase classname="backend.tests.test_account_settings_iteration36.TestAccountSettingsModule" name="test_create_category_account_mapping" time="0.420" /><testcase classname="backend.tests.test_account_settings_iteration36.TestAccountSettingsModule" name="test_get_payment_account_mapping" time="0.426" /><testcase classname="backend.tests.test_account_settings_iteration36.TestAccountSettingsModule" name="test_create_payment_account_mapping" time="0.439" /><testcase classname="backend.tests.test_account_settings_iteration36.TestAccountSettingsModule" name="test_get_tax_account_mapping" time="0.420" /><testcase classname="backend.tests.test_account_settings_iteration36.TestAccountSettingsModule" name="test_create_tax_account_mapping" time="0.409" /><testcase classname="backend.tests.test_account_settings_iteration36.TestAccountSettingsModule" name="test_get_fiscal_periods" time="0.386" /><testcase classname="backend.tests.test_account_settings_iteration36.TestAccountSettingsModule" name="test_create_fiscal_period" time="0.401" /><testcase classname="backend.tests.test_account_settings_iteration36.TestSalesModuleAccountDerivation" name="test_sales_invoice_with_account_derivation" time="0.694" /><testcase classname="backend.tests.test_account_settings_iteration36.TestSalesModuleAccountDerivation" name="test_sales_orders_list" time="0.518" /><testcase classname="backend.tests.test_account_settings_iteration36.TestSalesModuleAccountDerivation" name="test_sales_invoices_list" time="0.446" /><testcase classname="backend.tests.test_account_settings_iteration36.TestSalesModuleAccountDerivation" name="test_journal_entries_check" time="0.410" /></testsuite></testsuites>