<?xml version="1.0" encoding="utf-8"?><testsuites name="pytest tests"><testsuite name="pytest" errors="0" failures="0" skipped="0" tests="26" time="6.578" timestamp="2026-03-15T20:17:25.238997+00:00" hostname="agent-env-e29b0808-ff2e-4cc8-9eb8-5c99a89c29cb"><testcase classname="backend.tests.test_enterprise_stabilization.TestAuthAndSetup" name="test_health_check" time="0.722" /><testcase classname="backend.tests.test_enterprise_stabilization.TestAuthAndSetup" name="test_login_success" time="0.000" /><testcase classname="backend.tests.test_enterprise_stabilization.TestTask1DataSheetBinding" name="test_get_customers_endpoint" time="0.475" /><testcase classname="backend.tests.test_enterprise_stabilization.TestTask1DataSheetBinding" name="test_customers_response_structure" time="0.117" /><testcase classname="backend.tests.test_enterprise_stabilization.TestTask1DataSheetBinding" name="test_get_suppliers_endpoint" time="0.137" /><testcase classname="backend.tests.test_enterprise_stabilization.TestTask1DataSheetBinding" name="test_suppliers_response_structure" time="0.148" /><testcase classname="backend.tests.test_enterprise_stabilization.TestTask1DataSheetBinding" name="test_get_employees_endpoint" time="0.158" /><testcase classname="backend.tests.test_enterprise_stabilization.TestTask1DataSheetBinding" name="test_employees_response_structure" time="0.202" /><testcase classname="backend.tests.test_enterprise_stabilization.TestTask2QuickCreate" name="test_create_category" time="0.466" /><testcase classname="backend.tests.test_enterprise_stabilization.TestTask2QuickCreate" name="test_get_categories_list" time="0.106" /><testcase classname="backend.tests.test_enterprise_stabilization.TestTask2QuickCreate" name="test_create_unit" time="0.122" /><testcase classname="backend.tests.test_enterprise_stabilization.TestTask2QuickCreate" name="test_get_units_list" time="0.118" /><testcase classname="backend.tests.test_enterprise_stabilization.TestTask2QuickCreate" name="test_create_brand" time="0.120" /><testcase classname="backend.tests.test_enterprise_stabilization.TestTask2QuickCreate" name="test_get_brands_list" time="0.111" /><testcase classname="backend.tests.test_enterprise_stabilization.TestTask3AssemblyEnterpriseAPI" name="test_get_assembly_formulas_v2" time="0.462" /><testcase classname="backend.tests.test_enterprise_stabilization.TestTask3AssemblyEnterpriseAPI" name="test_get_assembly_formulas_v2_structure" time="0.114" /><testcase classname="backend.tests.test_enterprise_stabilization.TestTask3AssemblyEnterpriseAPI" name="test_get_assembly_formulas_with_status_filter" time="0.401" /><testcase classname="backend.tests.test_enterprise_stabilization.TestTask3AssemblyEnterpriseAPI" name="test_get_assembly_history_v2" time="0.124" /><testcase classname="backend.tests.test_enterprise_stabilization.TestTask3AssemblyEnterpriseAPI" name="test_get_assembly_history_v2_with_status_filter" time="0.569" /><testcase classname="backend.tests.test_enterprise_stabilization.TestTask3AssemblyEnterpriseAPI" name="test_get_assembly_history_v2_structure" time="0.114" /><testcase classname="backend.tests.test_enterprise_stabilization.TestTask4ReversalFlow" name="test_reversal_endpoint_exists" time="0.516" /><testcase classname="backend.tests.test_enterprise_stabilization.TestTask4ReversalFlow" name="test_find_posted_transactions_for_reversal" time="0.113" /><testcase classname="backend.tests.test_enterprise_stabilization.TestTask4ReversalFlow" name="test_draft_workflow_rules" time="0.230" /><testcase classname="backend.tests.test_enterprise_stabilization.TestTask4ReversalFlow" name="test_post_endpoint_exists" time="0.139" /><testcase classname="backend.tests.test_enterprise_stabilization.TestLegacyAPICompatibility" name="test_legacy_assembly_formulas" time="0.488" /><testcase classname="backend.tests.test_enterprise_stabilization.TestLegacyAPICompatibility" name="test_legacy_assembly_transactions" time="0.107" /></testsuite></testsuites>