<?xml version="1.0" encoding="utf-8"?><testsuites name="pytest tests"><testsuite name="pytest" errors="0" failures="1" skipped="0" tests="9" time="6.580" timestamp="2026-03-20T14:10:32.936837+00:00" hostname="agent-env-e29b0808-ff2e-4cc8-9eb8-5c99a89c29cb"><testcase classname="tests.test_pos_payment_iter94.TestPOSPaymentFlow" name="test_get_customers_list" time="0.751" /><testcase classname="tests.test_pos_payment_iter94.TestPOSPaymentFlow" name="test_get_products_list" time="0.667" /><testcase classname="tests.test_pos_payment_iter94.TestPOSPaymentFlow" name="test_get_warehouses_list" time="0.667" /><testcase classname="tests.test_pos_payment_iter94.TestPOSPaymentFlow" name="test_single_item_transaction_success" time="0.777" /><testcase classname="tests.test_pos_payment_iter94.TestPOSPaymentFlow" name="test_multi_item_transaction_success" time="0.723"><failure message="AssertionError: Expected 200, got 400: {&quot;detail&quot;:&quot;Stok Kabel Data Type-C tidak cukup (0 tersedia)&quot;}&#10;assert 400 == 200&#10; +  where 400 = &lt;Response [400]&gt;.status_code">tests/test_pos_payment_iter94.py:213: in test_multi_item_transaction_success
    assert response.status_code == 200, f"Expected 200, got {response.status_code}: {response.text}"
E   AssertionError: Expected 200, got 400: {"detail":"Stok Kabel Data Type-C tidak cukup (0 tersedia)"}
E   assert 400 == 200
E    +  where 400 = &lt;Response [400]&gt;.status_code</failure></testcase><testcase classname="tests.test_pos_payment_iter94.TestPOSPaymentFlow" name="test_overpay_transaction_kembalian" time="0.685" /><testcase classname="tests.test_pos_payment_iter94.TestPOSPaymentFlow" name="test_invalid_customer_returns_error" time="0.746" /><testcase classname="tests.test_pos_payment_iter94.TestPOSPaymentFlow" name="test_missing_warehouse_returns_error" time="0.755" /><testcase classname="tests.test_pos_payment_iter94.TestPOSPaymentFlow" name="test_verify_invoice_created_in_database" time="0.737" /></testsuite></testsuites>