<?xml version="1.0" encoding="utf-8"?><testsuites name="pytest tests"><testsuite name="pytest" errors="0" failures="0" skipped="0" tests="40" time="8.506" timestamp="2026-03-10T14:36:01.835850+00:00" hostname="agent-env-e29b0808-ff2e-4cc8-9eb8-5c99a89c29cb"><testcase classname="backend.tests.test_audit_ronde3_dataflow.TestAuditRonde3DataFlow" name="test_01_get_employees_for_payroll_flow" time="0.634" /><testcase classname="backend.tests.test_audit_ronde3_dataflow.TestAuditRonde3DataFlow" name="test_02_get_attendance_summary" time="0.121" /><testcase classname="backend.tests.test_audit_ronde3_dataflow.TestAuditRonde3DataFlow" name="test_03_calculate_employee_payroll" time="0.238" /><testcase classname="backend.tests.test_audit_ronde3_dataflow.TestAuditRonde3DataFlow" name="test_04_calculate_all_payroll" time="0.187" /><testcase classname="backend.tests.test_audit_ronde3_dataflow.TestAuditRonde3DataFlow" name="test_05_get_transactions" time="0.145" /><testcase classname="backend.tests.test_audit_ronde3_dataflow.TestAuditRonde3DataFlow" name="test_06_get_ai_employee_ranking" time="0.280" /><testcase classname="backend.tests.test_audit_ronde3_dataflow.TestAuditRonde3DataFlow" name="test_07_get_kpi_targets" time="0.109" /><testcase classname="backend.tests.test_audit_ronde3_dataflow.TestAuditRonde3DataFlow" name="test_08_get_setoran_harian" time="0.133" /><testcase classname="backend.tests.test_audit_ronde3_dataflow.TestAuditRonde3DataFlow" name="test_09_get_selisih_kas" time="0.116" /><testcase classname="backend.tests.test_audit_ronde3_dataflow.TestAuditRonde3DataFlow" name="test_10_get_system_alerts" time="0.130" /><testcase classname="backend.tests.test_audit_ronde3_dataflow.TestAuditRonde3DataFlow" name="test_11_crud_categories" time="0.560" /><testcase classname="backend.tests.test_audit_ronde3_dataflow.TestAuditRonde3DataFlow" name="test_12_crud_units" time="0.264" /><testcase classname="backend.tests.test_audit_ronde3_dataflow.TestAuditRonde3DataFlow" name="test_13_crud_brands" time="0.233" /><testcase classname="backend.tests.test_audit_ronde3_dataflow.TestAuditRonde3DataFlow" name="test_14_crud_warehouses" time="0.236" /><testcase classname="backend.tests.test_audit_ronde3_dataflow.TestAuditRonde3DataFlow" name="test_15_crud_suppliers" time="0.108" /><testcase classname="backend.tests.test_audit_ronde3_dataflow.TestAuditRonde3DataFlow" name="test_16_crud_customers" time="0.109" /><testcase classname="backend.tests.test_audit_ronde3_dataflow.TestAuditRonde3DataFlow" name="test_17_export_products_xlsx" time="0.120" /><testcase classname="backend.tests.test_audit_ronde3_dataflow.TestAuditRonde3DataFlow" name="test_18_export_products_pdf" time="0.129" /><testcase classname="backend.tests.test_audit_ronde3_dataflow.TestAuditRonde3DataFlow" name="test_19_export_products_csv" time="0.127" /><testcase classname="backend.tests.test_audit_ronde3_dataflow.TestAuditRonde3DataFlow" name="test_20_export_employee_ranking" time="0.115" /><testcase classname="backend.tests.test_audit_ronde3_dataflow.TestAuditRonde3DataFlow" name="test_21_import_templates_available" time="0.132" /><testcase classname="backend.tests.test_audit_ronde3_dataflow.TestAuditRonde3DataFlow" name="test_22_import_history" time="0.126" /><testcase classname="backend.tests.test_audit_ronde3_dataflow.TestAuditRonde3DataFlow" name="test_23_ai_command_center_dashboard" time="0.123" /><testcase classname="backend.tests.test_audit_ronde3_dataflow.TestAuditRonde3DataFlow" name="test_24_ai_cfo_dashboard" time="0.119" /><testcase classname="backend.tests.test_audit_ronde3_dataflow.TestAuditRonde3DataFlow" name="test_25_ai_warroom_dashboard" time="0.139" /><testcase classname="backend.tests.test_audit_ronde3_dataflow.TestAuditRonde3DataFlow" name="test_26_hr_employees_list" time="0.123" /><testcase classname="backend.tests.test_audit_ronde3_dataflow.TestAuditRonde3DataFlow" name="test_27_hr_attendance_advanced" time="0.116" /><testcase classname="backend.tests.test_audit_ronde3_dataflow.TestAuditRonde3DataFlow" name="test_28_hr_payroll_results" time="0.136" /><testcase classname="backend.tests.test_audit_ronde3_dataflow.TestAuditRonde3DataFlow" name="test_29_ai_employee_performance" time="0.300" /><testcase classname="backend.tests.test_audit_ronde3_dataflow.TestAuditRonde3DataFlow" name="test_30_db_count_categories" time="0.121" /><testcase classname="backend.tests.test_audit_ronde3_dataflow.TestAuditRonde3DataFlow" name="test_31_db_count_units" time="0.122" /><testcase classname="backend.tests.test_audit_ronde3_dataflow.TestAuditRonde3DataFlow" name="test_32_db_count_brands" time="0.125" /><testcase classname="backend.tests.test_audit_ronde3_dataflow.TestAuditRonde3DataFlow" name="test_33_db_count_warehouses" time="0.108" /><testcase classname="backend.tests.test_audit_ronde3_dataflow.TestAuditRonde3DataFlow" name="test_34_db_count_products" time="0.131" /><testcase classname="backend.tests.test_audit_ronde3_dataflow.TestAuditRonde3DataFlow" name="test_35_db_count_employees" time="0.123" /><testcase classname="backend.tests.test_audit_ronde3_dataflow.TestAuditRonde3DataFlow" name="test_36_db_count_transactions" time="0.121" /><testcase classname="backend.tests.test_audit_ronde3_dataflow.TestAuditRonde3DataFlow" name="test_37_verify_payroll_attendance_link" time="0.373" /><testcase classname="backend.tests.test_audit_ronde3_dataflow.TestAuditRonde3DataFlow" name="test_38_verify_export_matches_db" time="0.255" /><testcase classname="backend.tests.test_audit_ronde3_dataflow.TestAuditRonde3DataFlow" name="test_39_verify_kpi_employee_link" time="0.122" /><testcase classname="backend.tests.test_audit_ronde3_dataflow.TestAuditRonde3DataFlow" name="test_40_comprehensive_health_check" time="1.394" /></testsuite></testsuites>