<?xml version="1.0" encoding="utf-8"?><testsuites name="pytest tests"><testsuite name="pytest" errors="0" failures="0" skipped="0" tests="12" time="3.960" timestamp="2026-03-15T23:07:16.033905+00:00" hostname="agent-env-e29b0808-ff2e-4cc8-9eb8-5c99a89c29cb"><testcase classname="tests.test_assembly_voucher_module.TestAuthSetup" name="test_login_success" time="0.409" /><testcase classname="tests.test_assembly_voucher_module.TestAssemblyFormulaList" name="test_list_formulas_returns_array" time="0.458" /><testcase classname="tests.test_assembly_voucher_module.TestAssemblyFormulaList" name="test_list_formulas_has_pagination" time="0.135" /><testcase classname="tests.test_assembly_voucher_module.TestAssemblyFormulaList" name="test_formula_has_required_fields" time="0.119" /><testcase classname="tests.test_assembly_voucher_module.TestAssemblyFormulaCRUD" name="test_create_formula_success" time="0.596" /><testcase classname="tests.test_assembly_voucher_module.TestAssemblyFormulaCRUD" name="test_create_formula_requires_components" time="0.115" /><testcase classname="tests.test_assembly_voucher_module.TestAssemblyFormulaCRUD" name="test_edit_formula_success" time="0.221" /><testcase classname="tests.test_assembly_voucher_module.TestAssemblyHardDelete" name="test_hard_delete_unused_voucher_success" time="0.820" /><testcase classname="tests.test_assembly_voucher_module.TestAssemblyHardDelete" name="test_hard_delete_used_voucher_fails" time="0.357" /><testcase classname="tests.test_assembly_voucher_module.TestAssemblyTransactionHistory" name="test_get_history_returns_transactions" time="0.453" /><testcase classname="tests.test_assembly_voucher_module.TestAssemblyEndpointSecurity" name="test_list_formulas_requires_auth" time="0.113" /><testcase classname="tests.test_assembly_voucher_module.TestAssemblyEndpointSecurity" name="test_hard_delete_requires_auth" time="0.110" /></testsuite></testsuites>