<?xml version="1.0" encoding="utf-8"?><testsuites name="pytest tests"><testsuite name="pytest" errors="0" failures="0" skipped="0" tests="15" time="9.059" timestamp="2026-03-10T20:12:38.093063+00:00" hostname="agent-env-e29b0808-ff2e-4cc8-9eb8-5c99a89c29cb"><testcase classname="backend.tests.test_multimode_pricing_system.TestPricingSystemInit" name="test_init_pricing_system" time="0.694" /><testcase classname="backend.tests.test_multimode_pricing_system.TestPricingModes" name="test_get_pricing_modes" time="0.620" /><testcase classname="backend.tests.test_multimode_pricing_system.TestCustomerLevels" name="test_get_customer_levels" time="0.518" /><testcase classname="backend.tests.test_multimode_pricing_system.TestQuantityPricing" name="test_get_product_pricing_config" time="0.532" /><testcase classname="backend.tests.test_multimode_pricing_system.TestQuantityPricing" name="test_calculate_qty_1" time="0.589" /><testcase classname="backend.tests.test_multimode_pricing_system.TestQuantityPricing" name="test_calculate_qty_6" time="0.519" /><testcase classname="backend.tests.test_multimode_pricing_system.TestQuantityPricing" name="test_calculate_qty_15" time="0.587" /><testcase classname="backend.tests.test_multimode_pricing_system.TestLevelPricing" name="test_get_level_product_pricing" time="0.520" /><testcase classname="backend.tests.test_multimode_pricing_system.TestLevelPricing" name="test_calculate_level_retail" time="0.546" /><testcase classname="backend.tests.test_multimode_pricing_system.TestLevelPricing" name="test_calculate_level_grosir" time="0.721" /><testcase classname="backend.tests.test_multimode_pricing_system.TestLevelPricing" name="test_calculate_level_member" time="0.614" /><testcase classname="backend.tests.test_multimode_pricing_system.TestPOSSecurityKasir" name="test_kasir_cannot_select_different_price" time="0.570" /><testcase classname="backend.tests.test_multimode_pricing_system.TestPOSSecurityPemilik" name="test_pemilik_can_select_price" time="0.704" /><testcase classname="backend.tests.test_multimode_pricing_system.TestProductPricingUpdate" name="test_update_pricing_config" time="0.625" /><testcase classname="backend.tests.test_multimode_pricing_system.TestBatchPriceCalculation" name="test_calculate_batch_prices" time="0.615" /></testsuite></testsuites>