<?xml version="1.0" encoding="utf-8"?><testsuites name="pytest tests"><testsuite name="pytest" errors="0" failures="0" skipped="0" tests="11" time="6.882" timestamp="2026-03-13T13:24:37.979864+00:00" hostname="agent-env-e29b0808-ff2e-4cc8-9eb8-5c99a89c29cb"><testcase classname="backend.tests.test_inventory_batch5_iter57.TestInventoryOwnerAccess" name="test_01_get_stock_movements" time="0.590" /><testcase classname="backend.tests.test_inventory_batch5_iter57.TestInventoryOwnerAccess" name="test_02_get_stock_cards" time="0.475" /><testcase classname="backend.tests.test_inventory_batch5_iter57.TestInventoryOwnerAccess" name="test_03_get_stock_transfers" time="0.452" /><testcase classname="backend.tests.test_inventory_batch5_iter57.TestInventoryOwnerAccess" name="test_04_get_stock_opnames" time="0.459" /><testcase classname="backend.tests.test_inventory_batch5_iter57.TestInventoryOwnerAccess" name="test_05_stock_in_creates_movement" time="0.897" /><testcase classname="backend.tests.test_inventory_batch5_iter57.TestInventoryOwnerAccess" name="test_06_stock_out_creates_movement" time="0.584" /><testcase classname="backend.tests.test_inventory_batch5_iter57.TestInventoryOwnerAccess" name="test_07_delete_movement_reverses_stock" time="0.969" /><testcase classname="backend.tests.test_inventory_batch5_iter57.TestInventoryKasirAccess" name="test_01_kasir_cannot_delete_movement" time="0.482" /><testcase classname="backend.tests.test_inventory_batch5_iter57.TestInventoryKasirAccess" name="test_02_kasir_cannot_stock_opname" time="0.607" /><testcase classname="backend.tests.test_inventory_batch5_iter57.TestStockIntegrity" name="test_01_calculated_stock_endpoint" time="0.560" /><testcase classname="backend.tests.test_inventory_batch5_iter57.TestStockIntegrity" name="test_02_sync_stock_from_movements" time="0.728" /></testsuite></testsuites>