<?xml version="1.0" encoding="utf-8"?><testsuites name="pytest tests"><testsuite name="pytest" errors="0" failures="1" skipped="0" tests="39" time="6.481" timestamp="2026-03-10T11:47:57.115677+00:00" hostname="agent-env-e29b0808-ff2e-4cc8-9eb8-5c99a89c29cb"><testcase classname="backend.tests.test_iteration16_hr_payroll.TestHealthAndAuth" name="test_health_check" time="0.225" /><testcase classname="backend.tests.test_iteration16_hr_payroll.TestHealthAndAuth" name="test_login_success" time="0.353" /><testcase classname="backend.tests.test_iteration16_hr_payroll.TestMasterJabatan" name="test_list_jabatan" time="0.116" /><testcase classname="backend.tests.test_iteration16_hr_payroll.TestMasterJabatan" name="test_create_jabatan" time="0.110" /><testcase classname="backend.tests.test_iteration16_hr_payroll.TestMasterJabatan" name="test_update_jabatan" time="0.215" /><testcase classname="backend.tests.test_iteration16_hr_payroll.TestMasterShift" name="test_list_shifts" time="0.103" /><testcase classname="backend.tests.test_iteration16_hr_payroll.TestMasterShift" name="test_create_shift" time="0.109" /><testcase classname="backend.tests.test_iteration16_hr_payroll.TestMasterShift" name="test_update_shift" time="0.215" /><testcase classname="backend.tests.test_iteration16_hr_payroll.TestMasterLokasiAbsensi" name="test_list_lokasi_absensi" time="0.101" /><testcase classname="backend.tests.test_iteration16_hr_payroll.TestMasterLokasiAbsensi" name="test_create_lokasi_absensi" time="0.112" /><testcase classname="backend.tests.test_iteration16_hr_payroll.TestMasterLokasiAbsensi" name="test_update_lokasi_absensi" time="0.234" /><testcase classname="backend.tests.test_iteration16_hr_payroll.TestPayrollRules" name="test_list_payroll_rules" time="0.097" /><testcase classname="backend.tests.test_iteration16_hr_payroll.TestPayrollRules" name="test_create_payroll_rule" time="0.114" /><testcase classname="backend.tests.test_iteration16_hr_payroll.TestEmployeeCRUD" name="test_list_employees" time="0.097" /><testcase classname="backend.tests.test_iteration16_hr_payroll.TestEmployeeCRUD" name="test_create_employee" time="0.102" /><testcase classname="backend.tests.test_iteration16_hr_payroll.TestEmployeeCRUD" name="test_get_employee_by_id" time="0.099"><failure message="assert 400 == 200&#10; +  where 400 = &lt;Response [400]&gt;.status_code">backend/tests/test_iteration16_hr_payroll.py:259: in test_get_employee_by_id
    emp_id = self.test_create_employee()
             ^^^^^^^^^^^^^^^^^^^^^^^^^^^
backend/tests/test_iteration16_hr_payroll.py:250: in test_create_employee
    assert response.status_code == 200
E   assert 400 == 200
E    +  where 400 = &lt;Response [400]&gt;.status_code</failure></testcase><testcase classname="backend.tests.test_iteration16_hr_payroll.TestEmployeeCRUD" name="test_update_employee" time="0.203" /><testcase classname="backend.tests.test_iteration16_hr_payroll.TestEmployeeCRUD" name="test_delete_employee" time="0.200" /><testcase classname="backend.tests.test_iteration16_hr_payroll.TestAttendance" name="test_check_in" time="0.231" /><testcase classname="backend.tests.test_iteration16_hr_payroll.TestAttendance" name="test_check_out" time="0.216" /><testcase classname="backend.tests.test_iteration16_hr_payroll.TestAttendance" name="test_list_attendance" time="0.112" /><testcase classname="backend.tests.test_iteration16_hr_payroll.TestAttendance" name="test_daily_summary" time="0.102" /><testcase classname="backend.tests.test_iteration16_hr_payroll.TestIzinCuti" name="test_create_izin" time="0.236" /><testcase classname="backend.tests.test_iteration16_hr_payroll.TestIzinCuti" name="test_get_pending_approvals" time="0.115" /><testcase classname="backend.tests.test_iteration16_hr_payroll.TestIzinCuti" name="test_approve_izin" time="0.228" /><testcase classname="backend.tests.test_iteration16_hr_payroll.TestIzinCuti" name="test_approval_history" time="0.132" /><testcase classname="backend.tests.test_iteration16_hr_payroll.TestPayrollCalculation" name="test_payroll_dashboard_summary" time="0.123" /><testcase classname="backend.tests.test_iteration16_hr_payroll.TestPayrollCalculation" name="test_generate_payslip_json" time="0.212" /><testcase classname="backend.tests.test_iteration16_hr_payroll.TestStrukturOrganisasi" name="test_get_departments" time="0.107" /><testcase classname="backend.tests.test_iteration16_hr_payroll.TestStrukturOrganisasi" name="test_get_org_structure" time="0.131" /><testcase classname="backend.tests.test_iteration16_hr_payroll.TestStrukturOrganisasi" name="test_get_org_chart" time="0.115" /><testcase classname="backend.tests.test_iteration16_hr_payroll.TestStrukturOrganisasi" name="test_create_department" time="0.111" /><testcase classname="backend.tests.test_iteration16_hr_payroll.TestTrainingManagement" name="test_list_trainings" time="0.129" /><testcase classname="backend.tests.test_iteration16_hr_payroll.TestTrainingManagement" name="test_create_training" time="0.118" /><testcase classname="backend.tests.test_iteration16_hr_payroll.TestTrainingManagement" name="test_register_for_training" time="0.325" /><testcase classname="backend.tests.test_iteration16_hr_payroll.TestEmployeeRelations" name="test_get_employee_relations" time="0.200" /><testcase classname="backend.tests.test_iteration16_hr_payroll.TestHRDocuments" name="test_generate_sk_pengangkatan" time="0.224" /><testcase classname="backend.tests.test_iteration16_hr_payroll.TestHRDocuments" name="test_generate_surat_referensi" time="0.222" /><testcase classname="backend.tests.test_iteration16_hr_payroll.TestDropdownJabatanIntegration" name="test_jabatan_available_for_employee_form" time="0.120" /></testsuite></testsuites>