<?xml version="1.0" encoding="utf-8"?><testsuites name="pytest tests"><testsuite name="pytest" errors="0" failures="0" skipped="2" tests="17" time="8.942" timestamp="2026-03-15T23:40:36.965866+00:00" hostname="agent-env-e29b0808-ff2e-4cc8-9eb8-5c99a89c29cb"><testcase classname="tests.test_erp_stabilization_iter84.TestTenantIsolation" name="test_login_ocb_titan_jwt_contains_tenant_id" time="0.426" /><testcase classname="tests.test_erp_stabilization_iter84.TestTenantIsolation" name="test_login_ocb_unt_1_jwt_contains_tenant_id" time="0.363" /><testcase classname="tests.test_erp_stabilization_iter84.TestTenantIsolation" name="test_cross_request_tenant_isolation" time="1.074" /><testcase classname="tests.test_erp_stabilization_iter84.TestPurchaseModule" name="test_get_warehouses_for_dropdown" time="0.477" /><testcase classname="tests.test_erp_stabilization_iter84.TestPurchaseModule" name="test_get_employees_for_pic_dropdown" time="0.461" /><testcase classname="tests.test_erp_stabilization_iter84.TestPurchaseModule" name="test_get_cash_bank_accounts_for_payment_dropdown" time="0.439" /><testcase classname="tests.test_erp_stabilization_iter84.TestPurchaseModule" name="test_get_products_for_item_search" time="0.486" /><testcase classname="tests.test_erp_stabilization_iter84.TestPurchaseModule" name="test_get_suppliers_for_po" time="0.477" /><testcase classname="tests.test_erp_stabilization_iter84.TestPurchaseModule" name="test_create_po_validation_no_supplier" time="0.462" /><testcase classname="tests.test_erp_stabilization_iter84.TestPurchaseModule" name="test_purchase_orders_list" time="0.485" /><testcase classname="tests.test_erp_stabilization_iter84.TestAssemblyStockMovements" name="test_list_assembly_formulas" time="0.467" /><testcase classname="tests.test_erp_stabilization_iter84.TestAssemblyStockMovements" name="test_assembly_history_transactions" time="0.458" /><testcase classname="tests.test_erp_stabilization_iter84.TestAssemblyStockMovements" name="test_assembly_detail_has_stock_movements" time="0.460"><skipped type="pytest.skip" message="No POSTED assembly transactions to test">/app/backend/tests/test_erp_stabilization_iter84.py:239: No POSTED assembly transactions to test</skipped></testcase><testcase classname="tests.test_erp_stabilization_iter84.TestAssemblyStockMovements" name="test_assembly_reversal_creates_reversal_movements" time="0.579" /><testcase classname="tests.test_erp_stabilization_iter84.TestCancelTransactionReversal" name="test_po_cancel_uses_status_not_delete" time="0.665" /><testcase classname="tests.test_erp_stabilization_iter84.TestCancelTransactionReversal" name="test_assembly_draft_delete_is_soft_delete" time="0.610" /><testcase classname="tests.test_erp_stabilization_iter84.TestCancelTransactionReversal" name="test_assembly_posted_cannot_delete_must_reverse" time="0.463"><skipped type="pytest.skip" message="No POSTED assembly to test">/app/backend/tests/test_erp_stabilization_iter84.py:366: No POSTED assembly to test</skipped></testcase></testsuite></testsuites>