<?xml version="1.0" encoding="utf-8"?><testsuites name="pytest tests"><testsuite name="pytest" errors="0" failures="1" skipped="0" tests="17" time="8.585" timestamp="2026-03-20T17:18:27.832186+00:00" hostname="agent-env-e29b0808-ff2e-4cc8-9eb8-5c99a89c29cb"><testcase classname="backend.tests.test_inventory_audit_ssot_iter106.TestInventoryAuditSSOT" name="test_01_login_success" time="0.939" /><testcase classname="backend.tests.test_inventory_audit_ssot_iter106.TestInventoryAuditSSOT" name="test_02_daftar_item_accessible" time="0.459" /><testcase classname="backend.tests.test_inventory_audit_ssot_iter106.TestInventoryAuditSSOT" name="test_03_daftar_item_get_item_001001" time="0.428" /><testcase classname="backend.tests.test_inventory_audit_ssot_iter106.TestInventoryAuditSSOT" name="test_04_stok_barang_accessible" time="0.417" /><testcase classname="backend.tests.test_inventory_audit_ssot_iter106.TestInventoryAuditSSOT" name="test_05_stok_barang_get_item_001001" time="0.504" /><testcase classname="backend.tests.test_inventory_audit_ssot_iter106.TestInventoryAuditSSOT" name="test_06_stok_barang_no_default_branch_filter" time="0.421" /><testcase classname="backend.tests.test_inventory_audit_ssot_iter106.TestInventoryAuditSSOT" name="test_07_kartu_stok_accessible" time="0.423" /><testcase classname="backend.tests.test_inventory_audit_ssot_iter106.TestInventoryAuditSSOT" name="test_08_kartu_stok_get_item_001001" time="0.430" /><testcase classname="backend.tests.test_inventory_audit_ssot_iter106.TestInventoryAuditSSOT" name="test_09_low_stock_alerts_accessible" time="0.440" /><testcase classname="backend.tests.test_inventory_audit_ssot_iter106.TestInventoryAuditSSOT" name="test_10_transfer_validation_uses_ssot" time="0.531" /><testcase classname="backend.tests.test_inventory_audit_ssot_iter106.TestInventoryAuditSSOT" name="test_11_three_module_stock_sync" time="0.360" /><testcase classname="backend.tests.test_inventory_audit_ssot_iter106.TestInventoryAuditSSOT" name="test_12_reconcile_10_items_across_modules" time="0.620"><failure message="AssertionError: Only 30% items match, expected &gt;=80%&#10;assert 0.3 &gt;= 0.8">backend/tests/test_inventory_audit_ssot_iter106.py:330: in test_12_reconcile_10_items_across_modules
    assert match_rate &gt;= 0.8, f"Only {match_rate*100:.0f}% items match, expected &gt;=80%"
E   AssertionError: Only 30% items match, expected &gt;=80%
E   assert 0.3 &gt;= 0.8</failure></testcase><testcase classname="backend.tests.test_inventory_audit_ssot_iter106.TestInventoryAuditSSOT" name="test_13_backward_compat_item_id_product_id" time="0.419" /><testcase classname="backend.tests.test_inventory_audit_ssot_iter106.TestInventoryAuditSSOT" name="test_14_calculated_stock_endpoint" time="0.556" /><testcase classname="backend.tests.test_inventory_audit_ssot_iter106.TestInventoryQueryPatterns" name="test_15_stok_barang_with_branch_filter" time="0.555" /><testcase classname="backend.tests.test_inventory_audit_ssot_iter106.TestInventoryQueryPatterns" name="test_16_daftar_item_search_function" time="0.474" /><testcase classname="backend.tests.test_inventory_audit_ssot_iter106.TestInventoryQueryPatterns" name="test_17_stok_barang_pagination" time="0.514" /></testsuite></testsuites>