<?xml version="1.0" encoding="utf-8"?><testsuites name="pytest tests"><testsuite name="pytest" errors="0" failures="0" skipped="0" tests="37" time="9.528" timestamp="2026-03-10T15:28:34.390457+00:00" hostname="agent-env-e29b0808-ff2e-4cc8-9eb8-5c99a89c29cb"><testcase classname="backend.tests.test_final_audit_iteration21.TestAuthAndSetup" name="test_login" time="0.504" /><testcase classname="backend.tests.test_final_audit_iteration21.TestMasterDataCRUD" name="test_categories_list" time="0.488" /><testcase classname="backend.tests.test_final_audit_iteration21.TestMasterDataCRUD" name="test_categories_create" time="0.126" /><testcase classname="backend.tests.test_final_audit_iteration21.TestMasterDataCRUD" name="test_categories_update_partial" time="0.415" /><testcase classname="backend.tests.test_final_audit_iteration21.TestMasterDataCRUD" name="test_units_list" time="0.114" /><testcase classname="backend.tests.test_final_audit_iteration21.TestMasterDataCRUD" name="test_units_create" time="0.126" /><testcase classname="backend.tests.test_final_audit_iteration21.TestMasterDataCRUD" name="test_units_update_partial" time="0.219" /><testcase classname="backend.tests.test_final_audit_iteration21.TestMasterDataCRUD" name="test_brands_list" time="0.146" /><testcase classname="backend.tests.test_final_audit_iteration21.TestMasterDataCRUD" name="test_brands_create" time="0.194" /><testcase classname="backend.tests.test_final_audit_iteration21.TestMasterDataCRUD" name="test_brands_update_partial" time="0.230" /><testcase classname="backend.tests.test_final_audit_iteration21.TestStockMovements" name="test_stock_list" time="0.435" /><testcase classname="backend.tests.test_final_audit_iteration21.TestStockMovements" name="test_stock_movements_list" time="0.140" /><testcase classname="backend.tests.test_final_audit_iteration21.TestStockMovements" name="test_low_stock_alerts" time="0.126" /><testcase classname="backend.tests.test_final_audit_iteration21.TestInventoryReport" name="test_inventory_report" time="0.508" /><testcase classname="backend.tests.test_final_audit_iteration21.TestExportAdvanced" name="test_export_products_xlsx" time="0.460" /><testcase classname="backend.tests.test_final_audit_iteration21.TestExportAdvanced" name="test_export_employees_xlsx" time="0.156" /><testcase classname="backend.tests.test_final_audit_iteration21.TestExportAdvanced" name="test_export_transactions_csv" time="0.212" /><testcase classname="backend.tests.test_final_audit_iteration21.TestExportAdvanced" name="test_export_employee_ranking" time="0.122" /><testcase classname="backend.tests.test_final_audit_iteration21.TestHRModule" name="test_employees_list" time="0.473" /><testcase classname="backend.tests.test_final_audit_iteration21.TestHRModule" name="test_attendance_v2_permissions" time="0.116" /><testcase classname="backend.tests.test_final_audit_iteration21.TestHRModule" name="test_payroll_auto_list" time="0.111" /><testcase classname="backend.tests.test_final_audit_iteration21.TestAIModules" name="test_ai_command_center_dashboard" time="0.472" /><testcase classname="backend.tests.test_final_audit_iteration21.TestAIModules" name="test_ai_cfo_dashboard" time="0.129" /><testcase classname="backend.tests.test_final_audit_iteration21.TestAIModules" name="test_ai_employee_ranking" time="0.264" /><testcase classname="backend.tests.test_final_audit_iteration21.TestAccounting" name="test_coa_list" time="0.449" /><testcase classname="backend.tests.test_final_audit_iteration21.TestAccounting" name="test_journals_list" time="0.142" /><testcase classname="backend.tests.test_final_audit_iteration21.TestAccounting" name="test_trial_balance" time="0.150" /><testcase classname="backend.tests.test_final_audit_iteration21.TestAccounting" name="test_balance_sheet" time="0.111" /><testcase classname="backend.tests.test_final_audit_iteration21.TestAccounting" name="test_income_statement" time="0.112" /><testcase classname="backend.tests.test_final_audit_iteration21.TestReports" name="test_sales_report" time="0.455" /><testcase classname="backend.tests.test_final_audit_iteration21.TestReports" name="test_cash_report" time="0.128" /><testcase classname="backend.tests.test_final_audit_iteration21.TestReports" name="test_receivables_report" time="0.115" /><testcase classname="backend.tests.test_final_audit_iteration21.TestReports" name="test_payables_report" time="0.109" /><testcase classname="backend.tests.test_final_audit_iteration21.TestDataConsistency" name="test_branches_count" time="0.506" /><testcase classname="backend.tests.test_final_audit_iteration21.TestDataConsistency" name="test_products_count" time="0.114" /><testcase classname="backend.tests.test_final_audit_iteration21.TestDataConsistency" name="test_sales_report_has_data" time="0.131" /><testcase classname="backend.tests.test_final_audit_iteration21.TestCleanup" name="test_cleanup_test_categories" time="0.624" /></testsuite></testsuites>