<?xml version="1.0" encoding="utf-8"?><testsuites name="pytest tests"><testsuite name="pytest" errors="0" failures="0" skipped="0" tests="13" time="4.533" timestamp="2026-03-13T17:01:51.119978+00:00" hostname="agent-env-e29b0808-ff2e-4cc8-9eb8-5c99a89c29cb"><testcase classname="tests.test_tenant_registry_iter62.TestBusinessListAPI" name="test_business_list_returns_200" time="0.195" /><testcase classname="tests.test_tenant_registry_iter62.TestBusinessListAPI" name="test_business_list_returns_exactly_5_tenants" time="0.153" /><testcase classname="tests.test_tenant_registry_iter62.TestBusinessListAPI" name="test_all_expected_tenants_present" time="0.118" /><testcase classname="tests.test_tenant_registry_iter62.TestBusinessListAPI" name="test_excluded_tenants_not_present" time="0.118" /><testcase classname="tests.test_tenant_registry_iter62.TestBusinessListAPI" name="test_each_tenant_has_business_type" time="0.134" /><testcase classname="tests.test_tenant_registry_iter62.TestBusinessListAPI" name="test_business_type_values_correct" time="0.123" /><testcase classname="tests.test_tenant_registry_iter62.TestTenantSwitchAndLogin" name="test_switch_to_ocb_baju" time="0.170" /><testcase classname="tests.test_tenant_registry_iter62.TestTenantSwitchAndLogin" name="test_switch_to_ocb_counter" time="0.133" /><testcase classname="tests.test_tenant_registry_iter62.TestTenantSwitchAndLogin" name="test_login_to_ocb_baju" time="0.505" /><testcase classname="tests.test_tenant_registry_iter62.TestTenantSwitchAndLogin" name="test_login_to_ocb_counter" time="0.504" /><testcase classname="tests.test_tenant_registry_iter62.TestCreateUserInTenants" name="test_create_user_in_ocb_baju" time="0.733" /><testcase classname="tests.test_tenant_registry_iter62.TestCreateUserInTenants" name="test_create_user_in_ocb_counter" time="0.749" /><testcase classname="tests.test_tenant_registry_iter62.TestCreateUserInTenants" name="test_create_user_in_ocb_titan" time="0.825" /></testsuite></testsuites>