<?xml version="1.0" encoding="utf-8"?><testsuites name="pytest tests"><testsuite name="pytest" errors="0" failures="0" skipped="0" tests="7" time="3.632" timestamp="2026-03-14T07:52:18.753922+00:00" hostname="agent-env-e29b0808-ff2e-4cc8-9eb8-5c99a89c29cb"><testcase classname="backend.tests.test_ap_payment_iter63.TestAPPaymentSystem" name="test_01_cash_bank_accounts_at_least_5" time="0.503" /><testcase classname="backend.tests.test_ap_payment_iter63.TestAPPaymentSystem" name="test_02_ap_list_endpoint" time="0.467" /><testcase classname="backend.tests.test_ap_payment_iter63.TestAPPaymentSystem" name="test_03_ap_with_outstanding_exists" time="0.442" /><testcase classname="backend.tests.test_ap_payment_iter63.TestAPPaymentSystem" name="test_04_ap_payment_creates_journal" time="0.761" /><testcase classname="backend.tests.test_ap_payment_iter63.TestAPButtons" name="test_05_soft_delete_endpoint_exists" time="0.474" /><testcase classname="backend.tests.test_ap_payment_iter63.TestAPSummaryDashboard" name="test_06_summary_dashboard" time="0.437" /><testcase classname="backend.tests.test_ap_payment_iter63.TestAPSummaryDashboard" name="test_07_aging_report" time="0.442" /></testsuite></testsuites>